<testsuites id="" name="" tests="370" failures="5" skipped="22" errors="1" time="2128.8351860000002">
<testsuite name="src\infra\auth.setup.ts" timestamp="2026-06-01T14:53:32.688Z" hostname="setup" tests="1" failures="0" skipped="0" time="36.567" errors="0">
<testcase name="acquire shared auth state" classname="src\infra\auth.setup.ts" time="36.567">
<system-out>
<![CDATA[[auth.setup] existing state stale -> refresh under lock
2026-06-01 14:53:41 [12556] INFO  AutomationFramework - Loading credentials from env source
2026-06-01 14:53:41 [12556] INFO  AutomationFramework - [OK] Credentials loaded for: s-prd-clickauto@psav.com
2026-06-01 14:53:46 [12556] INFO  AutomationFramework - LoginPage constructed for Navigator Cloud
2026-06-01 14:53:46 [12556] INFO  AutomationFramework - Starting Microsoft SSO login for s-prd-clickauto@psav.com
2026-06-01 14:53:46 [12556] INFO  AutomationFramework - Waiting for Navigator Cloud sign-in page...
2026-06-01 14:53:46 [12556] INFO  AutomationFramework - [OK] Clicked "Continue Now" on Navigator Cloud sign-in page
2026-06-01 14:53:46 [12556] INFO  AutomationFramework - Waiting for Microsoft login page...
2026-06-01 14:54:00 [12556] INFO  AutomationFramework - [OK] Microsoft login page loaded
2026-06-01 14:54:00 [12556] INFO  AutomationFramework - Entering email...
2026-06-01 14:54:01 [12556] INFO  AutomationFramework - Waiting for password field...
2026-06-01 14:54:01 [12556] INFO  AutomationFramework - Entering password...
2026-06-01 14:54:02 [12556] INFO  AutomationFramework - "Stay signed in?" prompt detected, clicking Yes...
2026-06-01 14:54:03 [12556] INFO  AutomationFramework - [OK] "Stay signed in" accepted
2026-06-01 14:54:03 [12556] INFO  AutomationFramework - Waiting for redirect to Navigator Cloud...
2026-06-01 14:54:06 [12556] INFO  AutomationFramework - [wait] Waiting for domcontentloaded after redirect...
2026-06-01 14:54:06 [12556] INFO  AutomationFramework - [wait] Waiting for full page load...
2026-06-01 14:54:06 [12556] INFO  AutomationFramework - [OK] Page load complete after redirect
2026-06-01 14:54:08 [12556] INFO  AutomationFramework - Authentication check: [OK] Authenticated -- URL: https://cloudapps-e2e.encoreglobal.com/navigator/locations/1121/home
2026-06-01 14:54:08 [12556] INFO  AutomationFramework - [OK] Microsoft SSO login successful
[auth.setup] login succeeded on attempt 1/3
[auth.setup] state saved -> C:\Users\rutvi\projects\encore_framework\clients\encore\.auth\encore-state.json
[auth.setup] state file validates -> session+csrf cookies present, not expired
]]>
</system-out>
</testcase>
</testsuite>
<testsuite name="specs\local-office\local-office-ect.spec.ts" timestamp="2026-06-01T14:53:32.688Z" hostname="encore-local-office" tests="17" failures="0" skipped="0" time="64.878" errors="0">
<testcase name="Local Office Settings — ECT Settings @locations @local-office-ect › TC-LOS-ECT-001: ECT tab — location name, commission link, currency selector" classname="specs\local-office\local-office-ect.spec.ts" time="7.842">
<system-out>
<![CDATA[2026-06-01 14:54:10 [14804] INFO  AutomationFramework - Loading credentials from env source
2026-06-01 14:54:10 [14804] INFO  AutomationFramework - [OK] Credentials loaded for: s-prd-clickauto@psav.com
2026-06-01 14:54:17 [14804] INFO  AutomationFramework - [OK] Authenticated session ready via shared storageState
2026-06-01 14:54:17 [14804] INFO  AutomationFramework - Navigating to: https://cloudapps-e2e.encoreglobal.com/navigator/locations/1604/settings/local-office
2026-06-01 14:54:18 [14804] INFO  AutomationFramework - [OK] Navigation successful: https://cloudapps-e2e.encoreglobal.com/navigator/locations/1604/settings/local-office
2026-06-01 14:54:23 [14804] INFO  AutomationFramework - [OK] Tab active: tabBasicInformation
2026-06-01 14:54:25 [14804] INFO  AutomationFramework - Text content from lblEctLocationName: 1604 - Parker Palm Springs...
]]>
</system-out>
</testcase>
<testcase name="Local Office Settings — ECT Settings @locations @local-office-ect › TC-LOS-ECT-002: Currency selector — contains USD" classname="specs\local-office\local-office-ect.spec.ts" time="0.222">
<properties>
<property name="dependsOn" value="TC-LOS-ECT-001">
</property>
</properties>
</testcase>
<testcase name="Local Office Settings — ECT Settings @locations @local-office-ect › TC-LOS-ECT-003: Event Profit Target — label visible, read-only" classname="specs\local-office\local-office-ect.spec.ts" time="0.029">
<properties>
<property name="dependsOn" value="TC-LOS-ECT-001">
</property>
</properties>
<system-out>
<![CDATA[2026-06-01 14:54:25 [14804] INFO  AutomationFramework - Text content from lblEventProfitTarget: Event Profit Target...
]]>
</system-out>
</testcase>
<testcase name="Local Office Settings — ECT Settings @locations @local-office-ect › TC-LOS-ECT-004: Fixed cost display fields — 7 correct values" classname="specs\local-office\local-office-ect.spec.ts" time="0.181">
<properties>
<property name="dependsOn" value="TC-LOS-ECT-001">
</property>
</properties>
</testcase>
<testcase name="Local Office Settings — ECT Settings @locations @local-office-ect › TC-LOS-ECT-005: Benefits Multiplier — edit, save, persist" classname="specs\local-office\local-office-ect.spec.ts" time="4.15">
<properties>
<property name="dependsOn" value="TC-LOS-ECT-001">
</property>
</properties>
<system-out>
<![CDATA[2026-06-01 14:54:26 [14804] INFO  AutomationFramework - [OK] Save button disabled (btnSaveFixedCosts) — save complete, form pristine
2026-06-01 14:54:30 [14804] INFO  AutomationFramework - [OK] Save button disabled (btnSaveFixedCosts) — save complete, form pristine
]]>
</system-out>
</testcase>
<testcase name="Local Office Settings — ECT Settings @locations @local-office-ect › TC-LOS-ECT-006: Historical Subrental % — editable" classname="specs\local-office\local-office-ect.spec.ts" time="5.385">
<properties>
<property name="dependsOn" value="TC-LOS-ECT-001">
</property>
</properties>
<system-out>
<![CDATA[2026-06-01 14:54:30 [14804] INFO  AutomationFramework - Navigating to: https://cloudapps-e2e.encoreglobal.com/navigator/locations/1604/settings/local-office
2026-06-01 14:54:30 [14804] INFO  AutomationFramework - [fixture] Auto-accepting beforeunload dialog
2026-06-01 14:54:30 [14804] INFO  AutomationFramework - [dialog] Auto-accepting beforeunload dialog during safe navigation
2026-06-01 14:54:30 [14804] INFO  AutomationFramework - [dialog] Beforeunload dialog already handled by another listener
2026-06-01 14:54:30 [14804] INFO  AutomationFramework - [OK] Navigation successful: https://cloudapps-e2e.encoreglobal.com/navigator/locations/1604/settings/local-office
]]>
</system-out>
</testcase>
<testcase name="Local Office Settings — ECT Settings @locations @local-office-ect › TC-LOS-ECT-007: Two independent Save buttons" classname="specs\local-office\local-office-ect.spec.ts" time="6.45">
<properties>
<property name="dependsOn" value="TC-LOS-ECT-001">
</property>
</properties>
<system-out>
<![CDATA[2026-06-01 14:54:35 [14804] INFO  AutomationFramework - [OK] Tab active: tabBasicInformation
2026-06-01 14:54:37 [14804] INFO  AutomationFramework - Navigating to: https://cloudapps-e2e.encoreglobal.com/navigator/locations/1604/settings/local-office
2026-06-01 14:54:37 [14804] INFO  AutomationFramework - [fixture] Auto-accepting beforeunload dialog
2026-06-01 14:54:37 [14804] INFO  AutomationFramework - [dialog] Auto-accepting beforeunload dialog during safe navigation
2026-06-01 14:54:37 [14804] INFO  AutomationFramework - [dialog] Beforeunload dialog already handled by another listener
2026-06-01 14:54:38 [14804] INFO  AutomationFramework - [OK] Navigation successful: https://cloudapps-e2e.encoreglobal.com/navigator/locations/1604/settings/local-office
]]>
</system-out>
</testcase>
<testcase name="Local Office Settings — ECT Settings @locations @local-office-ect › TC-LOS-ECT-008: Labor Cost Assumptions — class read-only, cost editable" classname="specs\local-office\local-office-ect.spec.ts" time="0.067">
<properties>
<property name="dependsOn" value="TC-LOS-ECT-001">
</property>
</properties>
<system-out>
<![CDATA[2026-06-01 14:54:41 [14804] INFO  AutomationFramework - Text content from lblLaborCostAssumptions: Labor Cost Assumptions...
]]>
</system-out>
</testcase>
<testcase name="Local Office Settings — ECT Settings @locations @local-office-ect › TC-LOS-ECT-009: Labor cost — edit, save, persist" classname="specs\local-office\local-office-ect.spec.ts" time="6.04">
<properties>
<property name="dependsOn" value="TC-LOS-ECT-001">
</property>
</properties>
<system-out>
<![CDATA[2026-06-01 14:54:42 [14804] INFO  AutomationFramework - [OK] Tab active: tabBasicInformation
2026-06-01 14:54:44 [14804] INFO  AutomationFramework - [OK] Save button disabled (btnSaveLaborCosts) — save complete, form pristine
2026-06-01 14:54:48 [14804] INFO  AutomationFramework - [OK] Save button disabled (btnSaveLaborCosts) — save complete, form pristine
]]>
</system-out>
</testcase>
<testcase name="Local Office Settings — ECT Settings @locations @local-office-ect › TC-LOS-ECT-010: Labor cost — non-numeric reverts silently" classname="specs\local-office\local-office-ect.spec.ts" time="0.261">
<properties>
<property name="dependsOn" value="TC-LOS-ECT-001">
</property>
</properties>
</testcase>
<testcase name="Local Office Settings — ECT Settings @locations @local-office-ect › TC-LOS-ECT-011: SubRental Matrix — label visible, read-only" classname="specs\local-office\local-office-ect.spec.ts" time="0.05">
<properties>
<property name="dependsOn" value="TC-LOS-ECT-001">
</property>
</properties>
<system-out>
<![CDATA[2026-06-01 14:54:48 [14804] INFO  AutomationFramework - Text content from lblSubRentalMatrix: SubRental Matrix...
]]>
</system-out>
</testcase>
<testcase name="Local Office Settings — ECT Settings @locations @local-office-ect › TC-LOS-ECT-012: ECT Save — no confirmation dialog, no unsaved dialog after" classname="specs\local-office\local-office-ect.spec.ts" time="4.326">
<properties>
<property name="dependsOn" value="TC-LOS-ECT-001">
</property>
</properties>
<system-out>
<![CDATA[2026-06-01 14:54:49 [14804] INFO  AutomationFramework - [OK] Save button disabled (btnSaveFixedCosts) — save complete, form pristine
2026-06-01 14:54:49 [14804] INFO  AutomationFramework - Dismissed "Unsaved changes" alertdialog
2026-06-01 14:54:52 [14804] INFO  AutomationFramework - [OK] Save button disabled (btnSaveFixedCosts) — save complete, form pristine
]]>
</system-out>
</testcase>
<testcase name="Local Office Settings — ECT Settings @locations @local-office-ect › TC-LOS-ECT-013: Historical Subrental % — edit, save, persist" classname="specs\local-office\local-office-ect.spec.ts" time="4.126">
<properties>
<property name="dependsOn" value="TC-LOS-ECT-001">
</property>
</properties>
<system-out>
<![CDATA[2026-06-01 14:54:53 [14804] INFO  AutomationFramework - [OK] Save button disabled (btnSaveFixedCosts) — save complete, form pristine
2026-06-01 14:54:56 [14804] INFO  AutomationFramework - [OK] Save button disabled (btnSaveFixedCosts) — save complete, form pristine
]]>
</system-out>
</testcase>
<testcase name="Local Office Settings — ECT Settings @locations @local-office-ect › TC-LOS-ECT-014: Labor cost Middle row (index 33) — persistence" classname="specs\local-office\local-office-ect.spec.ts" time="5.948">
<properties>
<property name="dependsOn" value="TC-LOS-ECT-001">
</property>
</properties>
<system-out>
<![CDATA[2026-06-01 14:54:57 [14804] INFO  AutomationFramework - [OK] Tab active: tabBasicInformation
2026-06-01 14:54:59 [14804] INFO  AutomationFramework - [OK] Save button disabled (btnSaveLaborCosts) — save complete, form pristine
2026-06-01 14:55:02 [14804] INFO  AutomationFramework - [OK] Save button disabled (btnSaveLaborCosts) — save complete, form pristine
]]>
</system-out>
</testcase>
<testcase name="Local Office Settings — ECT Settings @locations @local-office-ect › TC-LOS-ECT-015: Labor cost Last row (index 65) — persistence" classname="specs\local-office\local-office-ect.spec.ts" time="6.018">
<properties>
<property name="dependsOn" value="TC-LOS-ECT-001">
</property>
</properties>
<system-out>
<![CDATA[2026-06-01 14:55:03 [14804] INFO  AutomationFramework - [OK] Tab active: tabBasicInformation
2026-06-01 14:55:05 [14804] INFO  AutomationFramework - [OK] Save button disabled (btnSaveLaborCosts) — save complete, form pristine
2026-06-01 14:55:08 [14804] INFO  AutomationFramework - [OK] Save button disabled (btnSaveLaborCosts) — save complete, form pristine
]]>
</system-out>
</testcase>
<testcase name="Local Office Settings — ECT Settings @locations @local-office-ect › TC-LOS-ECT-016: Multi-field Fixed Costs — single save persists both BM and HS" classname="specs\local-office\local-office-ect.spec.ts" time="9.31">
<properties>
<property name="dependsOn" value="TC-LOS-ECT-001">
</property>
</properties>
<system-out>
<![CDATA[2026-06-01 14:55:09 [14804] INFO  AutomationFramework - [OK] Tab active: tabBasicInformation
2026-06-01 14:55:11 [14804] INFO  AutomationFramework - [OK] Save button disabled (btnSaveFixedCosts) — save complete, form pristine
2026-06-01 14:55:11 [14804] INFO  AutomationFramework - Navigating to: https://cloudapps-e2e.encoreglobal.com/navigator/locations/1604/settings/local-office
2026-06-01 14:55:12 [14804] INFO  AutomationFramework - [OK] Navigation successful: https://cloudapps-e2e.encoreglobal.com/navigator/locations/1604/settings/local-office
2026-06-01 14:55:18 [14804] INFO  AutomationFramework - [OK] Save button disabled (btnSaveFixedCosts) — save complete, form pristine
]]>
</system-out>
</testcase>
<testcase name="Local Office Settings — ECT Settings @locations @local-office-ect › TC-LOS-ECT-017: Discard unsaved changes — no persistence" classname="specs\local-office\local-office-ect.spec.ts" time="4.473">
<properties>
<property name="dependsOn" value="TC-LOS-ECT-001">
</property>
</properties>
<system-out>
<![CDATA[2026-06-01 14:55:18 [14804] INFO  AutomationFramework - [OK] Tab active: tabBasicInformation
]]>
</system-out>
</testcase>
</testsuite>
<testsuite name="specs\local-office\local-office-history.spec.ts" timestamp="2026-06-01T14:53:32.688Z" hostname="encore-local-office" tests="7" failures="1" skipped="0" time="15.891" errors="0">
<testcase name="Local Office Settings — History Tab @locations @local-office-history › TC-LOS-HIS-001: History tab — type selector and table visible" classname="specs\local-office\local-office-history.spec.ts" time="4.289">
<system-out>
<![CDATA[2026-06-01 14:55:22 [14804] INFO  AutomationFramework - [OK] Tab active: tabBasicInformation
]]>
</system-out>
</testcase>
<testcase name="Local Office Settings — History Tab @locations @local-office-history › TC-LOS-HIS-002: History table has column headers" classname="specs\local-office\local-office-history.spec.ts" time="0.042">
<properties>
<property name="dependsOn" value="TC-LOS-HIS-001">
</property>
</properties>
</testcase>
<testcase name="Local Office Settings — History Tab @locations @local-office-history › TC-LOS-HIS-003: History table has data for office 1604" classname="specs\local-office\local-office-history.spec.ts" time="0.038">
<properties>
<property name="dependsOn" value="TC-LOS-HIS-001">
</property>
</properties>
</testcase>
<testcase name="Local Office Settings — History Tab @locations @local-office-history › TC-LOS-HIS-004: History type selector — 2 options" classname="specs\local-office\local-office-history.spec.ts" time="0.237">
<properties>
<property name="dependsOn" value="TC-LOS-HIS-001">
</property>
</properties>
</testcase>
<testcase name="Local Office Settings — History Tab @locations @local-office-history › TC-LOS-HIS-005: Pagination controls present" classname="specs\local-office\local-office-history.spec.ts" time="0.047">
<properties>
<property name="dependsOn" value="TC-LOS-HIS-001">
</property>
</properties>
</testcase>
<testcase name="Local Office Settings — History Tab @locations @local-office-history › TC-LOS-HIS-006: History tab is read-only — no Save, no editable fields" classname="specs\local-office\local-office-history.spec.ts" time="6.31">
<properties>
<property name="dependsOn" value="TC-LOS-HIS-001">
</property>
</properties>
<system-out>
<![CDATA[
[[ATTACHMENT|test-results\local-office-history-Local-c0425--no-Save-no-editable-fields-encore-local-office\test-failed-1.png]]

[[ATTACHMENT|test-results\local-office-history-Local-c0425--no-Save-no-editable-fields-encore-local-office\error-context.md]]

[[ATTACHMENT|test-results\local-office-history-Local-c0425--no-Save-no-editable-fields-encore-local-office\trace.zip]]
2026-06-01 14:55:29 [12476] INFO  AutomationFramework - Loading credentials from env source
2026-06-01 14:55:29 [12476] INFO  AutomationFramework - [OK] Credentials loaded for: s-prd-clickauto@psav.com
2026-06-01 14:55:35 [12476] INFO  AutomationFramework - [OK] Authenticated session ready via shared storageState
2026-06-01 14:55:35 [12476] INFO  AutomationFramework - Navigating to: https://cloudapps-e2e.encoreglobal.com/navigator/locations/1604/settings/local-office
2026-06-01 14:55:37 [12476] INFO  AutomationFramework - [OK] Navigation successful: https://cloudapps-e2e.encoreglobal.com/navigator/locations/1604/settings/local-office

[[ATTACHMENT|test-results\local-office-history-Local-c0425--no-Save-no-editable-fields-encore-local-office-retry1\test-failed-1.png]]

[[ATTACHMENT|test-results\local-office-history-Local-c0425--no-Save-no-editable-fields-encore-local-office-retry1\error-context.md]]

[[ATTACHMENT|test-results\local-office-history-Local-c0425--no-Save-no-editable-fields-encore-local-office-retry1\trace.zip]]
]]>
</system-out>
<failure message="expect(received).toBe(expected) // Object.is equality" type="expect.toBe">
<![CDATA[  [encore-local-office] › specs\local-office\local-office-history.spec.ts:55:7 › Local Office Settings — History Tab @locations @local-office-history › TC-LOS-HIS-006: History tab is read-only — no Save, no editable fields 

    Error: expect(received).toBe(expected) // Object.is equality

    Expected: true
    Received: false

      55 |   test('TC-LOS-HIS-006: History tab is read-only — no Save, no editable fields', async ({ localOfficeHistoryPage, dependencyGate }) => {
      56 |     dependencyGate(['TC-LOS-HIS-001']);
    > 57 |     expect(await localOfficeHistoryPage.isHistoryTabReadOnly()).toBe(true);
         |                                                                 ^
      58 |   });
      59 |
      60 |   test('TC-LOS-HIS-007: Sort buttons present', async ({ localOfficeHistoryPage, dependencyGate }) => {
        at C:\Users\rutvi\projects\encore_framework\clients\encore\specs\local-office\local-office-history.spec.ts:57:65

    attachment #1: screenshot (image/png) ──────────────────────────────────────────────────────────
    reports\test-results\local-office-history-Local-c0425--no-Save-no-editable-fields-encore-local-office\test-failed-1.png
    ────────────────────────────────────────────────────────────────────────────────────────────────

    Error Context: reports\test-results\local-office-history-Local-c0425--no-Save-no-editable-fields-encore-local-office\error-context.md

    attachment #4: trace (application/zip) ─────────────────────────────────────────────────────────
    reports\test-results\local-office-history-Local-c0425--no-Save-no-editable-fields-encore-local-office\trace.zip
    Usage:

        npx playwright show-trace reports\test-results\local-office-history-Local-c0425--no-Save-no-editable-fields-encore-local-office\trace.zip

    ────────────────────────────────────────────────────────────────────────────────────────────────

    Retry #1 ───────────────────────────────────────────────────────────────────────────────────────

    Error: expect(received).toBe(expected) // Object.is equality

    Expected: true
    Received: false

      55 |   test('TC-LOS-HIS-006: History tab is read-only — no Save, no editable fields', async ({ localOfficeHistoryPage, dependencyGate }) => {
      56 |     dependencyGate(['TC-LOS-HIS-001']);
    > 57 |     expect(await localOfficeHistoryPage.isHistoryTabReadOnly()).toBe(true);
         |                                                                 ^
      58 |   });
      59 |
      60 |   test('TC-LOS-HIS-007: Sort buttons present', async ({ localOfficeHistoryPage, dependencyGate }) => {
        at C:\Users\rutvi\projects\encore_framework\clients\encore\specs\local-office\local-office-history.spec.ts:57:65

    attachment #1: screenshot (image/png) ──────────────────────────────────────────────────────────
    reports\test-results\local-office-history-Local-c0425--no-Save-no-editable-fields-encore-local-office-retry1\test-failed-1.png
    ────────────────────────────────────────────────────────────────────────────────────────────────

    Error Context: reports\test-results\local-office-history-Local-c0425--no-Save-no-editable-fields-encore-local-office-retry1\error-context.md

    attachment #4: trace (application/zip) ─────────────────────────────────────────────────────────
    reports\test-results\local-office-history-Local-c0425--no-Save-no-editable-fields-encore-local-office-retry1\trace.zip
    Usage:

        npx playwright show-trace reports\test-results\local-office-history-Local-c0425--no-Save-no-editable-fields-encore-local-office-retry1\trace.zip

    ────────────────────────────────────────────────────────────────────────────────────────────────
]]>
</failure>
</testcase>
<testcase name="Local Office Settings — History Tab @locations @local-office-history › TC-LOS-HIS-007: Sort buttons present" classname="specs\local-office\local-office-history.spec.ts" time="4.928">
<properties>
<property name="dependsOn" value="TC-LOS-HIS-001">
</property>
</properties>
<system-out>
<![CDATA[2026-06-01 14:55:43 [35040] INFO  AutomationFramework - Loading credentials from env source
2026-06-01 14:55:43 [35040] INFO  AutomationFramework - [OK] Credentials loaded for: s-prd-clickauto@psav.com
2026-06-01 14:55:49 [35040] INFO  AutomationFramework - [OK] Authenticated session ready via shared storageState
2026-06-01 14:55:49 [35040] INFO  AutomationFramework - Navigating to: https://cloudapps-e2e.encoreglobal.com/navigator/locations/1604/settings/local-office
2026-06-01 14:55:49 [35040] INFO  AutomationFramework - [OK] Navigation successful: https://cloudapps-e2e.encoreglobal.com/navigator/locations/1604/settings/local-office
]]>
</system-out>
</testcase>
</testsuite>
<testsuite name="specs\local-office\local-office-settings.spec.ts" timestamp="2026-06-01T14:53:32.688Z" hostname="encore-local-office" tests="59" failures="0" skipped="1" time="194.974" errors="0">
<testcase name="Local Office Settings — Basic Information @locations @local-office-settings › TC-LOS-BAS-001: Page load — title, 3 tabs, Basic Info active, Save disabled" classname="specs\local-office\local-office-settings.spec.ts" time="0.532">
<system-out>
<![CDATA[2026-06-01 14:55:54 [35040] INFO  AutomationFramework - [OK] Tab active: tabBasicInformation
]]>
</system-out>
</testcase>
<testcase name="Local Office Settings — Basic Information @locations @local-office-settings › TC-LOS-BAS-002: Default date offsets — all 6 match expected values" classname="specs\local-office\local-office-settings.spec.ts" time="0.09">
<properties>
<property name="dependsOn" value="TC-LOS-BAS-001">
</property>
</properties>
</testcase>
<testcase name="Local Office Settings — Basic Information @locations @local-office-settings › TC-LOS-BAS-003: Save button disabled on fresh load" classname="specs\local-office\local-office-settings.spec.ts" time="0.021">
<properties>
<property name="dependsOn" value="TC-LOS-BAS-001">
</property>
</properties>
</testcase>
<testcase name="Local Office Settings — Basic Information @locations @local-office-settings › TC-LOS-BAS-004: Editing date offset enables Save" classname="specs\local-office\local-office-settings.spec.ts" time="0.41">
<properties>
<property name="dependsOn" value="TC-LOS-BAS-001">
</property>
</properties>
</testcase>
<testcase name="Local Office Settings — Basic Information @locations @local-office-settings › TC-LOS-BAS-005: Date offset — edit, save, persist after reload" classname="specs\local-office\local-office-settings.spec.ts" time="6.473">
<properties>
<property name="dependsOn" value="TC-LOS-BAS-001">
</property>
</properties>
<system-out>
<![CDATA[2026-06-01 14:55:55 [35040] INFO  AutomationFramework - [OK] Save button enabled
2026-06-01 14:55:55 [35040] INFO  AutomationFramework - Save confirmation dialog appeared -- confirming
2026-06-01 14:55:58 [35040] INFO  AutomationFramework - [OK] Save complete (btnSave)
2026-06-01 14:55:58 [35040] INFO  AutomationFramework - Navigating to: https://cloudapps-e2e.encoreglobal.com/navigator/locations/1604/settings/local-office
2026-06-01 14:55:58 [35040] INFO  AutomationFramework - [OK] Navigation successful: https://cloudapps-e2e.encoreglobal.com/navigator/locations/1604/settings/local-office
2026-06-01 14:56:00 [35040] INFO  AutomationFramework - [OK] Save button enabled
2026-06-01 14:56:00 [35040] INFO  AutomationFramework - Save confirmation dialog appeared -- confirming
2026-06-01 14:56:01 [35040] INFO  AutomationFramework - [OK] Save complete (btnSave)
]]>
</system-out>
</testcase>
<testcase name="Local Office Settings — Basic Information @locations @local-office-settings › TC-LOS-BAS-006: Non-numeric input triggers aria-invalid, Save disabled" classname="specs\local-office\local-office-settings.spec.ts" time="2.604">
<properties>
<property name="dependsOn" value="TC-LOS-BAS-001">
</property>
</properties>
<system-out>
<![CDATA[2026-06-01 14:56:02 [35040] INFO  AutomationFramework - Navigating to: https://cloudapps-e2e.encoreglobal.com/navigator/locations/1604/settings/local-office
2026-06-01 14:56:02 [35040] INFO  AutomationFramework - [OK] Navigation successful: https://cloudapps-e2e.encoreglobal.com/navigator/locations/1604/settings/local-office
]]>
</system-out>
</testcase>
<testcase name="Local Office Settings — Basic Information @locations @local-office-settings › TC-LOS-BAS-007: NM-1264 — Delivery &lt; Prep triggers aria-invalid on Delivery" classname="specs\local-office\local-office-settings.spec.ts" time="0.336">
<properties>
<property name="dependsOn" value="TC-LOS-BAS-001">
</property>
</properties>
</testcase>
<testcase name="Local Office Settings — Basic Information @locations @local-office-settings › TC-LOS-BAS-008: NM-1264 error recovery — correcting value clears error" classname="specs\local-office\local-office-settings.spec.ts" time="0.538">
<properties>
<property name="dependsOn" value="TC-LOS-BAS-001">
</property>
</properties>
</testcase>
<testcase name="Local Office Settings — Basic Information @locations @local-office-settings › TC-LOS-BAS-009: Negative value accepted for date offset" classname="specs\local-office\local-office-settings.spec.ts" time="0.47">
<properties>
<property name="dependsOn" value="TC-LOS-BAS-001">
</property>
</properties>
</testcase>
<testcase name="Local Office Settings — Basic Information @locations @local-office-settings › TC-LOS-BAS-010: Zero value accepted for date offset" classname="specs\local-office\local-office-settings.spec.ts" time="0.446">
<properties>
<property name="dependsOn" value="TC-LOS-BAS-001">
</property>
</properties>
</testcase>
<testcase name="Local Office Settings — Basic Information @locations @local-office-settings › TC-LOS-BAS-011: Checkbox default states — Fulfillment/QC/Labor/Job" classname="specs\local-office\local-office-settings.spec.ts" time="0.226">
<properties>
<property name="dependsOn" value="TC-LOS-BAS-001">
</property>
</properties>
</testcase>
<testcase name="Local Office Settings — Basic Information @locations @local-office-settings › TC-LOS-BAS-012: Fulfillment toggle cascades to QC enabled/disabled" classname="specs\local-office\local-office-settings.spec.ts" time="0.403">
<properties>
<property name="dependsOn" value="TC-LOS-BAS-001">
</property>
</properties>
<system-out>
<![CDATA[2026-06-01 14:56:06 [35040] INFO  AutomationFramework - Checked Radix checkbox: chkUseFulfillment
2026-06-01 14:56:07 [35040] INFO  AutomationFramework - Unchecked Radix checkbox: chkUseFulfillment
]]>
</system-out>
</testcase>
<testcase name="Local Office Settings — Basic Information @locations @local-office-settings › TC-LOS-BAS-013: Fulfillment checked + QC cascade persists after save" classname="specs\local-office\local-office-settings.spec.ts" time="4.507">
<properties>
<property name="dependsOn" value="TC-LOS-BAS-001">
</property>
</properties>
<system-out>
<![CDATA[2026-06-01 14:56:07 [35040] INFO  AutomationFramework - Checked Radix checkbox: chkUseFulfillment
2026-06-01 14:56:07 [35040] INFO  AutomationFramework - Save confirmation dialog appeared -- confirming
2026-06-01 14:56:08 [35040] INFO  AutomationFramework - [OK] Save complete (btnSave)
2026-06-01 14:56:08 [35040] INFO  AutomationFramework - Navigating to: https://cloudapps-e2e.encoreglobal.com/navigator/locations/1604/settings/local-office
2026-06-01 14:56:09 [35040] INFO  AutomationFramework - [OK] Navigation successful: https://cloudapps-e2e.encoreglobal.com/navigator/locations/1604/settings/local-office
2026-06-01 14:56:11 [35040] INFO  AutomationFramework - Unchecked Radix checkbox: chkUseFulfillment
2026-06-01 14:56:11 [35040] INFO  AutomationFramework - Save confirmation dialog appeared -- confirming
2026-06-01 14:56:11 [35040] INFO  AutomationFramework - [OK] Save complete (btnSave)
]]>
</system-out>
</testcase>
<testcase name="Local Office Settings — Basic Information @locations @local-office-settings › TC-LOS-BAS-014: Default Labor to Hourly toggle persists after save" classname="specs\local-office\local-office-settings.spec.ts" time="4.376">
<properties>
<property name="dependsOn" value="TC-LOS-BAS-001">
</property>
</properties>
<system-out>
<![CDATA[2026-06-01 14:56:12 [35040] INFO  AutomationFramework - Checked Radix checkbox: chkDefaultLaborToHourly
2026-06-01 14:56:12 [35040] INFO  AutomationFramework - Save confirmation dialog appeared -- confirming
2026-06-01 14:56:12 [35040] INFO  AutomationFramework - [OK] Save complete (btnSave)
2026-06-01 14:56:12 [35040] INFO  AutomationFramework - Navigating to: https://cloudapps-e2e.encoreglobal.com/navigator/locations/1604/settings/local-office
2026-06-01 14:56:13 [35040] INFO  AutomationFramework - [OK] Navigation successful: https://cloudapps-e2e.encoreglobal.com/navigator/locations/1604/settings/local-office
2026-06-01 14:56:15 [35040] INFO  AutomationFramework - Unchecked Radix checkbox: chkDefaultLaborToHourly
2026-06-01 14:56:15 [35040] INFO  AutomationFramework - Save confirmation dialog appeared -- confirming
2026-06-01 14:56:16 [35040] INFO  AutomationFramework - [OK] Save complete (btnSave)
]]>
</system-out>
</testcase>
<testcase name="Local Office Settings — Basic Information @locations @local-office-settings › TC-LOS-BAS-015: Empty Phone 1 triggers aria-invalid, Save disabled" classname="specs\local-office\local-office-settings.spec.ts" time="3.743">
<properties>
<property name="dependsOn" value="TC-LOS-BAS-001">
</property>
</properties>
<system-out>
<![CDATA[2026-06-01 14:56:16 [35040] INFO  AutomationFramework - Navigating to: https://cloudapps-e2e.encoreglobal.com/navigator/locations/1604/settings/local-office
2026-06-01 14:56:17 [35040] INFO  AutomationFramework - [OK] Navigation successful: https://cloudapps-e2e.encoreglobal.com/navigator/locations/1604/settings/local-office
]]>
</system-out>
</testcase>
<testcase name="Local Office Settings — Basic Information @locations @local-office-settings › TC-LOS-BAS-016: Phone 1 accepts non-phone format — no format validation" classname="specs\local-office\local-office-settings.spec.ts" time="3.321">
<properties>
<property name="dependsOn" value="TC-LOS-BAS-001">
</property>
</properties>
<system-out>
<![CDATA[2026-06-01 14:56:20 [35040] INFO  AutomationFramework - Navigating to: https://cloudapps-e2e.encoreglobal.com/navigator/locations/1604/settings/local-office
2026-06-01 14:56:21 [35040] INFO  AutomationFramework - [OK] Navigation successful: https://cloudapps-e2e.encoreglobal.com/navigator/locations/1604/settings/local-office
]]>
</system-out>
</testcase>
<testcase name="Local Office Settings — Basic Information @locations @local-office-settings › TC-LOS-BAS-017: Valid phone persists after save and reload" classname="specs\local-office\local-office-settings.spec.ts" time="4.664">
<properties>
<property name="dependsOn" value="TC-LOS-BAS-001">
</property>
</properties>
<system-out>
<![CDATA[2026-06-01 14:56:23 [35040] INFO  AutomationFramework - [OK] Save button enabled
2026-06-01 14:56:23 [35040] INFO  AutomationFramework - Save confirmation dialog appeared -- confirming
2026-06-01 14:56:23 [35040] INFO  AutomationFramework - [OK] Save complete (btnSave)
2026-06-01 14:56:23 [35040] INFO  AutomationFramework - Navigating to: https://cloudapps-e2e.encoreglobal.com/navigator/locations/1604/settings/local-office
2026-06-01 14:56:24 [35040] INFO  AutomationFramework - [OK] Navigation successful: https://cloudapps-e2e.encoreglobal.com/navigator/locations/1604/settings/local-office
2026-06-01 14:56:27 [35040] INFO  AutomationFramework - [OK] Save button enabled
2026-06-01 14:56:27 [35040] INFO  AutomationFramework - Save confirmation dialog appeared -- confirming
2026-06-01 14:56:27 [35040] INFO  AutomationFramework - [OK] Save complete (btnSave)
]]>
</system-out>
</testcase>
<testcase name="Local Office Settings — Basic Information @locations @local-office-settings › TC-LOS-BAS-018: Phone 1 error recovery — valid phone clears aria-invalid" classname="specs\local-office\local-office-settings.spec.ts" time="2.956">
<properties>
<property name="dependsOn" value="TC-LOS-BAS-001">
</property>
</properties>
<system-out>
<![CDATA[2026-06-01 14:56:27 [35040] INFO  AutomationFramework - Navigating to: https://cloudapps-e2e.encoreglobal.com/navigator/locations/1604/settings/local-office
2026-06-01 14:56:28 [35040] INFO  AutomationFramework - [OK] Navigation successful: https://cloudapps-e2e.encoreglobal.com/navigator/locations/1604/settings/local-office
]]>
</system-out>
</testcase>
<testcase name="Local Office Settings — Basic Information @locations @local-office-settings › TC-LOS-BAS-019: Phone 2 optional — empty does not trigger validation" classname="specs\local-office\local-office-settings.spec.ts" time="0.19">
<properties>
<property name="dependsOn" value="TC-LOS-BAS-001">
</property>
</properties>
</testcase>
<testcase name="Local Office Settings — Basic Information @locations @local-office-settings › TC-LOS-BAS-020: Default New Job 1 Day — 3 sub-checkboxes toggle independently" classname="specs\local-office\local-office-settings.spec.ts" time="0.768">
<properties>
<property name="dependsOn" value="TC-LOS-BAS-001">
</property>
</properties>
<system-out>
<![CDATA[2026-06-01 14:56:31 [35040] INFO  AutomationFramework - Checked Radix checkbox: chkDefaultJobOneDayEvent
2026-06-01 14:56:31 [35040] INFO  AutomationFramework - Checked Radix checkbox: chkDefaultJobOneDayOutside
2026-06-01 14:56:31 [35040] INFO  AutomationFramework - Checked Radix checkbox: chkDefaultJobOneDayInternal
2026-06-01 14:56:31 [35040] INFO  AutomationFramework - Unchecked Radix checkbox: chkDefaultJobOneDayEvent
2026-06-01 14:56:31 [35040] INFO  AutomationFramework - Unchecked Radix checkbox: chkDefaultJobOneDayOutside
2026-06-01 14:56:31 [35040] INFO  AutomationFramework - Unchecked Radix checkbox: chkDefaultJobOneDayInternal
]]>
</system-out>
</testcase>
<testcase name="Local Office Settings — Basic Information @locations @local-office-settings › TC-LOS-BAS-021: Default Order Type — 2 options (Event, Outside)" classname="specs\local-office\local-office-settings.spec.ts" time="0.227">
<properties>
<property name="dependsOn" value="TC-LOS-BAS-001">
</property>
</properties>
</testcase>
<testcase name="Local Office Settings — Basic Information @locations @local-office-settings › TC-LOS-BAS-022: Default Order Type — selection persists after save" classname="specs\local-office\local-office-settings.spec.ts" time="7.194">
<properties>
<property name="dependsOn" value="TC-LOS-BAS-001">
</property>
</properties>
<system-out>
<![CDATA[2026-06-01 14:56:32 [35040] INFO  AutomationFramework - [OK] Selected combobox option "Outside" for drpDefaultOrderType
2026-06-01 14:56:32 [35040] INFO  AutomationFramework - Save confirmation dialog appeared -- confirming
2026-06-01 14:56:33 [35040] INFO  AutomationFramework - [OK] Save complete (btnSave)
2026-06-01 14:56:33 [35040] INFO  AutomationFramework - Navigating to: https://cloudapps-e2e.encoreglobal.com/navigator/locations/1604/settings/local-office
2026-06-01 14:56:34 [35040] INFO  AutomationFramework - [OK] Navigation successful: https://cloudapps-e2e.encoreglobal.com/navigator/locations/1604/settings/local-office
2026-06-01 14:56:38 [35040] INFO  AutomationFramework - [OK] Selected combobox option "Event" for drpDefaultOrderType
2026-06-01 14:56:38 [35040] INFO  AutomationFramework - Save confirmation dialog appeared -- confirming
2026-06-01 14:56:39 [35040] INFO  AutomationFramework - [OK] Save complete (btnSave)
]]>
</system-out>
</testcase>
<testcase name="Local Office Settings — Basic Information @locations @local-office-settings › TC-LOS-BAS-023: PO Number persists after save and reload" classname="specs\local-office\local-office-settings.spec.ts" time="7.46">
<properties>
<property name="dependsOn" value="TC-LOS-BAS-001">
</property>
</properties>
<system-out>
<![CDATA[2026-06-01 14:56:39 [35040] INFO  AutomationFramework - Navigating to: https://cloudapps-e2e.encoreglobal.com/navigator/locations/1604/settings/local-office
2026-06-01 14:56:39 [35040] INFO  AutomationFramework - [OK] Navigation successful: https://cloudapps-e2e.encoreglobal.com/navigator/locations/1604/settings/local-office
2026-06-01 14:56:41 [35040] INFO  AutomationFramework - [OK] Save button enabled
2026-06-01 14:56:42 [35040] INFO  AutomationFramework - Save confirmation dialog appeared -- confirming
2026-06-01 14:56:43 [35040] INFO  AutomationFramework - [OK] Save complete (btnSave)
2026-06-01 14:56:43 [35040] INFO  AutomationFramework - Navigating to: https://cloudapps-e2e.encoreglobal.com/navigator/locations/1604/settings/local-office
2026-06-01 14:56:43 [35040] INFO  AutomationFramework - [OK] Navigation successful: https://cloudapps-e2e.encoreglobal.com/navigator/locations/1604/settings/local-office
2026-06-01 14:56:45 [35040] INFO  AutomationFramework - [OK] Save button enabled
2026-06-01 14:56:45 [35040] INFO  AutomationFramework - Save confirmation dialog appeared -- confirming
2026-06-01 14:56:46 [35040] INFO  AutomationFramework - [OK] Save complete (btnSave)
]]>
</system-out>
</testcase>
<testcase name="Local Office Settings — Basic Information @locations @local-office-settings › TC-LOS-BAS-024: PO Number Label persists after save and reload" classname="specs\local-office\local-office-settings.spec.ts" time="8.018">
<properties>
<property name="dependsOn" value="TC-LOS-BAS-001">
</property>
</properties>
<system-out>
<![CDATA[2026-06-01 14:56:46 [35040] INFO  AutomationFramework - Navigating to: https://cloudapps-e2e.encoreglobal.com/navigator/locations/1604/settings/local-office
2026-06-01 14:56:47 [35040] INFO  AutomationFramework - [OK] Navigation successful: https://cloudapps-e2e.encoreglobal.com/navigator/locations/1604/settings/local-office
2026-06-01 14:56:49 [35040] INFO  AutomationFramework - [OK] Save button enabled
2026-06-01 14:56:50 [35040] INFO  AutomationFramework - Save confirmation dialog appeared -- confirming
2026-06-01 14:56:50 [35040] INFO  AutomationFramework - [OK] Save complete (btnSave)
2026-06-01 14:56:50 [35040] INFO  AutomationFramework - Navigating to: https://cloudapps-e2e.encoreglobal.com/navigator/locations/1604/settings/local-office
2026-06-01 14:56:51 [35040] INFO  AutomationFramework - [OK] Navigation successful: https://cloudapps-e2e.encoreglobal.com/navigator/locations/1604/settings/local-office
2026-06-01 14:56:53 [35040] INFO  AutomationFramework - [OK] Save button enabled
2026-06-01 14:56:53 [35040] INFO  AutomationFramework - Save confirmation dialog appeared -- confirming
2026-06-01 14:56:54 [35040] INFO  AutomationFramework - [OK] Save complete (btnSave)
]]>
</system-out>
</testcase>
<testcase name="Local Office Settings — Basic Information @locations @local-office-settings › TC-LOS-BAS-025: Section Configuration — correct active sections" classname="specs\local-office\local-office-settings.spec.ts" time="0.198">
<properties>
<property name="dependsOn" value="TC-LOS-BAS-001">
</property>
</properties>
</testcase>
<testcase name="Local Office Settings — Basic Information @locations @local-office-settings › TC-LOS-BAS-026: Section toggle — checkmark disappears/reappears" classname="specs\local-office\local-office-settings.spec.ts" time="5.751">
<properties>
<property name="dependsOn" value="TC-LOS-BAS-001">
</property>
</properties>
<system-out>
<![CDATA[2026-06-01 14:56:55 [35040] INFO  AutomationFramework - Navigating to: https://cloudapps-e2e.encoreglobal.com/navigator/locations/1604/settings/local-office
2026-06-01 14:56:55 [35040] INFO  AutomationFramework - [OK] Navigation successful: https://cloudapps-e2e.encoreglobal.com/navigator/locations/1604/settings/local-office
2026-06-01 14:56:58 [35040] INFO  AutomationFramework - Navigating to: https://cloudapps-e2e.encoreglobal.com/navigator/locations/1604/settings/local-office
2026-06-01 14:56:58 [35040] INFO  AutomationFramework - [fixture] Auto-accepting beforeunload dialog
2026-06-01 14:56:58 [35040] INFO  AutomationFramework - [dialog] Auto-accepting beforeunload dialog during safe navigation
2026-06-01 14:56:58 [35040] INFO  AutomationFramework - [dialog] Beforeunload dialog already handled by another listener
2026-06-01 14:56:58 [35040] INFO  AutomationFramework - [OK] Navigation successful: https://cloudapps-e2e.encoreglobal.com/navigator/locations/1604/settings/local-office
]]>
</system-out>
</testcase>
<testcase name="Local Office Settings — Basic Information @locations @local-office-settings › TC-LOS-BAS-027: Section name edit enables Save" classname="specs\local-office\local-office-settings.spec.ts" time="3.414">
<properties>
<property name="dependsOn" value="TC-LOS-BAS-001">
</property>
</properties>
<system-out>
<![CDATA[2026-06-01 14:57:00 [35040] INFO  AutomationFramework - Navigating to: https://cloudapps-e2e.encoreglobal.com/navigator/locations/1604/settings/local-office
2026-06-01 14:57:02 [35040] INFO  AutomationFramework - [OK] Navigation successful: https://cloudapps-e2e.encoreglobal.com/navigator/locations/1604/settings/local-office
]]>
</system-out>
</testcase>
<testcase name="Local Office Settings — Basic Information @locations @local-office-settings › TC-LOS-BAS-028: Add new section row" classname="specs\local-office\local-office-settings.spec.ts" time="3.271">
<properties>
<property name="dependsOn" value="TC-LOS-BAS-001">
</property>
</properties>
<system-out>
<![CDATA[2026-06-01 14:57:04 [35040] INFO  AutomationFramework - Navigating to: https://cloudapps-e2e.encoreglobal.com/navigator/locations/1604/settings/local-office
2026-06-01 14:57:04 [35040] INFO  AutomationFramework - [fixture] Auto-accepting beforeunload dialog
2026-06-01 14:57:04 [35040] INFO  AutomationFramework - [dialog] Auto-accepting beforeunload dialog during safe navigation
2026-06-01 14:57:04 [35040] INFO  AutomationFramework - [dialog] Beforeunload dialog already handled by another listener
2026-06-01 14:57:05 [35040] INFO  AutomationFramework - [OK] Navigation successful: https://cloudapps-e2e.encoreglobal.com/navigator/locations/1604/settings/local-office
]]>
</system-out>
</testcase>
<testcase name="Local Office Settings — Basic Information @locations @local-office-settings › TC-LOS-BAS-029: Default button resets sections" classname="specs\local-office\local-office-settings.spec.ts" time="3.845">
<properties>
<property name="dependsOn" value="TC-LOS-BAS-001">
</property>
</properties>
<system-out>
<![CDATA[2026-06-01 14:57:07 [35040] INFO  AutomationFramework - Clicking element: btnDefaultSection
2026-06-01 14:57:07 [35040] INFO  AutomationFramework - [OK] Click successful: btnDefaultSection
2026-06-01 14:57:07 [35040] INFO  AutomationFramework - Navigating to: https://cloudapps-e2e.encoreglobal.com/navigator/locations/1604/settings/local-office
2026-06-01 14:57:07 [35040] INFO  AutomationFramework - [fixture] Auto-accepting beforeunload dialog
2026-06-01 14:57:07 [35040] INFO  AutomationFramework - [dialog] Auto-accepting beforeunload dialog during safe navigation
2026-06-01 14:57:07 [35040] INFO  AutomationFramework - [dialog] Beforeunload dialog already handled by another listener
2026-06-01 14:57:08 [35040] INFO  AutomationFramework - [OK] Navigation successful: https://cloudapps-e2e.encoreglobal.com/navigator/locations/1604/settings/local-office
]]>
</system-out>
</testcase>
<testcase name="Local Office Settings — Basic Information @locations @local-office-settings › TC-LOS-BAS-030: Room Configuration — table structure and baseline" classname="specs\local-office\local-office-settings.spec.ts" time="0.036">
<properties>
<property name="dependsOn" value="TC-LOS-BAS-001">
</property>
</properties>
</testcase>
<testcase name="Local Office Settings — Basic Information @locations @local-office-settings › TC-LOS-BAS-031: Add room row" classname="specs\local-office\local-office-settings.spec.ts" time="3.996">
<properties>
<property name="dependsOn" value="TC-LOS-BAS-001">
</property>
</properties>
<system-out>
<![CDATA[2026-06-01 14:57:11 [35040] INFO  AutomationFramework - Navigating to: https://cloudapps-e2e.encoreglobal.com/navigator/locations/1604/settings/local-office
2026-06-01 14:57:11 [35040] INFO  AutomationFramework - [fixture] Auto-accepting beforeunload dialog
2026-06-01 14:57:11 [35040] INFO  AutomationFramework - [dialog] Auto-accepting beforeunload dialog during safe navigation
2026-06-01 14:57:11 [35040] INFO  AutomationFramework - [dialog] Beforeunload dialog already handled by another listener
2026-06-01 14:57:12 [35040] INFO  AutomationFramework - [OK] Navigation successful: https://cloudapps-e2e.encoreglobal.com/navigator/locations/1604/settings/local-office
]]>
</system-out>
</testcase>
<testcase name="Local Office Settings — Basic Information @locations @local-office-settings › TC-LOS-BAS-032: Logo checkbox default states" classname="specs\local-office\local-office-settings.spec.ts" time="0.055">
<properties>
<property name="dependsOn" value="TC-LOS-BAS-001">
</property>
</properties>
</testcase>
<testcase name="Local Office Settings — Basic Information @locations @local-office-settings › TC-LOS-BAS-033: Company Logo combobox — has options" classname="specs\local-office\local-office-settings.spec.ts" time="2.001">
<properties>
<property name="dependsOn" value="TC-LOS-BAS-001">
</property>
</properties>
</testcase>
<testcase name="Local Office Settings — Basic Information @locations @local-office-settings › TC-LOS-BAS-034: Company Logo — preview updates on selection" classname="specs\local-office\local-office-settings.spec.ts" time="2.905">
<properties>
<property name="dependsOn" value="TC-LOS-BAS-001">
</property>
</properties>
<system-out>
<![CDATA[2026-06-01 14:57:18 [35040] INFO  AutomationFramework - [OK] Selected combobox option "Header with Dust Ears and Text" for drpCompanyLogo
2026-06-01 14:57:20 [35040] INFO  AutomationFramework - [OK] Selected combobox option "SAVLogoNew" for drpCompanyLogo
]]>
</system-out>
</testcase>
<testcase name="Local Office Settings — Basic Information @locations @local-office-settings › TC-LOS-BAS-035: Discount exemption toggles independently" classname="specs\local-office\local-office-settings.spec.ts" time="0.167">
<properties>
<property name="dependsOn" value="TC-LOS-BAS-001">
</property>
</properties>
</testcase>
<testcase name="Local Office Settings — Basic Information @locations @local-office-settings › TC-LOS-BAS-036: Save dialog — exact text and No cancels" classname="specs\local-office\local-office-settings.spec.ts" time="2.981">
<properties>
<property name="dependsOn" value="TC-LOS-BAS-001">
</property>
</properties>
<system-out>
<![CDATA[2026-06-01 14:57:20 [35040] INFO  AutomationFramework - [OK] Save button enabled
2026-06-01 14:57:21 [35040] INFO  AutomationFramework - Navigating to: https://cloudapps-e2e.encoreglobal.com/navigator/locations/1604/settings/local-office
2026-06-01 14:57:21 [35040] INFO  AutomationFramework - [fixture] Auto-accepting beforeunload dialog
2026-06-01 14:57:21 [35040] INFO  AutomationFramework - [dialog] Auto-accepting beforeunload dialog during safe navigation
2026-06-01 14:57:21 [35040] INFO  AutomationFramework - [dialog] Beforeunload dialog already handled by another listener
2026-06-01 14:57:21 [35040] INFO  AutomationFramework - [OK] Navigation successful: https://cloudapps-e2e.encoreglobal.com/navigator/locations/1604/settings/local-office
]]>
</system-out>
</testcase>
<testcase name="Local Office Settings — Basic Information @locations @local-office-settings › TC-LOS-BAS-037: Unsaved changes — Stay keeps changes" classname="specs\local-office\local-office-settings.spec.ts" time="3.362">
<properties>
<property name="dependsOn" value="TC-LOS-BAS-001">
</property>
</properties>
<system-out>
<![CDATA[2026-06-01 14:57:23 [35040] INFO  AutomationFramework - [OK] Save button enabled
2026-06-01 14:57:24 [35040] INFO  AutomationFramework - Navigating to: https://cloudapps-e2e.encoreglobal.com/navigator/locations/1604/settings/local-office
2026-06-01 14:57:24 [35040] INFO  AutomationFramework - [fixture] Auto-accepting beforeunload dialog
2026-06-01 14:57:24 [35040] INFO  AutomationFramework - [dialog] Auto-accepting beforeunload dialog during safe navigation
2026-06-01 14:57:24 [35040] INFO  AutomationFramework - [dialog] Beforeunload dialog already handled by another listener
2026-06-01 14:57:25 [35040] INFO  AutomationFramework - [OK] Navigation successful: https://cloudapps-e2e.encoreglobal.com/navigator/locations/1604/settings/local-office
]]>
</system-out>
</testcase>
<testcase name="Local Office Settings — Basic Information @locations @local-office-settings › TC-LOS-BAS-038: Unsaved changes — Discard navigates away" classname="specs\local-office\local-office-settings.spec.ts" time="1.138">
<properties>
<property name="dependsOn" value="TC-LOS-BAS-001">
</property>
</properties>
<system-out>
<![CDATA[2026-06-01 14:57:27 [35040] INFO  AutomationFramework - [OK] Save button enabled
]]>
</system-out>
</testcase>
<testcase name="Local Office Settings — Basic Information @locations @local-office-settings › TC-LOS-BAS-039: XSS in PO Number — stored as plain text, never executed" classname="specs\local-office\local-office-settings.spec.ts" time="4.372">
<properties>
<property name="dependsOn" value="TC-LOS-BAS-001">
</property>
</properties>
<system-out>
<![CDATA[2026-06-01 14:57:28 [35040] INFO  AutomationFramework - Save confirmation dialog appeared -- confirming
2026-06-01 14:57:29 [35040] INFO  AutomationFramework - [OK] Save complete (btnSave)
2026-06-01 14:57:29 [35040] INFO  AutomationFramework - Navigating to: https://cloudapps-e2e.encoreglobal.com/navigator/locations/1604/settings/local-office
2026-06-01 14:57:30 [35040] INFO  AutomationFramework - [OK] Navigation successful: https://cloudapps-e2e.encoreglobal.com/navigator/locations/1604/settings/local-office
2026-06-01 14:57:32 [35040] INFO  AutomationFramework - Save confirmation dialog appeared -- confirming
2026-06-01 14:57:32 [35040] INFO  AutomationFramework - [OK] Save complete (btnSave)
]]>
</system-out>
</testcase>
<testcase name="Local Office Settings — Basic Information @locations @local-office-settings › TC-LOS-BAS-047: Section edit → Escape does NOT revert (no cancel-on-Escape in live app)" classname="specs\local-office\local-office-settings.spec.ts" time="5.861">
<properties>
<property name="dependsOn" value="TC-LOS-BAS-001">
</property>
</properties>
<system-out>
<![CDATA[2026-06-01 14:57:32 [35040] INFO  AutomationFramework - Navigating to: https://cloudapps-e2e.encoreglobal.com/navigator/locations/1604/settings/local-office
2026-06-01 14:57:33 [35040] INFO  AutomationFramework - [OK] Navigation successful: https://cloudapps-e2e.encoreglobal.com/navigator/locations/1604/settings/local-office
2026-06-01 14:57:36 [35040] INFO  AutomationFramework - Navigating to: https://cloudapps-e2e.encoreglobal.com/navigator/locations/1604/settings/local-office
2026-06-01 14:57:36 [35040] INFO  AutomationFramework - [OK] Navigation successful: https://cloudapps-e2e.encoreglobal.com/navigator/locations/1604/settings/local-office
]]>
</system-out>
</testcase>
<testcase name="Local Office Settings — Basic Information @locations @local-office-settings › TC-LOS-BAS-053: Positive value in &quot;relative to start&quot; fields → aria-invalid" classname="specs\local-office\local-office-settings.spec.ts" time="8.898">
<properties>
<property name="dependsOn" value="TC-LOS-BAS-001">
</property>
</properties>
<system-out>
<![CDATA[2026-06-01 14:57:38 [35040] INFO  AutomationFramework - Navigating to: https://cloudapps-e2e.encoreglobal.com/navigator/locations/1604/settings/local-office
2026-06-01 14:57:40 [35040] INFO  AutomationFramework - [OK] Navigation successful: https://cloudapps-e2e.encoreglobal.com/navigator/locations/1604/settings/local-office
2026-06-01 14:57:44 [35040] INFO  AutomationFramework - Navigating to: https://cloudapps-e2e.encoreglobal.com/navigator/locations/1604/settings/local-office
2026-06-01 14:57:45 [35040] INFO  AutomationFramework - [OK] Navigation successful: https://cloudapps-e2e.encoreglobal.com/navigator/locations/1604/settings/local-office
]]>
</system-out>
</testcase>
<testcase name="Local Office Settings — Basic Information @locations @local-office-settings › TC-LOS-BAS-054: Negative value in &quot;relative to end&quot; fields → aria-invalid" classname="specs\local-office\local-office-settings.spec.ts" time="4.184">
<properties>
<property name="dependsOn" value="TC-LOS-BAS-001">
</property>
</properties>
<system-out>
<![CDATA[2026-06-01 14:57:48 [35040] INFO  AutomationFramework - Navigating to: https://cloudapps-e2e.encoreglobal.com/navigator/locations/1604/settings/local-office
2026-06-01 14:57:49 [35040] INFO  AutomationFramework - [OK] Navigation successful: https://cloudapps-e2e.encoreglobal.com/navigator/locations/1604/settings/local-office
]]>
</system-out>
</testcase>
<testcase name="Local Office Settings — Basic Information @locations @local-office-settings › TC-LOS-BAS-055: Non-numeric input on Return field triggers aria-invalid" classname="specs\local-office\local-office-settings.spec.ts" time="3.546">
<properties>
<property name="dependsOn" value="TC-LOS-BAS-001">
</property>
</properties>
<system-out>
<![CDATA[2026-06-01 14:57:51 [35040] INFO  AutomationFramework - Navigating to: https://cloudapps-e2e.encoreglobal.com/navigator/locations/1604/settings/local-office
2026-06-01 14:57:51 [35040] INFO  AutomationFramework - [fixture] Auto-accepting beforeunload dialog
2026-06-01 14:57:51 [35040] INFO  AutomationFramework - [dialog] Auto-accepting beforeunload dialog during safe navigation
2026-06-01 14:57:51 [35040] INFO  AutomationFramework - [dialog] Beforeunload dialog already handled by another listener
2026-06-01 14:57:52 [35040] INFO  AutomationFramework - [OK] Navigation successful: https://cloudapps-e2e.encoreglobal.com/navigator/locations/1604/settings/local-office
]]>
</system-out>
</testcase>
<testcase name="Local Office Settings — Basic Information @locations @local-office-settings › TC-LOS-BAS-056: Non-numeric input on Delivery field triggers aria-invalid" classname="specs\local-office\local-office-settings.spec.ts" time="3.129">
<properties>
<property name="dependsOn" value="TC-LOS-BAS-001">
</property>
</properties>
<system-out>
<![CDATA[2026-06-01 14:57:55 [35040] INFO  AutomationFramework - Navigating to: https://cloudapps-e2e.encoreglobal.com/navigator/locations/1604/settings/local-office
2026-06-01 14:57:55 [35040] INFO  AutomationFramework - [fixture] Auto-accepting beforeunload dialog
2026-06-01 14:57:55 [35040] INFO  AutomationFramework - [dialog] Auto-accepting beforeunload dialog during safe navigation
2026-06-01 14:57:55 [35040] INFO  AutomationFramework - [dialog] Beforeunload dialog already handled by another listener
2026-06-01 14:57:55 [35040] INFO  AutomationFramework - [OK] Navigation successful: https://cloudapps-e2e.encoreglobal.com/navigator/locations/1604/settings/local-office
]]>
</system-out>
</testcase>
<testcase name="Local Office Settings — Basic Information @locations @local-office-settings › TC-LOS-BAS-061: MaxLen boundary — 3-char field rejects 4+ chars" classname="specs\local-office\local-office-settings.spec.ts" time="2.75">
<properties>
<property name="dependsOn" value="TC-LOS-BAS-001">
</property>
</properties>
<system-out>
<![CDATA[2026-06-01 14:57:58 [35040] INFO  AutomationFramework - Navigating to: https://cloudapps-e2e.encoreglobal.com/navigator/locations/1604/settings/local-office
2026-06-01 14:57:59 [35040] INFO  AutomationFramework - [OK] Navigation successful: https://cloudapps-e2e.encoreglobal.com/navigator/locations/1604/settings/local-office
]]>
</system-out>
</testcase>
<testcase name="Local Office Settings — Basic Information @locations @local-office-settings › TC-LOS-BAS-062: MaxLen boundary — 4-char field accepts value at limit" classname="specs\local-office\local-office-settings.spec.ts" time="3.035">
<properties>
<property name="dependsOn" value="TC-LOS-BAS-001">
</property>
</properties>
<system-out>
<![CDATA[2026-06-01 14:58:01 [35040] INFO  AutomationFramework - Navigating to: https://cloudapps-e2e.encoreglobal.com/navigator/locations/1604/settings/local-office
2026-06-01 14:58:02 [35040] INFO  AutomationFramework - [OK] Navigation successful: https://cloudapps-e2e.encoreglobal.com/navigator/locations/1604/settings/local-office
]]>
</system-out>
</testcase>
<testcase name="Local Office Settings — Basic Information @locations @local-office-settings › TC-LOS-BAS-063: Multi-field error recovery — cross-validation clears after correction" classname="specs\local-office\local-office-settings.spec.ts" time="3.515">
<properties>
<property name="dependsOn" value="TC-LOS-BAS-001">
</property>
</properties>
<system-out>
<![CDATA[2026-06-01 14:58:04 [35040] INFO  AutomationFramework - Navigating to: https://cloudapps-e2e.encoreglobal.com/navigator/locations/1604/settings/local-office
2026-06-01 14:58:05 [35040] INFO  AutomationFramework - [OK] Navigation successful: https://cloudapps-e2e.encoreglobal.com/navigator/locations/1604/settings/local-office
]]>
</system-out>
</testcase>
<testcase name="Local Office Settings — Basic Information @locations @local-office-settings › TC-LOS-BAS-040: Empty section name — reverts to previous value on blur" classname="specs\local-office\local-office-settings.spec.ts" time="2.817">
<properties>
<property name="dependsOn" value="TC-LOS-BAS-001">
</property>
</properties>
<system-out>
<![CDATA[2026-06-01 14:58:07 [35040] INFO  AutomationFramework - Navigating to: https://cloudapps-e2e.encoreglobal.com/navigator/locations/1604/settings/local-office
2026-06-01 14:58:08 [35040] INFO  AutomationFramework - [OK] Navigation successful: https://cloudapps-e2e.encoreglobal.com/navigator/locations/1604/settings/local-office
]]>
</system-out>
</testcase>
<testcase name="Local Office Settings — Basic Information @locations @local-office-settings › TC-LOS-BAS-041: Whitespace-only section name — accepted as new content" classname="specs\local-office\local-office-settings.spec.ts" time="4.637">
<properties>
<property name="dependsOn" value="TC-LOS-BAS-001">
</property>
</properties>
<system-out>
<![CDATA[2026-06-01 14:58:10 [35040] INFO  AutomationFramework - Navigating to: https://cloudapps-e2e.encoreglobal.com/navigator/locations/1604/settings/local-office
2026-06-01 14:58:12 [35040] INFO  AutomationFramework - [OK] Navigation successful: https://cloudapps-e2e.encoreglobal.com/navigator/locations/1604/settings/local-office
]]>
</system-out>
</testcase>
<testcase name="Local Office Settings — Basic Information @locations @local-office-settings › TC-LOS-BAS-044: Add new section with empty name — rejected" classname="specs\local-office\local-office-settings.spec.ts" time="0.077">
<properties>
<property name="dependsOn" value="TC-LOS-BAS-001">
</property>
</properties>
</testcase>
<testcase name="Local Office Settings — Basic Information @locations @local-office-settings › TC-LOS-BAS-045: Add new section with duplicate name — silently rejected" classname="specs\local-office\local-office-settings.spec.ts" time="0.116">
<properties>
<property name="dependsOn" value="TC-LOS-BAS-001">
</property>
</properties>
</testcase>
<testcase name="Local Office Settings — Basic Information @locations @local-office-settings › TC-LOS-BAS-050: Empty room name — revert behavior" classname="specs\local-office\local-office-settings.spec.ts" time="6.668">
<properties>
<property name="dependsOn" value="TC-LOS-BAS-001">
</property>
</properties>
<system-out>
<![CDATA[2026-06-01 14:58:15 [35040] INFO  AutomationFramework - Navigating to: https://cloudapps-e2e.encoreglobal.com/navigator/locations/1604/settings/local-office
2026-06-01 14:58:16 [35040] INFO  AutomationFramework - [OK] Navigation successful: https://cloudapps-e2e.encoreglobal.com/navigator/locations/1604/settings/local-office
2026-06-01 14:58:19 [35040] INFO  AutomationFramework - Navigating to: https://cloudapps-e2e.encoreglobal.com/navigator/locations/1604/settings/local-office
2026-06-01 14:58:19 [35040] INFO  AutomationFramework - [fixture] Auto-accepting beforeunload dialog
2026-06-01 14:58:19 [35040] INFO  AutomationFramework - [dialog] Auto-accepting beforeunload dialog during safe navigation
2026-06-01 14:58:19 [35040] INFO  AutomationFramework - [dialog] Beforeunload dialog already handled by another listener
2026-06-01 14:58:19 [35040] INFO  AutomationFramework - [OK] Navigation successful: https://cloudapps-e2e.encoreglobal.com/navigator/locations/1604/settings/local-office
]]>
</system-out>
</testcase>
<testcase name="Local Office Settings — Basic Information @locations @local-office-settings › TC-LOS-BAS-051: Duplicate room name via Add New — silently rejected" classname="specs\local-office\local-office-settings.spec.ts" time="2.743">
<properties>
<property name="dependsOn" value="TC-LOS-BAS-001">
</property>
</properties>
<system-out>
<![CDATA[2026-06-01 14:58:22 [35040] INFO  AutomationFramework - Navigating to: https://cloudapps-e2e.encoreglobal.com/navigator/locations/1604/settings/local-office
2026-06-01 14:58:22 [35040] INFO  AutomationFramework - [fixture] Auto-accepting beforeunload dialog
2026-06-01 14:58:22 [35040] INFO  AutomationFramework - [dialog] Auto-accepting beforeunload dialog during safe navigation
2026-06-01 14:58:22 [35040] INFO  AutomationFramework - [dialog] Beforeunload dialog already handled by another listener
2026-06-01 14:58:22 [35040] INFO  AutomationFramework - [OK] Navigation successful: https://cloudapps-e2e.encoreglobal.com/navigator/locations/1604/settings/local-office
]]>
</system-out>
</testcase>
<testcase name="Local Office Settings — Basic Information @locations @local-office-settings › TC-LOS-BAS-048: Room toggle round-trip — toggle inactive → save → reload → verify" classname="specs\local-office\local-office-settings.spec.ts">
<properties>
<property name="skip" value="">
</property>
</properties>
<skipped>
</skipped>
</testcase>
<testcase name="Local Office Settings — Basic Information @locations @local-office-settings › TC-LOS-BAS-049: Room edit name round-trip — rename → save → reload → verify" classname="specs\local-office\local-office-settings.spec.ts" time="9.197">
<properties>
<property name="dependsOn" value="TC-LOS-BAS-001">
</property>
</properties>
<system-out>
<![CDATA[2026-06-01 14:58:24 [35040] INFO  AutomationFramework - Navigating to: https://cloudapps-e2e.encoreglobal.com/navigator/locations/1604/settings/local-office
2026-06-01 14:58:25 [35040] INFO  AutomationFramework - [OK] Navigation successful: https://cloudapps-e2e.encoreglobal.com/navigator/locations/1604/settings/local-office
2026-06-01 14:58:29 [35040] INFO  AutomationFramework - [OK] Save button enabled
2026-06-01 14:58:29 [35040] INFO  AutomationFramework - Save confirmation dialog appeared -- confirming
2026-06-01 14:58:30 [35040] INFO  AutomationFramework - [OK] Save complete (btnSave)
2026-06-01 14:58:30 [35040] INFO  AutomationFramework - Navigating to: https://cloudapps-e2e.encoreglobal.com/navigator/locations/1604/settings/local-office
2026-06-01 14:58:30 [35040] INFO  AutomationFramework - [OK] Navigation successful: https://cloudapps-e2e.encoreglobal.com/navigator/locations/1604/settings/local-office
2026-06-01 14:58:32 [35040] INFO  AutomationFramework - [OK] Save button enabled
2026-06-01 14:58:32 [35040] INFO  AutomationFramework - Save confirmation dialog appeared -- confirming
2026-06-01 14:58:33 [35040] INFO  AutomationFramework - [OK] Save complete (btnSave)
]]>
</system-out>
</testcase>
<testcase name="Local Office Settings — Basic Information @locations @local-office-settings › TC-LOS-BAS-064: Clear Prep offset → save → reload → verify empty (not &quot;0&quot;)" classname="specs\local-office\local-office-settings.spec.ts" time="8.305">
<properties>
<property name="dependsOn" value="TC-LOS-BAS-001">
</property>
</properties>
<system-out>
<![CDATA[2026-06-01 14:58:34 [35040] INFO  AutomationFramework - Navigating to: https://cloudapps-e2e.encoreglobal.com/navigator/locations/1604/settings/local-office
2026-06-01 14:58:34 [35040] INFO  AutomationFramework - [OK] Navigation successful: https://cloudapps-e2e.encoreglobal.com/navigator/locations/1604/settings/local-office
2026-06-01 14:58:36 [35040] INFO  AutomationFramework - [OK] Save button enabled
2026-06-01 14:58:36 [35040] INFO  AutomationFramework - Save confirmation dialog appeared -- confirming
2026-06-01 14:58:37 [35040] INFO  AutomationFramework - [OK] Save complete (btnSave)
2026-06-01 14:58:37 [35040] INFO  AutomationFramework - Navigating to: https://cloudapps-e2e.encoreglobal.com/navigator/locations/1604/settings/local-office
2026-06-01 14:58:38 [35040] INFO  AutomationFramework - [OK] Navigation successful: https://cloudapps-e2e.encoreglobal.com/navigator/locations/1604/settings/local-office
2026-06-01 14:58:41 [35040] INFO  AutomationFramework - [OK] Save button enabled
2026-06-01 14:58:41 [35040] INFO  AutomationFramework - Save confirmation dialog appeared -- confirming
2026-06-01 14:58:42 [35040] INFO  AutomationFramework - [OK] Save complete (btnSave)
]]>
</system-out>
</testcase>
<testcase name="Local Office Settings — Basic Information @locations @local-office-settings › TC-LOS-BAS-065: Clear Return offset → save → reload → app re-applies default 1" classname="specs\local-office\local-office-settings.spec.ts" time="12.585">
<properties>
<property name="dependsOn" value="TC-LOS-BAS-001">
</property>
</properties>
<system-out>
<![CDATA[2026-06-01 14:58:52 [35040] INFO  AutomationFramework - [WARN] Save button did not enable within timeout
2026-06-01 14:58:52 [35040] INFO  AutomationFramework - Save button disabled (btnSave) -- skipping click
2026-06-01 14:58:52 [35040] INFO  AutomationFramework - Navigating to: https://cloudapps-e2e.encoreglobal.com/navigator/locations/1604/settings/local-office
2026-06-01 14:58:53 [35040] INFO  AutomationFramework - [OK] Navigation successful: https://cloudapps-e2e.encoreglobal.com/navigator/locations/1604/settings/local-office
]]>
</system-out>
</testcase>
<testcase name="Local Office Settings — Basic Information @locations @local-office-settings › TC-LOS-BAS-066: Clear Prep but keep Delivery → no cross-validation error" classname="specs\local-office\local-office-settings.spec.ts" time="6.91">
<properties>
<property name="dependsOn" value="TC-LOS-BAS-001">
</property>
</properties>
<system-out>
<![CDATA[2026-06-01 14:58:54 [35040] INFO  AutomationFramework - Navigating to: https://cloudapps-e2e.encoreglobal.com/navigator/locations/1604/settings/local-office
2026-06-01 14:58:56 [35040] INFO  AutomationFramework - [OK] Navigation successful: https://cloudapps-e2e.encoreglobal.com/navigator/locations/1604/settings/local-office
2026-06-01 14:58:59 [35040] INFO  AutomationFramework - Navigating to: https://cloudapps-e2e.encoreglobal.com/navigator/locations/1604/settings/local-office
2026-06-01 14:58:59 [35040] INFO  AutomationFramework - [fixture] Auto-accepting beforeunload dialog
2026-06-01 14:58:59 [35040] INFO  AutomationFramework - [dialog] Auto-accepting beforeunload dialog during safe navigation
2026-06-01 14:58:59 [35040] INFO  AutomationFramework - [dialog] Beforeunload dialog already handled by another listener
2026-06-01 14:58:59 [35040] INFO  AutomationFramework - [OK] Navigation successful: https://cloudapps-e2e.encoreglobal.com/navigator/locations/1604/settings/local-office
]]>
</system-out>
</testcase>
<testcase name="Local Office Settings — Basic Information @locations @local-office-settings › TC-LOS-BAS-067: Clear all 6 offsets → save → reload → all empty" classname="specs\local-office\local-office-settings.spec.ts" time="8.536">
<properties>
<property name="dependsOn" value="TC-LOS-BAS-001">
</property>
</properties>
<system-out>
<![CDATA[2026-06-01 14:59:01 [35040] INFO  AutomationFramework - Navigating to: https://cloudapps-e2e.encoreglobal.com/navigator/locations/1604/settings/local-office
2026-06-01 14:59:02 [35040] INFO  AutomationFramework - [OK] Navigation successful: https://cloudapps-e2e.encoreglobal.com/navigator/locations/1604/settings/local-office
2026-06-01 14:59:06 [35040] INFO  AutomationFramework - [OK] Save button enabled
2026-06-01 14:59:06 [35040] INFO  AutomationFramework - Save confirmation dialog appeared -- confirming
2026-06-01 14:59:06 [35040] INFO  AutomationFramework - [OK] Save complete (btnSave)
2026-06-01 14:59:06 [35040] INFO  AutomationFramework - Navigating to: https://cloudapps-e2e.encoreglobal.com/navigator/locations/1604/settings/local-office
2026-06-01 14:59:07 [35040] INFO  AutomationFramework - [OK] Navigation successful: https://cloudapps-e2e.encoreglobal.com/navigator/locations/1604/settings/local-office
2026-06-01 14:59:09 [35040] INFO  AutomationFramework - [OK] Save button enabled
2026-06-01 14:59:09 [35040] INFO  AutomationFramework - Save confirmation dialog appeared -- confirming
2026-06-01 14:59:10 [35040] INFO  AutomationFramework - [OK] Save complete (btnSave)
]]>
</system-out>
</testcase>
</testsuite>
<testsuite name="specs\locations\history\location-hist-notes.spec.ts" timestamp="2026-06-01T14:53:32.688Z" hostname="encore-locations" tests="6" failures="0" skipped="0" time="122.828" errors="1">
<testcase name="Location Management HIST — Notes col 69 @locations @management-history @notes-hist › TC-LOC-NTS-028: HIST col 69 — empty to &quot;hello&quot; save" classname="specs\locations\history\location-hist-notes.spec.ts" time="48.024">
<system-out>
<![CDATA[2026-06-01 14:59:11 [6716] INFO  AutomationFramework - Loading credentials from env source
2026-06-01 14:59:11 [6716] INFO  AutomationFramework - [OK] Credentials loaded for: s-prd-clickauto@psav.com
2026-06-01 14:59:19 [6716] INFO  AutomationFramework - [OK] Authenticated session ready via shared storageState
2026-06-01 14:59:19 [6716] INFO  AutomationFramework - LocationNotesPage initialized
2026-06-01 14:59:19 [6716] INFO  AutomationFramework - Navigating to locations/1604/settings/location
2026-06-01 14:59:19 [6716] INFO  AutomationFramework - Navigating to: https://cloudapps-e2e.encoreglobal.com/navigator/locations/1604/settings/location
2026-06-01 14:59:19 [6716] INFO  AutomationFramework - [OK] Navigation successful: https://cloudapps-e2e.encoreglobal.com/navigator/locations/1604/settings/location
2026-06-01 14:59:22 [6716] INFO  AutomationFramework - [OK] Tab active: tabNotes
2026-06-01 14:59:24 [6716] INFO  AutomationFramework - Clicking element: tabNotes
2026-06-01 14:59:25 [6716] INFO  AutomationFramework - [OK] Click successful: tabNotes
2026-06-01 14:59:25 [6716] INFO  AutomationFramework - [OK] Notes ensured empty (DB clean)
2026-06-01 14:59:25 [6716] INFO  AutomationFramework - Clicking element: btnNotesAdd
2026-06-01 14:59:25 [6716] INFO  AutomationFramework - [OK] Click successful: btnNotesAdd
2026-06-01 14:59:25 [6716] INFO  AutomationFramework - [OK] Filled note row 0 with 5 chars
2026-06-01 14:59:25 [6716] INFO  AutomationFramework - Save confirmation dialog appeared -- confirming
2026-06-01 14:59:26 [6716] INFO  AutomationFramework - [OK] Save complete (btnSaveNotes)

[[ATTACHMENT|test-results\history-location-hist-note-17d7d-ol-69-—-empty-to-hello-save-encore-locations\test-failed-1.png]]

[[ATTACHMENT|test-results\history-location-hist-note-17d7d-ol-69-—-empty-to-hello-save-encore-locations\error-context.md]]

[[ATTACHMENT|test-results\history-location-hist-note-17d7d-ol-69-—-empty-to-hello-save-encore-locations\trace.zip]]
2026-06-01 14:59:46 [35460] INFO  AutomationFramework - Loading credentials from env source
2026-06-01 14:59:46 [35460] INFO  AutomationFramework - [OK] Credentials loaded for: s-prd-clickauto@psav.com
2026-06-01 14:59:53 [35460] INFO  AutomationFramework - [OK] Authenticated session ready via shared storageState
2026-06-01 14:59:53 [35460] INFO  AutomationFramework - LocationNotesPage initialized
2026-06-01 14:59:53 [35460] INFO  AutomationFramework - Navigating to locations/1604/settings/location
2026-06-01 14:59:53 [35460] INFO  AutomationFramework - Navigating to: https://cloudapps-e2e.encoreglobal.com/navigator/locations/1604/settings/location
2026-06-01 14:59:54 [35460] INFO  AutomationFramework - [OK] Navigation successful: https://cloudapps-e2e.encoreglobal.com/navigator/locations/1604/settings/location
2026-06-01 14:59:56 [35460] INFO  AutomationFramework - [OK] Tab active: tabNotes
2026-06-01 14:59:57 [35460] INFO  AutomationFramework - [OK] All note rows deleted
2026-06-01 14:59:57 [35460] INFO  AutomationFramework - Save confirmation dialog appeared -- confirming
2026-06-01 14:59:57 [35460] INFO  AutomationFramework - [OK] Save complete (btnSaveNotes)
2026-06-01 14:59:59 [35460] INFO  AutomationFramework - Clicking element: tabNotes
2026-06-01 15:00:00 [35460] INFO  AutomationFramework - [OK] Click successful: tabNotes
2026-06-01 15:00:00 [35460] INFO  AutomationFramework - [OK] Notes ensured empty (DB clean)
2026-06-01 15:00:00 [35460] INFO  AutomationFramework - Clicking element: btnNotesAdd
2026-06-01 15:00:00 [35460] INFO  AutomationFramework - [OK] Click successful: btnNotesAdd
2026-06-01 15:00:00 [35460] INFO  AutomationFramework - [OK] Filled note row 0 with 5 chars
2026-06-01 15:00:01 [35460] INFO  AutomationFramework - Save confirmation dialog appeared -- confirming
2026-06-01 15:00:01 [35460] INFO  AutomationFramework - [OK] Save complete (btnSaveNotes)
[col69-no-match] sinceMs=1780325995856 validForms=["06/01/2026 - hello","06/01/2026 - hello | 06/01/2026 -"] rows=[{"modifiedOn":"06/01/2026 02:59:58 PM","notesLen":0,"notesHead":""}]

[[ATTACHMENT|test-results\history-location-hist-note-17d7d-ol-69-—-empty-to-hello-save-encore-locations-retry1\test-failed-1.png]]

[[ATTACHMENT|test-results\history-location-hist-note-17d7d-ol-69-—-empty-to-hello-save-encore-locations-retry1\error-context.md]]

[[ATTACHMENT|test-results\history-location-hist-note-17d7d-ol-69-—-empty-to-hello-save-encore-locations-retry1\trace.zip]]
]]>
</system-out>
<error message="Top row Modified On &quot;05/29/2026 12:16:18 PM&quot; not within 86400000ms of now after 15000ms wait — sort may not have applied" type="Error">
<![CDATA[  [encore-locations] › specs\locations\history\location-hist-notes.spec.ts:157:7 › Location Management HIST — Notes col 69 @locations @management-history @notes-hist › TC-LOC-NTS-028: HIST col 69 — empty to "hello" save 

    Error: Top row Modified On "05/29/2026 12:16:18 PM" not within 86400000ms of now after 15000ms wait — sort may not have applied

       at src\pages\locations\location-management-history.page.ts:340

      338 |       await this.page.waitForTimeout(200);
      339 |     }
    > 340 |     throw new Error(`Top row Modified On "${lastVal}" not within ${maxAgeMs}ms of now after ${timeoutMs}ms wait — sort may not have applied`);
          |           ^
      341 |   }
      342 |
      343 |  // ─────────────────────────────────────────────────────────────────────────────
        at LocationManagementHistoryPage.waitForRecentTopRow (C:\Users\rutvi\projects\encore_framework\clients\encore\src\pages\locations\location-management-history.page.ts:340:11)
        at runCol69Assertion (C:\Users\rutvi\projects\encore_framework\clients\encore\specs\locations\history\location-hist-notes.spec.ts:119:5)
        at C:\Users\rutvi\projects\encore_framework\clients\encore\specs\locations\history\location-hist-notes.spec.ts:162:5

    attachment #1: screenshot (image/png) ──────────────────────────────────────────────────────────
    reports\test-results\history-location-hist-note-17d7d-ol-69-—-empty-to-hello-save-encore-locations\test-failed-1.png
    ────────────────────────────────────────────────────────────────────────────────────────────────

    Error Context: reports\test-results\history-location-hist-note-17d7d-ol-69-—-empty-to-hello-save-encore-locations\error-context.md

    attachment #4: trace (application/zip) ─────────────────────────────────────────────────────────
    reports\test-results\history-location-hist-note-17d7d-ol-69-—-empty-to-hello-save-encore-locations\trace.zip
    Usage:

        npx playwright show-trace reports\test-results\history-location-hist-note-17d7d-ol-69-—-empty-to-hello-save-encore-locations\trace.zip

    ────────────────────────────────────────────────────────────────────────────────────────────────

    Retry #1 ───────────────────────────────────────────────────────────────────────────────────────

    Error: expect(received).toBe(expected) // Object.is equality

    Expected: "06/01/2026 - hello"
    Received: ""

      138 |       const firstRow = rows[0];
      139 |       const actual = firstRow ? (firstRow.Notes ?? '<no Notes col on row 0>') : '<no rows since sinceMs>';
    > 140 |       expect(actual).toBe(formA);
          |                      ^
      141 |       return; // unreachable — expect above throws
      142 |     }
      143 |     // Strict equality on the matched row's Notes value.
        at runCol69Assertion (C:\Users\rutvi\projects\encore_framework\clients\encore\specs\locations\history\location-hist-notes.spec.ts:140:22)
        at C:\Users\rutvi\projects\encore_framework\clients\encore\specs\locations\history\location-hist-notes.spec.ts:162:5

    attachment #1: screenshot (image/png) ──────────────────────────────────────────────────────────
    reports\test-results\history-location-hist-note-17d7d-ol-69-—-empty-to-hello-save-encore-locations-retry1\test-failed-1.png
    ────────────────────────────────────────────────────────────────────────────────────────────────

    Error Context: reports\test-results\history-location-hist-note-17d7d-ol-69-—-empty-to-hello-save-encore-locations-retry1\error-context.md

    attachment #4: trace (application/zip) ─────────────────────────────────────────────────────────
    reports\test-results\history-location-hist-note-17d7d-ol-69-—-empty-to-hello-save-encore-locations-retry1\trace.zip
    Usage:

        npx playwright show-trace reports\test-results\history-location-hist-note-17d7d-ol-69-—-empty-to-hello-save-encore-locations-retry1\trace.zip

    ────────────────────────────────────────────────────────────────────────────────────────────────
]]>
</error>
</testcase>
[...]
</property>
</properties>
<system-out>
<![CDATA[2026-06-01 15:27:06 [35128] INFO  AutomationFramework - LocationSharedSetupLocationsPage initialized
2026-06-01 15:27:09 [35128] INFO  AutomationFramework - [OK] Tab active: tabSharedSetupLocations
2026-06-01 15:27:09 [35128] INFO  AutomationFramework - Toggled self Shares Inventory
2026-06-01 15:27:09 [35128] INFO  AutomationFramework - Change Local Office dialog opened
2026-06-01 15:27:09 [35128] INFO  AutomationFramework - Dialog search: "Denver"
2026-06-01 15:27:12 [35128] INFO  AutomationFramework - Selected first dialog row
2026-06-01 15:27:12 [35128] INFO  AutomationFramework - Dialog Select confirmed, dialog closed
2026-06-01 15:27:12 [35128] INFO  AutomationFramework - Save confirmation dialog appeared -- confirming
2026-06-01 15:27:14 [35128] INFO  AutomationFramework - [OK] Save complete (btnSave)
2026-06-01 15:27:16 [35128] INFO  AutomationFramework - [OK] Tab active: tabSharedSetupLocations
2026-06-01 15:27:16 [35128] INFO  AutomationFramework - Unchecked Radix checkbox: chkSelfSharesInventory
2026-06-01 15:27:17 [35128] INFO  AutomationFramework - Deleted row at index 2
2026-06-01 15:27:17 [35128] INFO  AutomationFramework - Save confirmation dialog appeared -- confirming
2026-06-01 15:27:18 [35128] INFO  AutomationFramework - [OK] Save complete (btnSave)
]]>
</system-out>
</testcase>
<testcase name="Location Shared Setup Locations @locations @shared-setup › TC-LOC-SSL-022: Cancel Save dialog -&gt; changes not persisted after reload" classname="specs\locations\location-shared-setup-locations.spec.ts" time="6.692">
<properties>
<property name="dependsOn" value="TC-LOC-SSL-001">
</property>
</properties>
<system-out>
<![CDATA[2026-06-01 15:27:18 [35128] INFO  AutomationFramework - LocationSharedSetupLocationsPage initialized
2026-06-01 15:27:21 [35128] INFO  AutomationFramework - [OK] Tab active: tabSharedSetupLocations
2026-06-01 15:27:22 [35128] INFO  AutomationFramework - Toggled self Shares Inventory
2026-06-01 15:27:22 [35128] INFO  AutomationFramework - Clicking element: btnSave
2026-06-01 15:27:22 [35128] INFO  AutomationFramework - [OK] Click successful: btnSave
2026-06-01 15:27:22 [35128] INFO  AutomationFramework - Waiting for element: dlgSaveChanges
2026-06-01 15:27:22 [35128] INFO  AutomationFramework - [OK] Element visible: dlgSaveChanges
2026-06-01 15:27:22 [35128] INFO  AutomationFramework - [OK] Save Changes dialog opened (not confirmed)
2026-06-01 15:27:22 [35128] INFO  AutomationFramework - Clicking element: btnSaveChangesCancel
2026-06-01 15:27:22 [35128] INFO  AutomationFramework - [OK] Click successful: btnSaveChangesCancel
2026-06-01 15:27:22 [35128] INFO  AutomationFramework - Cancelled Save Changes dialog
2026-06-01 15:27:22 [35128] INFO  AutomationFramework - [fixture] Auto-accepting beforeunload dialog
2026-06-01 15:27:25 [35128] INFO  AutomationFramework - [OK] Tab active: tabSharedSetupLocations
]]>
</system-out>
</testcase>
<testcase name="Location Shared Setup Locations @locations @shared-setup › TC-LOC-SSL-023: Beforeunload fires when SSL form is dirty" classname="specs\locations\location-shared-setup-locations.spec.ts" time="12.233">
<properties>
<property name="dependsOn" value="TC-LOC-SSL-001">
</property>
</properties>
<system-out>
<![CDATA[2026-06-01 15:27:25 [35128] INFO  AutomationFramework - LocationSharedSetupLocationsPage initialized
2026-06-01 15:27:28 [35128] INFO  AutomationFramework - [OK] Tab active: tabSharedSetupLocations
2026-06-01 15:27:28 [35128] INFO  AutomationFramework - Toggled self Shares Inventory
2026-06-01 15:27:28 [35128] INFO  AutomationFramework - [fixture] Auto-accepting beforeunload dialog
2026-06-01 15:27:29 [35128] INFO  AutomationFramework - Navigating to: https://cloudapps-e2e.encoreglobal.com/navigator/navigator/locations/1604/home
2026-06-01 15:27:29 [35128] INFO  AutomationFramework - [OK] Navigation successful: https://cloudapps-e2e.encoreglobal.com/navigator/navigator/locations/1604/home
2026-06-01 15:27:33 [35128] INFO  AutomationFramework - Navigating to locations/1604/settings/location
2026-06-01 15:27:33 [35128] INFO  AutomationFramework - Navigating to: https://cloudapps-e2e.encoreglobal.com/navigator/locations/1604/settings/location
2026-06-01 15:27:34 [35128] INFO  AutomationFramework - [OK] Navigation successful: https://cloudapps-e2e.encoreglobal.com/navigator/locations/1604/settings/location
2026-06-01 15:27:37 [35128] INFO  AutomationFramework - [OK] Tab active: tabSharedSetupLocations
]]>
</system-out>
</testcase>
<testcase name="Location Shared Setup Locations @locations @shared-setup › TC-LOC-SSL-024: Already-added location is absent from Change Local Office dialog" classname="specs\locations\location-shared-setup-locations.spec.ts" time="27.313">
<properties>
<property name="dependsOn" value="TC-LOC-SSL-001">
</property>
</properties>
<system-out>
<![CDATA[2026-06-01 15:27:37 [35128] INFO  AutomationFramework - LocationSharedSetupLocationsPage initialized
2026-06-01 15:27:40 [35128] INFO  AutomationFramework - [OK] Tab active: tabSharedSetupLocations
2026-06-01 15:27:41 [35128] INFO  AutomationFramework - Change Local Office dialog opened
2026-06-01 15:27:41 [35128] INFO  AutomationFramework - Dialog search: "Atlanta"
2026-06-01 15:27:42 [35128] INFO  AutomationFramework - Selected first dialog row
2026-06-01 15:27:43 [35128] INFO  AutomationFramework - Dialog Select confirmed, dialog closed
2026-06-01 15:27:43 [35128] INFO  AutomationFramework - Save confirmation dialog appeared -- confirming
2026-06-01 15:27:45 [35128] INFO  AutomationFramework - [OK] Save complete (btnSave)
2026-06-01 15:27:45 [35128] INFO  AutomationFramework - Change Local Office dialog opened
2026-06-01 15:27:45 [35128] INFO  AutomationFramework - Dialog search: "1565"

[[ATTACHMENT|test-results\location-shared-setup-loca-68b59--Change-Local-Office-dialog-encore-locations\test-failed-1.png]]

[[ATTACHMENT|test-results\location-shared-setup-loca-68b59--Change-Local-Office-dialog-encore-locations\error-context.md]]

[[ATTACHMENT|test-results\location-shared-setup-loca-68b59--Change-Local-Office-dialog-encore-locations\trace.zip]]
2026-06-01 15:27:49 [1784] INFO  AutomationFramework - Loading credentials from env source
2026-06-01 15:27:49 [1784] INFO  AutomationFramework - [OK] Credentials loaded for: s-prd-clickauto@psav.com
2026-06-01 15:27:57 [1784] INFO  AutomationFramework - [OK] Authenticated session ready via shared storageState
2026-06-01 15:27:57 [1784] INFO  AutomationFramework - LocationSharedSetupLocationsPage initialized
2026-06-01 15:27:57 [1784] INFO  AutomationFramework - Navigating to locations/1604/settings/location
2026-06-01 15:27:57 [1784] INFO  AutomationFramework - Navigating to: https://cloudapps-e2e.encoreglobal.com/navigator/locations/1604/settings/location
2026-06-01 15:27:58 [1784] INFO  AutomationFramework - [OK] Navigation successful: https://cloudapps-e2e.encoreglobal.com/navigator/locations/1604/settings/location
2026-06-01 15:28:02 [1784] INFO  AutomationFramework - [OK] Tab active: tabSharedSetupLocations
2026-06-01 15:28:04 [1784] INFO  AutomationFramework - [OK] Tab active: tabSharedSetupLocations
2026-06-01 15:28:04 [1784] INFO  AutomationFramework - [CLEANUP] Dirty state: non-self=true, SI=true — cleaning
2026-06-01 15:28:05 [1784] INFO  AutomationFramework - Deleted row at index 1
2026-06-01 15:28:05 [1784] INFO  AutomationFramework - Save confirmation dialog appeared -- confirming
2026-06-01 15:28:06 [1784] INFO  AutomationFramework - [OK] Save complete (btnSave)
2026-06-01 15:28:10 [1784] INFO  AutomationFramework - [OK] Tab active: tabSharedSetupLocations
2026-06-01 15:28:10 [1784] INFO  AutomationFramework - Change Local Office dialog opened
2026-06-01 15:28:10 [1784] INFO  AutomationFramework - Dialog search: "Atlanta"
2026-06-01 15:28:11 [1784] INFO  AutomationFramework - Selected first dialog row
2026-06-01 15:28:12 [1784] INFO  AutomationFramework - Dialog Select confirmed, dialog closed
2026-06-01 15:28:12 [1784] INFO  AutomationFramework - Save confirmation dialog appeared -- confirming
2026-06-01 15:28:13 [1784] INFO  AutomationFramework - [OK] Save complete (btnSave)
2026-06-01 15:28:14 [1784] INFO  AutomationFramework - Change Local Office dialog opened
2026-06-01 15:28:14 [1784] INFO  AutomationFramework - Dialog search: "1565"

[[ATTACHMENT|test-results\location-shared-setup-loca-68b59--Change-Local-Office-dialog-encore-locations-retry1\test-failed-1.png]]

[[ATTACHMENT|test-results\location-shared-setup-loca-68b59--Change-Local-Office-dialog-encore-locations-retry1\error-context.md]]

[[ATTACHMENT|test-results\location-shared-setup-loca-68b59--Change-Local-Office-dialog-encore-locations-retry1\trace.zip]]
]]>
</system-out>
<failure message="expect(received).not.toBe(expected) // Object.is equality" type="expect.not.toBe">
<![CDATA[  [encore-locations] › specs\locations\location-shared-setup-locations.spec.ts:837:7 › Location Shared Setup Locations @locations @shared-setup › TC-LOC-SSL-024: Already-added location is absent from Change Local Office dialog 

    Error: expect(received).not.toBe(expected) // Object.is equality

    Expected: not "1565"

      858 |     await expect.poll(() => pg.getDialogRowCount(), { timeout: 8_000 }).toBe(1);
      859 |     const row = await pg.getFirstDialogRowText();
    > 860 |     expect(row.localOffice).not.toBe(added!.localOffice);
          |                                 ^
      861 |     await pg.clickDialogCancel();
      862 |  // Cleanup: delete + save (use dynamic index)
      863 |     await pg.deleteNonSelfRow(added!.index);
        at C:\Users\rutvi\projects\encore_framework\clients\encore\specs\locations\location-shared-setup-locations.spec.ts:860:33

    attachment #1: screenshot (image/png) ──────────────────────────────────────────────────────────
    reports\test-results\location-shared-setup-loca-68b59--Change-Local-Office-dialog-encore-locations\test-failed-1.png
    ────────────────────────────────────────────────────────────────────────────────────────────────

    Error Context: reports\test-results\location-shared-setup-loca-68b59--Change-Local-Office-dialog-encore-locations\error-context.md

    attachment #4: trace (application/zip) ─────────────────────────────────────────────────────────
    reports\test-results\location-shared-setup-loca-68b59--Change-Local-Office-dialog-encore-locations\trace.zip
    Usage:

        npx playwright show-trace reports\test-results\location-shared-setup-loca-68b59--Change-Local-Office-dialog-encore-locations\trace.zip

    ────────────────────────────────────────────────────────────────────────────────────────────────

    Retry #1 ───────────────────────────────────────────────────────────────────────────────────────

    Error: expect(received).not.toBe(expected) // Object.is equality

    Expected: not "1565"

      858 |     await expect.poll(() => pg.getDialogRowCount(), { timeout: 8_000 }).toBe(1);
      859 |     const row = await pg.getFirstDialogRowText();
    > 860 |     expect(row.localOffice).not.toBe(added!.localOffice);
          |                                 ^
      861 |     await pg.clickDialogCancel();
      862 |  // Cleanup: delete + save (use dynamic index)
      863 |     await pg.deleteNonSelfRow(added!.index);
        at C:\Users\rutvi\projects\encore_framework\clients\encore\specs\locations\location-shared-setup-locations.spec.ts:860:33

    attachment #1: screenshot (image/png) ──────────────────────────────────────────────────────────
    reports\test-results\location-shared-setup-loca-68b59--Change-Local-Office-dialog-encore-locations-retry1\test-failed-1.png
    ────────────────────────────────────────────────────────────────────────────────────────────────

    Error Context: reports\test-results\location-shared-setup-loca-68b59--Change-Local-Office-dialog-encore-locations-retry1\error-context.md

    attachment #4: trace (application/zip) ─────────────────────────────────────────────────────────
    reports\test-results\location-shared-setup-loca-68b59--Change-Local-Office-dialog-encore-locations-retry1\trace.zip
    Usage:

        npx playwright show-trace reports\test-results\location-shared-setup-loca-68b59--Change-Local-Office-dialog-encore-locations-retry1\trace.zip

    ────────────────────────────────────────────────────────────────────────────────────────────────
]]>
</failure>
</testcase>
<testcase name="Location Shared Setup Locations @locations @shared-setup › TC-LOC-SSL-025: Each column header testid resolves to expected text" classname="specs\locations\location-shared-setup-locations.spec.ts" time="3.964">
<properties>
<property name="dependsOn" value="TC-LOC-SSL-001">
</property>
</properties>
<system-out>
<![CDATA[2026-06-01 15:28:16 [29044] INFO  AutomationFramework - Loading credentials from env source
2026-06-01 15:28:16 [29044] INFO  AutomationFramework - [OK] Credentials loaded for: s-prd-clickauto@psav.com
2026-06-01 15:28:24 [29044] INFO  AutomationFramework - [OK] Authenticated session ready via shared storageState
2026-06-01 15:28:24 [29044] INFO  AutomationFramework - LocationSharedSetupLocationsPage initialized
2026-06-01 15:28:24 [29044] INFO  AutomationFramework - Navigating to locations/1604/settings/location
2026-06-01 15:28:24 [29044] INFO  AutomationFramework - Navigating to: https://cloudapps-e2e.encoreglobal.com/navigator/locations/1604/settings/location
2026-06-01 15:28:24 [29044] INFO  AutomationFramework - [OK] Navigation successful: https://cloudapps-e2e.encoreglobal.com/navigator/locations/1604/settings/location
2026-06-01 15:28:27 [29044] INFO  AutomationFramework - [OK] Tab active: tabSharedSetupLocations
]]>
</system-out>
</testcase>
<testcase name="Location Shared Setup Locations @locations @shared-setup › TC-LOC-SSL-026: Dialog number-search &quot;1233&quot; returns exactly the Miami Marriott office" classname="specs\locations\location-shared-setup-locations.spec.ts">
<properties>
<property name="fixme" value="Blocked by app bug: Miami-region offices excluded from /api/location/location-lookup visibility filter; search &quot;1233&quot; returns phantom row with empty localOffice cell. Pending Encore fix. Verified-still-blocked 2026-05-22 by user manual probe; see BUG-LOC-SHR-001 + baseline divergence SHR-DIV-006.">
</property>
</properties>
<skipped>
</skipped>
</testcase>
<testcase name="Location Shared Setup Locations @locations @shared-setup › TC-LOC-SSL-027: Combined self SI + add non-Miami row + save persists both after reload" classname="specs\locations\location-shared-setup-locations.spec.ts" time="14.753">
<properties>
<property name="dependsOn" value="TC-LOC-SSL-001">
</property>
</properties>
<system-out>
<![CDATA[2026-06-01 15:28:28 [29044] INFO  AutomationFramework - LocationSharedSetupLocationsPage initialized
2026-06-01 15:28:31 [29044] INFO  AutomationFramework - [OK] Tab active: tabSharedSetupLocations
2026-06-01 15:28:31 [29044] INFO  AutomationFramework - [CLEANUP] Dirty state: non-self=true, SI=true — cleaning
2026-06-01 15:28:31 [29044] INFO  AutomationFramework - Deleted row at index 1
2026-06-01 15:28:32 [29044] INFO  AutomationFramework - Save confirmation dialog appeared -- confirming
2026-06-01 15:28:32 [29044] INFO  AutomationFramework - [OK] Save complete (btnSave)
2026-06-01 15:28:35 [29044] INFO  AutomationFramework - [OK] Tab active: tabSharedSetupLocations
2026-06-01 15:28:35 [29044] INFO  AutomationFramework - Toggled self Shares Inventory
2026-06-01 15:28:35 [29044] INFO  AutomationFramework - Change Local Office dialog opened
2026-06-01 15:28:35 [29044] INFO  AutomationFramework - Dialog search: "Chicago"
2026-06-01 15:28:37 [29044] INFO  AutomationFramework - Selected first dialog row
2026-06-01 15:28:37 [29044] INFO  AutomationFramework - Dialog Select confirmed, dialog closed
2026-06-01 15:28:38 [29044] INFO  AutomationFramework - Save confirmation dialog appeared -- confirming
2026-06-01 15:28:38 [29044] INFO  AutomationFramework - [OK] Save complete (btnSave)
2026-06-01 15:28:41 [29044] INFO  AutomationFramework - [OK] Tab active: tabSharedSetupLocations
2026-06-01 15:28:41 [29044] INFO  AutomationFramework - Unchecked Radix checkbox: chkSelfSharesInventory
2026-06-01 15:28:42 [29044] INFO  AutomationFramework - Deleted row at index 1
2026-06-01 15:28:42 [29044] INFO  AutomationFramework - Save confirmation dialog appeared -- confirming
2026-06-01 15:28:42 [29044] INFO  AutomationFramework - [OK] Save complete (btnSave)
]]>
</system-out>
</testcase>
<testcase name="Location Shared Setup Locations @locations @shared-setup › TC-LOC-SSL-028: Top-tab switch with dirty form shows Unsaved Changes dialog; Stay preserves state" classname="specs\locations\location-shared-setup-locations.spec.ts" time="16.253">
<properties>
<property name="dependsOn" value="TC-LOC-SSL-001">
</property>
</properties>
<system-out>
<![CDATA[2026-06-01 15:28:42 [29044] INFO  AutomationFramework - LocationSharedSetupLocationsPage initialized
2026-06-01 15:28:45 [29044] INFO  AutomationFramework - [OK] Tab active: tabSharedSetupLocations
2026-06-01 15:28:45 [29044] INFO  AutomationFramework - [CLEANUP] Dirty state: non-self=false, SI=true — cleaning
2026-06-01 15:28:45 [29044] INFO  AutomationFramework - Unchecked Radix checkbox: chkSelfSharesInventory
2026-06-01 15:28:46 [29044] INFO  AutomationFramework - Save confirmation dialog appeared -- confirming
2026-06-01 15:28:47 [29044] INFO  AutomationFramework - [OK] Save complete (btnSave)
2026-06-01 15:28:50 [29044] INFO  AutomationFramework - [OK] Tab active: tabSharedSetupLocations
2026-06-01 15:28:50 [29044] INFO  AutomationFramework - Toggled self Shares Inventory
2026-06-01 15:28:50 [29044] INFO  AutomationFramework - Clicked top-level tab: tabLocationManagementHistory
2026-06-01 15:28:51 [29044] INFO  AutomationFramework - Navigating to: https://cloudapps-e2e.encoreglobal.com/navigator/navigator/locations/1604/home
2026-06-01 15:28:51 [29044] INFO  AutomationFramework - [fixture] Auto-accepting beforeunload dialog
2026-06-01 15:28:51 [29044] INFO  AutomationFramework - [OK] Navigation successful: https://cloudapps-e2e.encoreglobal.com/navigator/navigator/locations/1604/home
2026-06-01 15:28:55 [29044] INFO  AutomationFramework - Navigating to locations/1604/settings/location
2026-06-01 15:28:55 [29044] INFO  AutomationFramework - Navigating to: https://cloudapps-e2e.encoreglobal.com/navigator/locations/1604/settings/location
2026-06-01 15:28:56 [29044] INFO  AutomationFramework - [OK] Navigation successful: https://cloudapps-e2e.encoreglobal.com/navigator/locations/1604/settings/location
2026-06-01 15:28:59 [29044] INFO  AutomationFramework - [OK] Tab active: tabSharedSetupLocations
]]>
</system-out>
</testcase>
<testcase name="Location Shared Setup Locations @locations @shared-setup › TC-LOC-SSL-029: Five rapid Add-button clicks open exactly one dialog" classname="specs\locations\location-shared-setup-locations.spec.ts" time="0.649">
<properties>
<property name="dependsOn" value="TC-LOC-SSL-001">
</property>
</properties>
<system-out>
<![CDATA[2026-06-01 15:28:59 [29044] INFO  AutomationFramework - LocationSharedSetupLocationsPage initialized
2026-06-01 15:28:59 [29044] INFO  AutomationFramework - rapidClickAdd: fired 5 clicks at 50ms intervals
2026-06-01 15:28:59 [29044] INFO  AutomationFramework - Dialog Cancel clicked, dialog closed
]]>
</system-out>
</testcase>
<testcase name="Location Shared Setup Locations @locations @shared-setup › TC-LOC-SSL-030: Add three non-Miami rows + save + reload → all three persist" classname="specs\locations\location-shared-setup-locations.spec.ts">
<properties>
<property name="fixme" value="Blocked by app bug: random per-row Delete button becomes non-clickable after add+save+reload; cleanup loop spins forever clicking the dead button. Pending Encore fix.">
</property>
</properties>
<skipped>
</skipped>
</testcase>
</testsuite>
</testsuites>