<testsuites id="" name="" tests="370" failures="5" skipped="22" errors="0" time="1963.5883430000001">
<testsuite name="src\infra\auth.setup.ts" timestamp="2026-06-01T15:31:49.231Z" hostname="setup" tests="1" failures="0" skipped="0" time="28.75" errors="0">
<testcase name="acquire shared auth state" classname="src\infra\auth.setup.ts" time="28.75">
<system-out>
<![CDATA[[auth.setup] existing state stale -> refresh under lock
2026-06-01 15:32:00 [31540] INFO  AutomationFramework - Loading credentials from env source
2026-06-01 15:32:00 [31540] INFO  AutomationFramework - [OK] Credentials loaded for: s-prd-clickauto@psav.com
2026-06-01 15:32:05 [31540] INFO  AutomationFramework - LoginPage constructed for Navigator Cloud
2026-06-01 15:32:05 [31540] INFO  AutomationFramework - Starting Microsoft SSO login for s-prd-clickauto@psav.com
2026-06-01 15:32:05 [31540] INFO  AutomationFramework - Waiting for Navigator Cloud sign-in page...
2026-06-01 15:32:05 [31540] INFO  AutomationFramework - [OK] Clicked "Continue Now" on Navigator Cloud sign-in page
2026-06-01 15:32:05 [31540] INFO  AutomationFramework - Waiting for Microsoft login page...
2026-06-01 15:32:09 [31540] INFO  AutomationFramework - [OK] Microsoft login page loaded
2026-06-01 15:32:09 [31540] INFO  AutomationFramework - Entering email...
2026-06-01 15:32:09 [31540] INFO  AutomationFramework - Waiting for password field...
2026-06-01 15:32:09 [31540] INFO  AutomationFramework - Entering password...
2026-06-01 15:32:11 [31540] INFO  AutomationFramework - "Stay signed in?" prompt detected, clicking Yes...
2026-06-01 15:32:11 [31540] INFO  AutomationFramework - [OK] "Stay signed in" accepted
2026-06-01 15:32:11 [31540] INFO  AutomationFramework - Waiting for redirect to Navigator Cloud...
2026-06-01 15:32:14 [31540] INFO  AutomationFramework - [wait] Waiting for domcontentloaded after redirect...
2026-06-01 15:32:14 [31540] INFO  AutomationFramework - [wait] Waiting for full page load...
2026-06-01 15:32:14 [31540] INFO  AutomationFramework - [OK] Page load complete after redirect
2026-06-01 15:32:17 [31540] INFO  AutomationFramework - Authentication check: [OK] Authenticated -- URL: https://cloudapps-e2e.encoreglobal.com/navigator/locations/1604/home
2026-06-01 15:32:17 [31540] INFO  AutomationFramework - [OK] Microsoft SSO login successful
[auth.setup] login succeeded on attempt 1/3
[auth.setup] state saved -> C:\Users\rutvi\projects\encore_framework\clients\encore\.auth\encore-state.json
[auth.setup] state file validates -> session+csrf cookies present, not expired
]]>
</system-out>
</testcase>
</testsuite>
<testsuite name="specs\local-office\local-office-ect.spec.ts" timestamp="2026-06-01T15:31:49.231Z" hostname="encore-local-office" tests="17" failures="0" skipped="0" time="69.278" errors="0">
<testcase name="Local Office Settings — ECT Settings @locations @local-office-ect › TC-LOS-ECT-001: ECT tab — location name, commission link, currency selector" classname="specs\local-office\local-office-ect.spec.ts" time="8.362">
<system-out>
<![CDATA[2026-06-01 15:32:19 [3688] INFO  AutomationFramework - Loading credentials from env source
2026-06-01 15:32:19 [3688] INFO  AutomationFramework - [OK] Credentials loaded for: s-prd-clickauto@psav.com
2026-06-01 15:32:26 [3688] INFO  AutomationFramework - [OK] Authenticated session ready via shared storageState
2026-06-01 15:32:26 [3688] INFO  AutomationFramework - Navigating to: https://cloudapps-e2e.encoreglobal.com/navigator/locations/1604/settings/local-office
2026-06-01 15:32:26 [3688] INFO  AutomationFramework - [OK] Navigation successful: https://cloudapps-e2e.encoreglobal.com/navigator/locations/1604/settings/local-office
2026-06-01 15:32:32 [3688] INFO  AutomationFramework - [OK] Tab active: tabBasicInformation
2026-06-01 15:32:34 [3688] INFO  AutomationFramework - Text content from lblEctLocationName: 1604 - Parker Palm Springs...
]]>
</system-out>
</testcase>
<testcase name="Local Office Settings — ECT Settings @locations @local-office-ect › TC-LOS-ECT-002: Currency selector — contains USD" classname="specs\local-office\local-office-ect.spec.ts" time="0.139">
<properties>
<property name="dependsOn" value="TC-LOS-ECT-001">
</property>
</properties>
</testcase>
<testcase name="Local Office Settings — ECT Settings @locations @local-office-ect › TC-LOS-ECT-003: Event Profit Target — label visible, read-only" classname="specs\local-office\local-office-ect.spec.ts" time="0.023">
<properties>
<property name="dependsOn" value="TC-LOS-ECT-001">
</property>
</properties>
<system-out>
<![CDATA[2026-06-01 15:32:34 [3688] INFO  AutomationFramework - Text content from lblEventProfitTarget: Event Profit Target...
]]>
</system-out>
</testcase>
<testcase name="Local Office Settings — ECT Settings @locations @local-office-ect › TC-LOS-ECT-004: Fixed cost display fields — 7 correct values" classname="specs\local-office\local-office-ect.spec.ts" time="0.124">
<properties>
<property name="dependsOn" value="TC-LOS-ECT-001">
</property>
</properties>
</testcase>
<testcase name="Local Office Settings — ECT Settings @locations @local-office-ect › TC-LOS-ECT-005: Benefits Multiplier — edit, save, persist" classname="specs\local-office\local-office-ect.spec.ts" time="4.437">
<properties>
<property name="dependsOn" value="TC-LOS-ECT-001">
</property>
</properties>
<system-out>
<![CDATA[2026-06-01 15:32:35 [3688] INFO  AutomationFramework - [OK] Save button disabled (btnSaveFixedCosts) — save complete, form pristine
2026-06-01 15:32:39 [3688] INFO  AutomationFramework - [OK] Save button disabled (btnSaveFixedCosts) — save complete, form pristine
]]>
</system-out>
</testcase>
<testcase name="Local Office Settings — ECT Settings @locations @local-office-ect › TC-LOS-ECT-006: Historical Subrental % — editable" classname="specs\local-office\local-office-ect.spec.ts" time="5.283">
<properties>
<property name="dependsOn" value="TC-LOS-ECT-001">
</property>
</properties>
<system-out>
<![CDATA[2026-06-01 15:32:39 [3688] INFO  AutomationFramework - Navigating to: https://cloudapps-e2e.encoreglobal.com/navigator/locations/1604/settings/local-office
2026-06-01 15:32:39 [3688] INFO  AutomationFramework - [fixture] Auto-accepting beforeunload dialog
2026-06-01 15:32:39 [3688] INFO  AutomationFramework - [dialog] Auto-accepting beforeunload dialog during safe navigation
2026-06-01 15:32:39 [3688] INFO  AutomationFramework - [dialog] Beforeunload dialog already handled by another listener
2026-06-01 15:32:39 [3688] INFO  AutomationFramework - [OK] Navigation successful: https://cloudapps-e2e.encoreglobal.com/navigator/locations/1604/settings/local-office
]]>
</system-out>
</testcase>
<testcase name="Local Office Settings — ECT Settings @locations @local-office-ect › TC-LOS-ECT-007: Two independent Save buttons" classname="specs\local-office\local-office-ect.spec.ts" time="6.726">
<properties>
<property name="dependsOn" value="TC-LOS-ECT-001">
</property>
</properties>
<system-out>
<![CDATA[2026-06-01 15:32:44 [3688] INFO  AutomationFramework - [OK] Tab active: tabBasicInformation
2026-06-01 15:32:47 [3688] INFO  AutomationFramework - Navigating to: https://cloudapps-e2e.encoreglobal.com/navigator/locations/1604/settings/local-office
2026-06-01 15:32:47 [3688] INFO  AutomationFramework - [fixture] Auto-accepting beforeunload dialog
2026-06-01 15:32:47 [3688] INFO  AutomationFramework - [dialog] Auto-accepting beforeunload dialog during safe navigation
2026-06-01 15:32:47 [3688] INFO  AutomationFramework - [dialog] Beforeunload dialog already handled by another listener
2026-06-01 15:32:47 [3688] INFO  AutomationFramework - [OK] Navigation successful: https://cloudapps-e2e.encoreglobal.com/navigator/locations/1604/settings/local-office
]]>
</system-out>
</testcase>
<testcase name="Local Office Settings — ECT Settings @locations @local-office-ect › TC-LOS-ECT-008: Labor Cost Assumptions — class read-only, cost editable" classname="specs\local-office\local-office-ect.spec.ts" time="0.047">
<properties>
<property name="dependsOn" value="TC-LOS-ECT-001">
</property>
</properties>
<system-out>
<![CDATA[2026-06-01 15:32:51 [3688] INFO  AutomationFramework - Text content from lblLaborCostAssumptions: Labor Cost Assumptions...
]]>
</system-out>
</testcase>
<testcase name="Local Office Settings — ECT Settings @locations @local-office-ect › TC-LOS-ECT-009: Labor cost — edit, save, persist" classname="specs\local-office\local-office-ect.spec.ts" time="6.23">
<properties>
<property name="dependsOn" value="TC-LOS-ECT-001">
</property>
</properties>
<system-out>
<![CDATA[2026-06-01 15:32:51 [3688] INFO  AutomationFramework - [OK] Tab active: tabBasicInformation
2026-06-01 15:32:54 [3688] INFO  AutomationFramework - [OK] Save button disabled (btnSaveLaborCosts) — save complete, form pristine
2026-06-01 15:32:57 [3688] INFO  AutomationFramework - [OK] Save button disabled (btnSaveLaborCosts) — save complete, form pristine
]]>
</system-out>
</testcase>
<testcase name="Local Office Settings — ECT Settings @locations @local-office-ect › TC-LOS-ECT-010: Labor cost — non-numeric reverts silently" classname="specs\local-office\local-office-ect.spec.ts" time="0.136">
<properties>
<property name="dependsOn" value="TC-LOS-ECT-001">
</property>
</properties>
</testcase>
<testcase name="Local Office Settings — ECT Settings @locations @local-office-ect › TC-LOS-ECT-011: SubRental Matrix — label visible, read-only" classname="specs\local-office\local-office-ect.spec.ts" time="0.029">
<properties>
<property name="dependsOn" value="TC-LOS-ECT-001">
</property>
</properties>
<system-out>
<![CDATA[2026-06-01 15:32:57 [3688] INFO  AutomationFramework - Text content from lblSubRentalMatrix: SubRental Matrix...
]]>
</system-out>
</testcase>
<testcase name="Local Office Settings — ECT Settings @locations @local-office-ect › TC-LOS-ECT-012: ECT Save — no confirmation dialog, no unsaved dialog after" classname="specs\local-office\local-office-ect.spec.ts" time="4.482">
<properties>
<property name="dependsOn" value="TC-LOS-ECT-001">
</property>
</properties>
<system-out>
<![CDATA[2026-06-01 15:32:58 [3688] INFO  AutomationFramework - [OK] Save button disabled (btnSaveFixedCosts) — save complete, form pristine
2026-06-01 15:32:59 [3688] INFO  AutomationFramework - Dismissed "Unsaved changes" alertdialog
2026-06-01 15:33:02 [3688] INFO  AutomationFramework - [OK] Save button disabled (btnSaveFixedCosts) — save complete, form pristine
]]>
</system-out>
</testcase>
<testcase name="Local Office Settings — ECT Settings @locations @local-office-ect › TC-LOS-ECT-013: Historical Subrental % — edit, save, persist" classname="specs\local-office\local-office-ect.spec.ts" time="4.367">
<properties>
<property name="dependsOn" value="TC-LOS-ECT-001">
</property>
</properties>
<system-out>
<![CDATA[2026-06-01 15:33:03 [3688] INFO  AutomationFramework - [OK] Save button disabled (btnSaveFixedCosts) — save complete, form pristine
2026-06-01 15:33:06 [3688] INFO  AutomationFramework - [OK] Save button disabled (btnSaveFixedCosts) — save complete, form pristine
]]>
</system-out>
</testcase>
<testcase name="Local Office Settings — ECT Settings @locations @local-office-ect › TC-LOS-ECT-014: Labor cost Middle row (index 33) — persistence" classname="specs\local-office\local-office-ect.spec.ts" time="6.236">
<properties>
<property name="dependsOn" value="TC-LOS-ECT-001">
</property>
</properties>
<system-out>
<![CDATA[2026-06-01 15:33:06 [3688] INFO  AutomationFramework - [OK] Tab active: tabBasicInformation
2026-06-01 15:33:09 [3688] INFO  AutomationFramework - [OK] Save button disabled (btnSaveLaborCosts) — save complete, form pristine
2026-06-01 15:33:12 [3688] INFO  AutomationFramework - [OK] Save button disabled (btnSaveLaborCosts) — save complete, form pristine
]]>
</system-out>
</testcase>
<testcase name="Local Office Settings — ECT Settings @locations @local-office-ect › TC-LOS-ECT-015: Labor cost Last row (index 65) — persistence" classname="specs\local-office\local-office-ect.spec.ts" time="6.774">
<properties>
<property name="dependsOn" value="TC-LOS-ECT-001">
</property>
</properties>
<system-out>
<![CDATA[2026-06-01 15:33:13 [3688] INFO  AutomationFramework - [OK] Tab active: tabBasicInformation
2026-06-01 15:33:16 [3688] INFO  AutomationFramework - [OK] Save button disabled (btnSaveLaborCosts) — save complete, form pristine
2026-06-01 15:33:19 [3688] INFO  AutomationFramework - [OK] Save button disabled (btnSaveLaborCosts) — save complete, form pristine
]]>
</system-out>
</testcase>
<testcase name="Local Office Settings — ECT Settings @locations @local-office-ect › TC-LOS-ECT-016: Multi-field Fixed Costs — single save persists both BM and HS" classname="specs\local-office\local-office-ect.spec.ts" time="10.453">
<properties>
<property name="dependsOn" value="TC-LOS-ECT-001">
</property>
</properties>
<system-out>
<![CDATA[2026-06-01 15:33:19 [3688] INFO  AutomationFramework - [OK] Tab active: tabBasicInformation
2026-06-01 15:33:23 [3688] INFO  AutomationFramework - [OK] Save button disabled (btnSaveFixedCosts) — save complete, form pristine
2026-06-01 15:33:23 [3688] INFO  AutomationFramework - Navigating to: https://cloudapps-e2e.encoreglobal.com/navigator/locations/1604/settings/local-office
2026-06-01 15:33:23 [3688] INFO  AutomationFramework - [OK] Navigation successful: https://cloudapps-e2e.encoreglobal.com/navigator/locations/1604/settings/local-office
2026-06-01 15:33:30 [3688] INFO  AutomationFramework - [OK] Save button disabled (btnSaveFixedCosts) — save complete, form pristine
]]>
</system-out>
</testcase>
<testcase name="Local Office Settings — ECT Settings @locations @local-office-ect › TC-LOS-ECT-017: Discard unsaved changes — no persistence" classname="specs\local-office\local-office-ect.spec.ts" time="5.43">
<properties>
<property name="dependsOn" value="TC-LOS-ECT-001">
</property>
</properties>
<system-out>
<![CDATA[2026-06-01 15:33:30 [3688] INFO  AutomationFramework - [OK] Tab active: tabBasicInformation
]]>
</system-out>
</testcase>
</testsuite>
<testsuite name="specs\local-office\local-office-history.spec.ts" timestamp="2026-06-01T15:31:49.231Z" hostname="encore-local-office" tests="7" failures="1" skipped="0" time="16.485" errors="0">
<testcase name="Local Office Settings — History Tab @locations @local-office-history › TC-LOS-HIS-001: History tab — type selector and table visible" classname="specs\local-office\local-office-history.spec.ts" time="2.169">
<system-out>
<![CDATA[2026-06-01 15:33:35 [3688] INFO  AutomationFramework - [OK] Tab active: tabBasicInformation
]]>
</system-out>
</testcase>
<testcase name="Local Office Settings — History Tab @locations @local-office-history › TC-LOS-HIS-002: History table has column headers" classname="specs\local-office\local-office-history.spec.ts" time="0.039">
<properties>
<property name="dependsOn" value="TC-LOS-HIS-001">
</property>
</properties>
</testcase>
<testcase name="Local Office Settings — History Tab @locations @local-office-history › TC-LOS-HIS-003: History table has data for office 1604" classname="specs\local-office\local-office-history.spec.ts" time="0.041">
<properties>
<property name="dependsOn" value="TC-LOS-HIS-001">
</property>
</properties>
</testcase>
<testcase name="Local Office Settings — History Tab @locations @local-office-history › TC-LOS-HIS-004: History type selector — 2 options" classname="specs\local-office\local-office-history.spec.ts" time="0.255">
<properties>
<property name="dependsOn" value="TC-LOS-HIS-001">
</property>
</properties>
</testcase>
<testcase name="Local Office Settings — History Tab @locations @local-office-history › TC-LOS-HIS-005: Pagination controls present" classname="specs\local-office\local-office-history.spec.ts" time="0.079">
<properties>
<property name="dependsOn" value="TC-LOS-HIS-001">
</property>
</properties>
</testcase>
<testcase name="Local Office Settings — History Tab @locations @local-office-history › TC-LOS-HIS-006: History tab is read-only — no Save, no editable fields" classname="specs\local-office\local-office-history.spec.ts" time="5.23">
<properties>
<property name="dependsOn" value="TC-LOS-HIS-001">
</property>
</properties>
<system-out>
<![CDATA[
[[ATTACHMENT|test-results\local-office-history-Local-c0425--no-Save-no-editable-fields-encore-local-office\test-failed-1.png]]

[[ATTACHMENT|test-results\local-office-history-Local-c0425--no-Save-no-editable-fields-encore-local-office\error-context.md]]

[[ATTACHMENT|test-results\local-office-history-Local-c0425--no-Save-no-editable-fields-encore-local-office\trace.zip]]
2026-06-01 15:33:39 [34976] INFO  AutomationFramework - Loading credentials from env source
2026-06-01 15:33:39 [34976] INFO  AutomationFramework - [OK] Credentials loaded for: s-prd-clickauto@psav.com
2026-06-01 15:33:46 [34976] INFO  AutomationFramework - [OK] Authenticated session ready via shared storageState
2026-06-01 15:33:46 [34976] INFO  AutomationFramework - Navigating to: https://cloudapps-e2e.encoreglobal.com/navigator/locations/1604/settings/local-office
2026-06-01 15:33:46 [34976] INFO  AutomationFramework - [OK] Navigation successful: https://cloudapps-e2e.encoreglobal.com/navigator/locations/1604/settings/local-office

[[ATTACHMENT|test-results\local-office-history-Local-c0425--no-Save-no-editable-fields-encore-local-office-retry1\test-failed-1.png]]

[[ATTACHMENT|test-results\local-office-history-Local-c0425--no-Save-no-editable-fields-encore-local-office-retry1\error-context.md]]

[[ATTACHMENT|test-results\local-office-history-Local-c0425--no-Save-no-editable-fields-encore-local-office-retry1\trace.zip]]
]]>
</system-out>
<failure message="expect(received).toBe(expected) // Object.is equality" type="expect.toBe">
<![CDATA[  [encore-local-office] › specs\local-office\local-office-history.spec.ts:55:7 › Local Office Settings — History Tab @locations @local-office-history › TC-LOS-HIS-006: History tab is read-only — no Save, no editable fields 

    Error: expect(received).toBe(expected) // Object.is equality

    Expected: true
    Received: false

      55 |   test('TC-LOS-HIS-006: History tab is read-only — no Save, no editable fields', async ({ localOfficeHistoryPage, dependencyGate }) => {
      56 |     dependencyGate(['TC-LOS-HIS-001']);
    > 57 |     expect(await localOfficeHistoryPage.isHistoryTabReadOnly()).toBe(true);
         |                                                                 ^
      58 |   });
      59 |
      60 |   test('TC-LOS-HIS-007: Sort buttons present', async ({ localOfficeHistoryPage, dependencyGate }) => {
        at C:\Users\rutvi\projects\encore_framework\clients\encore\specs\local-office\local-office-history.spec.ts:57:65

    attachment #1: screenshot (image/png) ──────────────────────────────────────────────────────────
    reports\test-results\local-office-history-Local-c0425--no-Save-no-editable-fields-encore-local-office\test-failed-1.png
    ────────────────────────────────────────────────────────────────────────────────────────────────

    Error Context: reports\test-results\local-office-history-Local-c0425--no-Save-no-editable-fields-encore-local-office\error-context.md

    attachment #4: trace (application/zip) ─────────────────────────────────────────────────────────
    reports\test-results\local-office-history-Local-c0425--no-Save-no-editable-fields-encore-local-office\trace.zip
    Usage:

        npx playwright show-trace reports\test-results\local-office-history-Local-c0425--no-Save-no-editable-fields-encore-local-office\trace.zip

    ────────────────────────────────────────────────────────────────────────────────────────────────

    Retry #1 ───────────────────────────────────────────────────────────────────────────────────────

    Error: expect(received).toBe(expected) // Object.is equality

    Expected: true
    Received: false

      55 |   test('TC-LOS-HIS-006: History tab is read-only — no Save, no editable fields', async ({ localOfficeHistoryPage, dependencyGate }) => {
      56 |     dependencyGate(['TC-LOS-HIS-001']);
    > 57 |     expect(await localOfficeHistoryPage.isHistoryTabReadOnly()).toBe(true);
         |                                                                 ^
      58 |   });
      59 |
      60 |   test('TC-LOS-HIS-007: Sort buttons present', async ({ localOfficeHistoryPage, dependencyGate }) => {
        at C:\Users\rutvi\projects\encore_framework\clients\encore\specs\local-office\local-office-history.spec.ts:57:65

    attachment #1: screenshot (image/png) ──────────────────────────────────────────────────────────
    reports\test-results\local-office-history-Local-c0425--no-Save-no-editable-fields-encore-local-office-retry1\test-failed-1.png
    ────────────────────────────────────────────────────────────────────────────────────────────────

    Error Context: reports\test-results\local-office-history-Local-c0425--no-Save-no-editable-fields-encore-local-office-retry1\error-context.md

    attachment #4: trace (application/zip) ─────────────────────────────────────────────────────────
    reports\test-results\local-office-history-Local-c0425--no-Save-no-editable-fields-encore-local-office-retry1\trace.zip
    Usage:

        npx playwright show-trace reports\test-results\local-office-history-Local-c0425--no-Save-no-editable-fields-encore-local-office-retry1\trace.zip

    ────────────────────────────────────────────────────────────────────────────────────────────────
]]>
</failure>
</testcase>
<testcase name="Local Office Settings — History Tab @locations @local-office-history › TC-LOS-HIS-007: Sort buttons present" classname="specs\local-office\local-office-history.spec.ts" time="8.672">
<properties>
<property name="dependsOn" value="TC-LOS-HIS-001">
</property>
</properties>
<system-out>
<![CDATA[2026-06-01 15:33:52 [26620] INFO  AutomationFramework - Loading credentials from env source
2026-06-01 15:33:52 [26620] INFO  AutomationFramework - [OK] Credentials loaded for: s-prd-clickauto@psav.com
2026-06-01 15:33:58 [26620] INFO  AutomationFramework - [OK] Authenticated session ready via shared storageState
2026-06-01 15:33:58 [26620] INFO  AutomationFramework - Navigating to: https://cloudapps-e2e.encoreglobal.com/navigator/locations/1604/settings/local-office
2026-06-01 15:33:59 [26620] INFO  AutomationFramework - [OK] Navigation successful: https://cloudapps-e2e.encoreglobal.com/navigator/locations/1604/settings/local-office
]]>
</system-out>
</testcase>
</testsuite>
<testsuite name="specs\local-office\local-office-settings.spec.ts" timestamp="2026-06-01T15:31:49.231Z" hostname="encore-local-office" tests="59" failures="1" skipped="1" time="202.896" errors="0">
<testcase name="Local Office Settings — Basic Information @locations @local-office-settings › TC-LOS-BAS-001: Page load — title, 3 tabs, Basic Info active, Save disabled" classname="specs\local-office\local-office-settings.spec.ts" time="0.462">
<system-out>
<![CDATA[2026-06-01 15:34:07 [26620] INFO  AutomationFramework - [OK] Tab active: tabBasicInformation
]]>
</system-out>
</testcase>
<testcase name="Local Office Settings — Basic Information @locations @local-office-settings › TC-LOS-BAS-002: Default date offsets — all 6 match expected values" classname="specs\local-office\local-office-settings.spec.ts" time="0.078">
<properties>
<property name="dependsOn" value="TC-LOS-BAS-001">
</property>
</properties>
</testcase>
<testcase name="Local Office Settings — Basic Information @locations @local-office-settings › TC-LOS-BAS-003: Save button disabled on fresh load" classname="specs\local-office\local-office-settings.spec.ts" time="0.022">
<properties>
<property name="dependsOn" value="TC-LOS-BAS-001">
</property>
</properties>
</testcase>
<testcase name="Local Office Settings — Basic Information @locations @local-office-settings › TC-LOS-BAS-004: Editing date offset enables Save" classname="specs\local-office\local-office-settings.spec.ts" time="0.31">
<properties>
<property name="dependsOn" value="TC-LOS-BAS-001">
</property>
</properties>
</testcase>
<testcase name="Local Office Settings — Basic Information @locations @local-office-settings › TC-LOS-BAS-005: Date offset — edit, save, persist after reload" classname="specs\local-office\local-office-settings.spec.ts" time="5.395">
<properties>
<property name="dependsOn" value="TC-LOS-BAS-001">
</property>
</properties>
<system-out>
<![CDATA[2026-06-01 15:34:08 [26620] INFO  AutomationFramework - [OK] Save button enabled
2026-06-01 15:34:08 [26620] INFO  AutomationFramework - Save confirmation dialog appeared -- confirming
2026-06-01 15:34:09 [26620] INFO  AutomationFramework - [OK] Save complete (btnSave)
2026-06-01 15:34:09 [26620] INFO  AutomationFramework - Navigating to: https://cloudapps-e2e.encoreglobal.com/navigator/locations/1604/settings/local-office
2026-06-01 15:34:10 [26620] INFO  AutomationFramework - [OK] Navigation successful: https://cloudapps-e2e.encoreglobal.com/navigator/locations/1604/settings/local-office
2026-06-01 15:34:12 [26620] INFO  AutomationFramework - [OK] Save button enabled
2026-06-01 15:34:12 [26620] INFO  AutomationFramework - Save confirmation dialog appeared -- confirming
2026-06-01 15:34:13 [26620] INFO  AutomationFramework - [OK] Save complete (btnSave)
]]>
</system-out>
</testcase>
<testcase name="Local Office Settings — Basic Information @locations @local-office-settings › TC-LOS-BAS-006: Non-numeric input triggers aria-invalid, Save disabled" classname="specs\local-office\local-office-settings.spec.ts" time="11.394">
<properties>
<property name="dependsOn" value="TC-LOS-BAS-001">
</property>
</properties>
<system-out>
<![CDATA[
[[ATTACHMENT|test-results\local-office-settings-Loca-1b296--aria-invalid-Save-disabled-encore-local-office\test-failed-1.png]]

[[ATTACHMENT|test-results\local-office-settings-Loca-1b296--aria-invalid-Save-disabled-encore-local-office\error-context.md]]

[[ATTACHMENT|test-results\local-office-settings-Loca-1b296--aria-invalid-Save-disabled-encore-local-office\trace.zip]]
2026-06-01 15:34:19 [31060] INFO  AutomationFramework - Loading credentials from env source
2026-06-01 15:34:19 [31060] INFO  AutomationFramework - [OK] Credentials loaded for: s-prd-clickauto@psav.com
2026-06-01 15:34:26 [31060] INFO  AutomationFramework - [OK] Authenticated session ready via shared storageState
2026-06-01 15:34:26 [31060] INFO  AutomationFramework - Navigating to: https://cloudapps-e2e.encoreglobal.com/navigator/locations/1604/settings/local-office
2026-06-01 15:34:26 [31060] INFO  AutomationFramework - [OK] Navigation successful: https://cloudapps-e2e.encoreglobal.com/navigator/locations/1604/settings/local-office
2026-06-01 15:34:28 [31060] INFO  AutomationFramework - Navigating to: https://cloudapps-e2e.encoreglobal.com/navigator/locations/1604/settings/local-office
2026-06-01 15:34:28 [31060] INFO  AutomationFramework - [fixture] Auto-accepting beforeunload dialog
2026-06-01 15:34:28 [31060] INFO  AutomationFramework - [dialog] Auto-accepting beforeunload dialog during safe navigation
2026-06-01 15:34:28 [31060] INFO  AutomationFramework - [dialog] Beforeunload dialog already handled by another listener
2026-06-01 15:34:30 [31060] INFO  AutomationFramework - [OK] Navigation successful: https://cloudapps-e2e.encoreglobal.com/navigator/locations/1604/settings/local-office
]]>
</system-out>
</testcase>
<testcase name="Local Office Settings — Basic Information @locations @local-office-settings › TC-LOS-BAS-007: NM-1264 — Delivery &lt; Prep triggers aria-invalid on Delivery" classname="specs\local-office\local-office-settings.spec.ts" time="0.256">
<properties>
<property name="dependsOn" value="TC-LOS-BAS-001">
</property>
</properties>
</testcase>
<testcase name="Local Office Settings — Basic Information @locations @local-office-settings › TC-LOS-BAS-008: NM-1264 error recovery — correcting value clears error" classname="specs\local-office\local-office-settings.spec.ts" time="0.484">
<properties>
<property name="dependsOn" value="TC-LOS-BAS-001">
</property>
</properties>
</testcase>
<testcase name="Local Office Settings — Basic Information @locations @local-office-settings › TC-LOS-BAS-009: Negative value accepted for date offset" classname="specs\local-office\local-office-settings.spec.ts" time="0.343">
<properties>
<property name="dependsOn" value="TC-LOS-BAS-001">
</property>
</properties>
</testcase>
<testcase name="Local Office Settings — Basic Information @locations @local-office-settings › TC-LOS-BAS-010: Zero value accepted for date offset" classname="specs\local-office\local-office-settings.spec.ts" time="0.269">
<properties>
<property name="dependsOn" value="TC-LOS-BAS-001">
</property>
</properties>
</testcase>
<testcase name="Local Office Settings — Basic Information @locations @local-office-settings › TC-LOS-BAS-011: Checkbox default states — Fulfillment/QC/Labor/Job" classname="specs\local-office\local-office-settings.spec.ts" time="0.141">
<properties>
<property name="dependsOn" value="TC-LOS-BAS-001">
</property>
</properties>
</testcase>
<testcase name="Local Office Settings — Basic Information @locations @local-office-settings › TC-LOS-BAS-012: Fulfillment toggle cascades to QC enabled/disabled" classname="specs\local-office\local-office-settings.spec.ts" time="0.255">
<properties>
<property name="dependsOn" value="TC-LOS-BAS-001">
</property>
</properties>
<system-out>
<![CDATA[2026-06-01 15:34:34 [31060] INFO  AutomationFramework - Checked Radix checkbox: chkUseFulfillment
2026-06-01 15:34:34 [31060] INFO  AutomationFramework - Unchecked Radix checkbox: chkUseFulfillment
]]>
</system-out>
</testcase>
<testcase name="Local Office Settings — Basic Information @locations @local-office-settings › TC-LOS-BAS-013: Fulfillment checked + QC cascade persists after save" classname="specs\local-office\local-office-settings.spec.ts" time="4.559">
<properties>
<property name="dependsOn" value="TC-LOS-BAS-001">
</property>
</properties>
<system-out>
<![CDATA[2026-06-01 15:34:34 [31060] INFO  AutomationFramework - Checked Radix checkbox: chkUseFulfillment
2026-06-01 15:34:34 [31060] INFO  AutomationFramework - Save confirmation dialog appeared -- confirming
2026-06-01 15:34:35 [31060] INFO  AutomationFramework - [OK] Save complete (btnSave)
2026-06-01 15:34:35 [31060] INFO  AutomationFramework - Navigating to: https://cloudapps-e2e.encoreglobal.com/navigator/locations/1604/settings/local-office
2026-06-01 15:34:35 [31060] INFO  AutomationFramework - [OK] Navigation successful: https://cloudapps-e2e.encoreglobal.com/navigator/locations/1604/settings/local-office
2026-06-01 15:34:37 [31060] INFO  AutomationFramework - Unchecked Radix checkbox: chkUseFulfillment
2026-06-01 15:34:37 [31060] INFO  AutomationFramework - Save confirmation dialog appeared -- confirming
2026-06-01 15:34:38 [31060] INFO  AutomationFramework - [OK] Save complete (btnSave)
]]>
</system-out>
</testcase>
<testcase name="Local Office Settings — Basic Information @locations @local-office-settings › TC-LOS-BAS-014: Default Labor to Hourly toggle persists after save" classname="specs\local-office\local-office-settings.spec.ts" time="4.659">
<properties>
<property name="dependsOn" value="TC-LOS-BAS-001">
</property>
</properties>
<system-out>
<![CDATA[2026-06-01 15:34:38 [31060] INFO  AutomationFramework - Checked Radix checkbox: chkDefaultLaborToHourly
2026-06-01 15:34:39 [31060] INFO  AutomationFramework - Save confirmation dialog appeared -- confirming
2026-06-01 15:34:40 [31060] INFO  AutomationFramework - [OK] Save complete (btnSave)
2026-06-01 15:34:40 [31060] INFO  AutomationFramework - Navigating to: https://cloudapps-e2e.encoreglobal.com/navigator/locations/1604/settings/local-office
2026-06-01 15:34:40 [31060] INFO  AutomationFramework - [OK] Navigation successful: https://cloudapps-e2e.encoreglobal.com/navigator/locations/1604/settings/local-office
2026-06-01 15:34:42 [31060] INFO  AutomationFramework - Unchecked Radix checkbox: chkDefaultLaborToHourly
2026-06-01 15:34:42 [31060] INFO  AutomationFramework - Save confirmation dialog appeared -- confirming
2026-06-01 15:34:43 [31060] INFO  AutomationFramework - [OK] Save complete (btnSave)
]]>
</system-out>
</testcase>
<testcase name="Local Office Settings — Basic Information @locations @local-office-settings › TC-LOS-BAS-015: Empty Phone 1 triggers aria-invalid, Save disabled" classname="specs\local-office\local-office-settings.spec.ts" time="2.744">
<properties>
<property name="dependsOn" value="TC-LOS-BAS-001">
</property>
</properties>
<system-out>
<![CDATA[2026-06-01 15:34:43 [31060] INFO  AutomationFramework - Navigating to: https://cloudapps-e2e.encoreglobal.com/navigator/locations/1604/settings/local-office
2026-06-01 15:34:44 [31060] INFO  AutomationFramework - [OK] Navigation successful: https://cloudapps-e2e.encoreglobal.com/navigator/locations/1604/settings/local-office
]]>
</system-out>
</testcase>
<testcase name="Local Office Settings — Basic Information @locations @local-office-settings › TC-LOS-BAS-016: Phone 1 accepts non-phone format — no format validation" classname="specs\local-office\local-office-settings.spec.ts" time="2.916">
<properties>
<property name="dependsOn" value="TC-LOS-BAS-001">
</property>
</properties>
<system-out>
<![CDATA[2026-06-01 15:34:46 [31060] INFO  AutomationFramework - Navigating to: https://cloudapps-e2e.encoreglobal.com/navigator/locations/1604/settings/local-office
2026-06-01 15:34:47 [31060] INFO  AutomationFramework - [OK] Navigation successful: https://cloudapps-e2e.encoreglobal.com/navigator/locations/1604/settings/local-office
]]>
</system-out>
</testcase>
<testcase name="Local Office Settings — Basic Information @locations @local-office-settings › TC-LOS-BAS-017: Valid phone persists after save and reload" classname="specs\local-office\local-office-settings.spec.ts" time="5.076">
<properties>
<property name="dependsOn" value="TC-LOS-BAS-001">
</property>
</properties>
<system-out>
<![CDATA[2026-06-01 15:34:49 [31060] INFO  AutomationFramework - [OK] Save button enabled
2026-06-01 15:34:49 [31060] INFO  AutomationFramework - Save confirmation dialog appeared -- confirming
2026-06-01 15:34:50 [31060] INFO  AutomationFramework - [OK] Save complete (btnSave)
2026-06-01 15:34:50 [31060] INFO  AutomationFramework - Navigating to: https://cloudapps-e2e.encoreglobal.com/navigator/locations/1604/settings/local-office
2026-06-01 15:34:51 [31060] INFO  AutomationFramework - [OK] Navigation successful: https://cloudapps-e2e.encoreglobal.com/navigator/locations/1604/settings/local-office
2026-06-01 15:34:53 [31060] INFO  AutomationFramework - [OK] Save button enabled
2026-06-01 15:34:53 [31060] INFO  AutomationFramework - Save confirmation dialog appeared -- confirming
2026-06-01 15:34:54 [31060] INFO  AutomationFramework - [OK] Save complete (btnSave)
]]>
</system-out>
</testcase>
<testcase name="Local Office Settings — Basic Information @locations @local-office-settings › TC-LOS-BAS-018: Phone 1 error recovery — valid phone clears aria-invalid" classname="specs\local-office\local-office-settings.spec.ts" time="3.381">
<properties>
<property name="dependsOn" value="TC-LOS-BAS-001">
</property>
</properties>
<system-out>
<![CDATA[2026-06-01 15:34:54 [31060] INFO  AutomationFramework - Navigating to: https://cloudapps-e2e.encoreglobal.com/navigator/locations/1604/settings/local-office
2026-06-01 15:34:55 [31060] INFO  AutomationFramework - [OK] Navigation successful: https://cloudapps-e2e.encoreglobal.com/navigator/locations/1604/settings/local-office
]]>
</system-out>
</testcase>
<testcase name="Local Office Settings — Basic Information @locations @local-office-settings › TC-LOS-BAS-019: Phone 2 optional — empty does not trigger validation" classname="specs\local-office\local-office-settings.spec.ts" time="0.193">
<properties>
<property name="dependsOn" value="TC-LOS-BAS-001">
</property>
</properties>
</testcase>
<testcase name="Local Office Settings — Basic Information @locations @local-office-settings › TC-LOS-BAS-020: Default New Job 1 Day — 3 sub-checkboxes toggle independently" classname="specs\local-office\local-office-settings.spec.ts" time="0.809">
<properties>
<property name="dependsOn" value="TC-LOS-BAS-001">
</property>
</properties>
<system-out>
<![CDATA[2026-06-01 15:34:58 [31060] INFO  AutomationFramework - Checked Radix checkbox: chkDefaultJobOneDayEvent
2026-06-01 15:34:58 [31060] INFO  AutomationFramework - Checked Radix checkbox: chkDefaultJobOneDayOutside
2026-06-01 15:34:58 [31060] INFO  AutomationFramework - Checked Radix checkbox: chkDefaultJobOneDayInternal
2026-06-01 15:34:58 [31060] INFO  AutomationFramework - Unchecked Radix checkbox: chkDefaultJobOneDayEvent
2026-06-01 15:34:58 [31060] INFO  AutomationFramework - Unchecked Radix checkbox: chkDefaultJobOneDayOutside
2026-06-01 15:34:58 [31060] INFO  AutomationFramework - Unchecked Radix checkbox: chkDefaultJobOneDayInternal
]]>
</system-out>
</testcase>
<testcase name="Local Office Settings — Basic Information @locations @local-office-settings › TC-LOS-BAS-021: Default Order Type — 2 options (Event, Outside)" classname="specs\local-office\local-office-settings.spec.ts" time="0.272">
<properties>
<property name="dependsOn" value="TC-LOS-BAS-001">
</property>
</properties>
</testcase>
<testcase name="Local Office Settings — Basic Information @locations @local-office-settings › TC-LOS-BAS-022: Default Order Type — selection persists after save" classname="specs\local-office\local-office-settings.spec.ts" time="6.765">
<properties>
<property name="dependsOn" value="TC-LOS-BAS-001">
</property>
</properties>
<system-out>
<![CDATA[2026-06-01 15:34:59 [31060] INFO  AutomationFramework - [OK] Selected combobox option "Outside" for drpDefaultOrderType
2026-06-01 15:34:59 [31060] INFO  AutomationFramework - Save confirmation dialog appeared -- confirming
2026-06-01 15:35:00 [31060] INFO  AutomationFramework - [OK] Save complete (btnSave)
2026-06-01 15:35:00 [31060] INFO  AutomationFramework - Navigating to: https://cloudapps-e2e.encoreglobal.com/navigator/locations/1604/settings/local-office
2026-06-01 15:35:01 [31060] INFO  AutomationFramework - [OK] Navigation successful: https://cloudapps-e2e.encoreglobal.com/navigator/locations/1604/settings/local-office
2026-06-01 15:35:04 [31060] INFO  AutomationFramework - [OK] Selected combobox option "Event" for drpDefaultOrderType
2026-06-01 15:35:04 [31060] INFO  AutomationFramework - Save confirmation dialog appeared -- confirming
2026-06-01 15:35:05 [31060] INFO  AutomationFramework - [OK] Save complete (btnSave)
]]>
</system-out>
</testcase>
<testcase name="Local Office Settings — Basic Information @locations @local-office-settings › TC-LOS-BAS-023: PO Number persists after save and reload" classname="specs\local-office\local-office-settings.spec.ts" time="7.134">
<properties>
<property name="dependsOn" value="TC-LOS-BAS-001">
</property>
</properties>
<system-out>
<![CDATA[2026-06-01 15:35:05 [31060] INFO  AutomationFramework - Navigating to: https://cloudapps-e2e.encoreglobal.com/navigator/locations/1604/settings/local-office
2026-06-01 15:35:06 [31060] INFO  AutomationFramework - [OK] Navigation successful: https://cloudapps-e2e.encoreglobal.com/navigator/locations/1604/settings/local-office
2026-06-01 15:35:08 [31060] INFO  AutomationFramework - [OK] Save button enabled
2026-06-01 15:35:08 [31060] INFO  AutomationFramework - Save confirmation dialog appeared -- confirming
2026-06-01 15:35:09 [31060] INFO  AutomationFramework - [OK] Save complete (btnSave)
2026-06-01 15:35:09 [31060] INFO  AutomationFramework - Navigating to: https://cloudapps-e2e.encoreglobal.com/navigator/locations/1604/settings/local-office
2026-06-01 15:35:10 [31060] INFO  AutomationFramework - [OK] Navigation successful: https://cloudapps-e2e.encoreglobal.com/navigator/locations/1604/settings/local-office
2026-06-01 15:35:12 [31060] INFO  AutomationFramework - [OK] Save button enabled
2026-06-01 15:35:12 [31060] INFO  AutomationFramework - Save confirmation dialog appeared -- confirming
2026-06-01 15:35:13 [31060] INFO  AutomationFramework - [OK] Save complete (btnSave)
]]>
</system-out>
</testcase>
<testcase name="Local Office Settings — Basic Information @locations @local-office-settings › TC-LOS-BAS-024: PO Number Label persists after save and reload" classname="specs\local-office\local-office-settings.spec.ts" time="6.886">
<properties>
<property name="dependsOn" value="TC-LOS-BAS-001">
</property>
</properties>
<system-out>
<![CDATA[2026-06-01 15:35:13 [31060] INFO  AutomationFramework - Navigating to: https://cloudapps-e2e.encoreglobal.com/navigator/locations/1604/settings/local-office
2026-06-01 15:35:13 [31060] INFO  AutomationFramework - [OK] Navigation successful: https://cloudapps-e2e.encoreglobal.com/navigator/locations/1604/settings/local-office
2026-06-01 15:35:15 [31060] INFO  AutomationFramework - [OK] Save button enabled
2026-06-01 15:35:15 [31060] INFO  AutomationFramework - Save confirmation dialog appeared -- confirming
2026-06-01 15:35:16 [31060] INFO  AutomationFramework - [OK] Save complete (btnSave)
2026-06-01 15:35:16 [31060] INFO  AutomationFramework - Navigating to: https://cloudapps-e2e.encoreglobal.com/navigator/locations/1604/settings/local-office
2026-06-01 15:35:17 [31060] INFO  AutomationFramework - [OK] Navigation successful: https://cloudapps-e2e.encoreglobal.com/navigator/locations/1604/settings/local-office
2026-06-01 15:35:18 [31060] INFO  AutomationFramework - [OK] Save button enabled
2026-06-01 15:35:19 [31060] INFO  AutomationFramework - Save confirmation dialog appeared -- confirming
2026-06-01 15:35:19 [31060] INFO  AutomationFramework - [OK] Save complete (btnSave)
]]>
</system-out>
</testcase>
<testcase name="Local Office Settings — Basic Information @locations @local-office-settings › TC-LOS-BAS-025: Section Configuration — correct active sections" classname="specs\local-office\local-office-settings.spec.ts" time="0.184">
<properties>
<property name="dependsOn" value="TC-LOS-BAS-001">
</property>
</properties>
</testcase>
<testcase name="Local Office Settings — Basic Information @locations @local-office-settings › TC-LOS-BAS-026: Section toggle — checkmark disappears/reappears" classname="specs\local-office\local-office-settings.spec.ts" time="5.413">
<properties>
<property name="dependsOn" value="TC-LOS-BAS-001">
</property>
</properties>
<system-out>
<![CDATA[2026-06-01 15:35:20 [31060] INFO  AutomationFramework - Navigating to: https://cloudapps-e2e.encoreglobal.com/navigator/locations/1604/settings/local-office
2026-06-01 15:35:20 [31060] INFO  AutomationFramework - [OK] Navigation successful: https://cloudapps-e2e.encoreglobal.com/navigator/locations/1604/settings/local-office
2026-06-01 15:35:22 [31060] INFO  AutomationFramework - Navigating to: https://cloudapps-e2e.encoreglobal.com/navigator/locations/1604/settings/local-office
2026-06-01 15:35:22 [31060] INFO  AutomationFramework - [fixture] Auto-accepting beforeunload dialog
2026-06-01 15:35:22 [31060] INFO  AutomationFramework - [dialog] Auto-accepting beforeunload dialog during safe navigation
2026-06-01 15:35:22 [31060] INFO  AutomationFramework - [dialog] Beforeunload dialog already handled by another listener
2026-06-01 15:35:23 [31060] INFO  AutomationFramework - [OK] Navigation successful: https://cloudapps-e2e.encoreglobal.com/navigator/locations/1604/settings/local-office
]]>
</system-out>
</testcase>
<testcase name="Local Office Settings — Basic Information @locations @local-office-settings › TC-LOS-BAS-027: Section name edit enables Save" classname="specs\local-office\local-office-settings.spec.ts" time="3.027">
<properties>
<property name="dependsOn" value="TC-LOS-BAS-001">
</property>
</properties>
<system-out>
<![CDATA[2026-06-01 15:35:25 [31060] INFO  AutomationFramework - Navigating to: https://cloudapps-e2e.encoreglobal.com/navigator/locations/1604/settings/local-office
2026-06-01 15:35:26 [31060] INFO  AutomationFramework - [OK] Navigation successful: https://cloudapps-e2e.encoreglobal.com/navigator/locations/1604/settings/local-office
]]>
</system-out>
</testcase>
<testcase name="Local Office Settings — Basic Information @locations @local-office-settings › TC-LOS-BAS-028: Add new section row" classname="specs\local-office\local-office-settings.spec.ts" time="2.991">
<properties>
<property name="dependsOn" value="TC-LOS-BAS-001">
</property>
</properties>
<system-out>
<![CDATA[2026-06-01 15:35:28 [31060] INFO  AutomationFramework - Navigating to: https://cloudapps-e2e.encoreglobal.com/navigator/locations/1604/settings/local-office
2026-06-01 15:35:28 [31060] INFO  AutomationFramework - [fixture] Auto-accepting beforeunload dialog
2026-06-01 15:35:28 [31060] INFO  AutomationFramework - [dialog] Auto-accepting beforeunload dialog during safe navigation
2026-06-01 15:35:28 [31060] INFO  AutomationFramework - [dialog] Beforeunload dialog already handled by another listener
2026-06-01 15:35:29 [31060] INFO  AutomationFramework - [OK] Navigation successful: https://cloudapps-e2e.encoreglobal.com/navigator/locations/1604/settings/local-office
]]>
</system-out>
</testcase>
<testcase name="Local Office Settings — Basic Information @locations @local-office-settings › TC-LOS-BAS-029: Default button resets sections" classname="specs\local-office\local-office-settings.spec.ts" time="4.838">
<properties>
<property name="dependsOn" value="TC-LOS-BAS-001">
</property>
</properties>
<system-out>
<![CDATA[2026-06-01 15:35:31 [31060] INFO  AutomationFramework - Clicking element: btnDefaultSection
2026-06-01 15:35:31 [31060] INFO  AutomationFramework - [OK] Click successful: btnDefaultSection
2026-06-01 15:35:31 [31060] INFO  AutomationFramework - Navigating to: https://cloudapps-e2e.encoreglobal.com/navigator/locations/1604/settings/local-office
2026-06-01 15:35:31 [31060] INFO  AutomationFramework - [fixture] Auto-accepting beforeunload dialog
2026-06-01 15:35:31 [31060] INFO  AutomationFramework - [dialog] Auto-accepting beforeunload dialog during safe navigation
2026-06-01 15:35:31 [31060] INFO  AutomationFramework - [dialog] Beforeunload dialog already handled by another listener
2026-06-01 15:35:33 [31060] INFO  AutomationFramework - [OK] Navigation successful: https://cloudapps-e2e.encoreglobal.com/navigator/locations/1604/settings/local-office
]]>
</system-out>
</testcase>
<testcase name="Local Office Settings — Basic Information @locations @local-office-settings › TC-LOS-BAS-030: Room Configuration — table structure and baseline" classname="specs\local-office\local-office-settings.spec.ts" time="0.029">
<properties>
<property name="dependsOn" value="TC-LOS-BAS-001">
</property>
</properties>
</testcase>
<testcase name="Local Office Settings — Basic Information @locations @local-office-settings › TC-LOS-BAS-031: Add room row" classname="specs\local-office\local-office-settings.spec.ts" time="3.783">
<properties>
<property name="dependsOn" value="TC-LOS-BAS-001">
</property>
</properties>
<system-out>
<![CDATA[2026-06-01 15:35:36 [31060] INFO  AutomationFramework - Navigating to: https://cloudapps-e2e.encoreglobal.com/navigator/locations/1604/settings/local-office
2026-06-01 15:35:36 [31060] INFO  AutomationFramework - [fixture] Auto-accepting beforeunload dialog
2026-06-01 15:35:36 [31060] INFO  AutomationFramework - [dialog] Auto-accepting beforeunload dialog during safe navigation
2026-06-01 15:35:36 [31060] INFO  AutomationFramework - [dialog] Beforeunload dialog already handled by another listener
2026-06-01 15:35:37 [31060] INFO  AutomationFramework - [OK] Navigation successful: https://cloudapps-e2e.encoreglobal.com/navigator/locations/1604/settings/local-office
]]>
</system-out>
</testcase>
<testcase name="Local Office Settings — Basic Information @locations @local-office-settings › TC-LOS-BAS-032: Logo checkbox default states" classname="specs\local-office\local-office-settings.spec.ts" time="0.072">
<properties>
<property name="dependsOn" value="TC-LOS-BAS-001">
</property>
</properties>
</testcase>
<testcase name="Local Office Settings — Basic Information @locations @local-office-settings › TC-LOS-BAS-033: Company Logo combobox — has options" classname="specs\local-office\local-office-settings.spec.ts" time="1.46">
<properties>
<property name="dependsOn" value="TC-LOS-BAS-001">
</property>
</properties>
</testcase>
<testcase name="Local Office Settings — Basic Information @locations @local-office-settings › TC-LOS-BAS-034: Company Logo — preview updates on selection" classname="specs\local-office\local-office-settings.spec.ts" time="2.941">
<properties>
<property name="dependsOn" value="TC-LOS-BAS-001">
</property>
</properties>
<system-out>
<![CDATA[2026-06-01 15:35:42 [31060] INFO  AutomationFramework - [OK] Selected combobox option "Header with Dust Ears and Text" for drpCompanyLogo
2026-06-01 15:35:44 [31060] INFO  AutomationFramework - [OK] Selected combobox option "SAVLogoNew" for drpCompanyLogo
]]>
</system-out>
</testcase>
<testcase name="Local Office Settings — Basic Information @locations @local-office-settings › TC-LOS-BAS-035: Discount exemption toggles independently" classname="specs\local-office\local-office-settings.spec.ts" time="0.151">
<properties>
<property name="dependsOn" value="TC-LOS-BAS-001">
</property>
</properties>
</testcase>
<testcase name="Local Office Settings — Basic Information @locations @local-office-settings › TC-LOS-BAS-036: Save dialog — exact text and No cancels" classname="specs\local-office\local-office-settings.spec.ts" time="2.981">
<properties>
<property name="dependsOn" value="TC-LOS-BAS-001">
</property>
</properties>
<system-out>
<![CDATA[2026-06-01 15:35:45 [31060] INFO  AutomationFramework - [OK] Save button enabled
2026-06-01 15:35:45 [31060] INFO  AutomationFramework - Navigating to: https://cloudapps-e2e.encoreglobal.com/navigator/locations/1604/settings/local-office
2026-06-01 15:35:45 [31060] INFO  AutomationFramework - [fixture] Auto-accepting beforeunload dialog
2026-06-01 15:35:45 [31060] INFO  AutomationFramework - [dialog] Auto-accepting beforeunload dialog during safe navigation
2026-06-01 15:35:45 [31060] INFO  AutomationFramework - [dialog] Beforeunload dialog already handled by another listener
2026-06-01 15:35:46 [31060] INFO  AutomationFramework - [OK] Navigation successful: https://cloudapps-e2e.encoreglobal.com/navigator/locations/1604/settings/local-office
]]>
</system-out>
</testcase>
<testcase name="Local Office Settings — Basic Information @locations @local-office-settings › TC-LOS-BAS-037: Unsaved changes — Stay keeps changes" classname="specs\local-office\local-office-settings.spec.ts" time="3.189">
<properties>
<property name="dependsOn" value="TC-LOS-BAS-001">
</property>
</properties>
<system-out>
<![CDATA[2026-06-01 15:35:48 [31060] INFO  AutomationFramework - [OK] Save button enabled
2026-06-01 15:35:48 [31060] INFO  AutomationFramework - Navigating to: https://cloudapps-e2e.encoreglobal.com/navigator/locations/1604/settings/local-office
2026-06-01 15:35:48 [31060] INFO  AutomationFramework - [fixture] Auto-accepting beforeunload dialog
2026-06-01 15:35:48 [31060] INFO  AutomationFramework - [dialog] Auto-accepting beforeunload dialog during safe navigation
2026-06-01 15:35:48 [31060] INFO  AutomationFramework - [dialog] Beforeunload dialog already handled by another listener
2026-06-01 15:35:49 [31060] INFO  AutomationFramework - [OK] Navigation successful: https://cloudapps-e2e.encoreglobal.com/navigator/locations/1604/settings/local-office
]]>
</system-out>
</testcase>
<testcase name="Local Office Settings — Basic Information @locations @local-office-settings › TC-LOS-BAS-038: Unsaved changes — Discard navigates away" classname="specs\local-office\local-office-settings.spec.ts" time="1.099">
<properties>
<property name="dependsOn" value="TC-LOS-BAS-001">
</property>
</properties>
<system-out>
<![CDATA[2026-06-01 15:35:51 [31060] INFO  AutomationFramework - [OK] Save button enabled
]]>
</system-out>
</testcase>
<testcase name="Local Office Settings — Basic Information @locations @local-office-settings › TC-LOS-BAS-039: XSS in PO Number — stored as plain text, never executed" classname="specs\local-office\local-office-settings.spec.ts" time="4.185">
<properties>
<property name="dependsOn" value="TC-LOS-BAS-001">
</property>
</properties>
<system-out>
<![CDATA[2026-06-01 15:35:52 [31060] INFO  AutomationFramework - Save confirmation dialog appeared -- confirming
2026-06-01 15:35:53 [31060] INFO  AutomationFramework - [OK] Save complete (btnSave)
2026-06-01 15:35:53 [31060] INFO  AutomationFramework - Navigating to: https://cloudapps-e2e.encoreglobal.com/navigator/locations/1604/settings/local-office
2026-06-01 15:35:53 [31060] INFO  AutomationFramework - [OK] Navigation successful: https://cloudapps-e2e.encoreglobal.com/navigator/locations/1604/settings/local-office
2026-06-01 15:35:56 [31060] INFO  AutomationFramework - Save confirmation dialog appeared -- confirming
2026-06-01 15:35:56 [31060] INFO  AutomationFramework - [OK] Save complete (btnSave)
]]>
</system-out>
</testcase>
<testcase name="Local Office Settings — Basic Information @locations @local-office-settings › TC-LOS-BAS-047: Section edit → Escape does NOT revert (no cancel-on-Escape in live app)" classname="specs\local-office\local-office-settings.spec.ts" time="6.01">
<properties>
<property name="dependsOn" value="TC-LOS-BAS-001">
</property>
</properties>
<system-out>
<![CDATA[2026-06-01 15:35:56 [31060] INFO  AutomationFramework - Navigating to: https://cloudapps-e2e.encoreglobal.com/navigator/locations/1604/settings/local-office
2026-06-01 15:35:57 [31060] INFO  AutomationFramework - [OK] Navigation successful: https://cloudapps-e2e.encoreglobal.com/navigator/locations/1604/settings/local-office
2026-06-01 15:36:00 [31060] INFO  AutomationFramework - Navigating to: https://cloudapps-e2e.encoreglobal.com/navigator/locations/1604/settings/local-office
2026-06-01 15:36:00 [31060] INFO  AutomationFramework - [OK] Navigation successful: https://cloudapps-e2e.encoreglobal.com/navigator/locations/1604/settings/local-office
]]>
</system-out>
</testcase>
<testcase name="Local Office Settings — Basic Information @locations @local-office-settings › TC-LOS-BAS-053: Positive value in &quot;relative to start&quot; fields → aria-invalid" classname="specs\local-office\local-office-settings.spec.ts" time="7.067">
<properties>
<property name="dependsOn" value="TC-LOS-BAS-001">
</property>
</properties>
<system-out>
<![CDATA[2026-06-01 15:36:02 [31060] INFO  AutomationFramework - Navigating to: https://cloudapps-e2e.encoreglobal.com/navigator/locations/1604/settings/local-office
2026-06-01 15:36:03 [31060] INFO  AutomationFramework - [OK] Navigation successful: https://cloudapps-e2e.encoreglobal.com/navigator/locations/1604/settings/local-office
2026-06-01 15:36:05 [31060] INFO  AutomationFramework - Navigating to: https://cloudapps-e2e.encoreglobal.com/navigator/locations/1604/settings/local-office
2026-06-01 15:36:06 [31060] INFO  AutomationFramework - [OK] Navigation successful: https://cloudapps-e2e.encoreglobal.com/navigator/locations/1604/settings/local-office
]]>
</system-out>
</testcase>
<testcase name="Local Office Settings — Basic Information @locations @local-office-settings › TC-LOS-BAS-054: Negative value in &quot;relative to end&quot; fields → aria-invalid" classname="specs\local-office\local-office-settings.spec.ts" time="3.291">
<properties>
<property name="dependsOn" value="TC-LOS-BAS-001">
</property>
</properties>
<system-out>
<![CDATA[2026-06-01 15:36:10 [31060] INFO  AutomationFramework - Navigating to: https://cloudapps-e2e.encoreglobal.com/navigator/locations/1604/settings/local-office
2026-06-01 15:36:11 [31060] INFO  AutomationFramework - [OK] Navigation successful: https://cloudapps-e2e.encoreglobal.com/navigator/locations/1604/settings/local-office
]]>
</system-out>
</testcase>
<testcase name="Local Office Settings — Basic Information @locations @local-office-settings › TC-LOS-BAS-055: Non-numeric input on Return field triggers aria-invalid" classname="specs\local-office\local-office-settings.spec.ts" time="2.724">
<properties>
<property name="dependsOn" value="TC-LOS-BAS-001">
</property>
</properties>
<system-out>
<![CDATA[2026-06-01 15:36:13 [31060] INFO  AutomationFramework - Navigating to: https://cloudapps-e2e.encoreglobal.com/navigator/locations/1604/settings/local-office
2026-06-01 15:36:13 [31060] INFO  AutomationFramework - [fixture] Auto-accepting beforeunload dialog
2026-06-01 15:36:13 [31060] INFO  AutomationFramework - [dialog] Auto-accepting beforeunload dialog during safe navigation
2026-06-01 15:36:13 [31060] INFO  AutomationFramework - [dialog] Beforeunload dialog already handled by another listener
2026-06-01 15:36:13 [31060] INFO  AutomationFramework - [OK] Navigation successful: https://cloudapps-e2e.encoreglobal.com/navigator/locations/1604/settings/local-office
]]>
</system-out>
</testcase>
<testcase name="Local Office Settings — Basic Information @locations @local-office-settings › TC-LOS-BAS-056: Non-numeric input on Delivery field triggers aria-invalid" classname="specs\local-office\local-office-settings.spec.ts" time="2.482">
<properties>
<property name="dependsOn" value="TC-LOS-BAS-001">
</property>
</properties>
<system-out>
<![CDATA[2026-06-01 15:36:15 [31060] INFO  AutomationFramework - Navigating to: https://cloudapps-e2e.encoreglobal.com/navigator/locations/1604/settings/local-office
2026-06-01 15:36:15 [31060] INFO  AutomationFramework - [fixture] Auto-accepting beforeunload dialog
2026-06-01 15:36:15 [31060] INFO  AutomationFramework - [dialog] Auto-accepting beforeunload dialog during safe navigation
2026-06-01 15:36:15 [31060] INFO  AutomationFramework - [dialog] Beforeunload dialog already handled by another listener
2026-06-01 15:36:16 [31060] INFO  AutomationFramework - [OK] Navigation successful: https://cloudapps-e2e.encoreglobal.com/navigator/locations/1604/settings/local-office
]]>
</system-out>
</testcase>
<testcase name="Local Office Settings — Basic Information @locations @local-office-settings › TC-LOS-BAS-061: MaxLen boundary — 3-char field rejects 4+ chars" classname="specs\local-office\local-office-settings.spec.ts" time="3.488">
<properties>
<property name="dependsOn" value="TC-LOS-BAS-001">
</property>
</properties>
<system-out>
<![CDATA[2026-06-01 15:36:18 [31060] INFO  AutomationFramework - Navigating to: https://cloudapps-e2e.encoreglobal.com/navigator/locations/1604/settings/local-office
2026-06-01 15:36:19 [31060] INFO  AutomationFramework - [OK] Navigation successful: https://cloudapps-e2e.encoreglobal.com/navigator/locations/1604/settings/local-office
]]>
</system-out>
</testcase>
<testcase name="Local Office Settings — Basic Information @locations @local-office-settings › TC-LOS-BAS-062: MaxLen boundary — 4-char field accepts value at limit" classname="specs\local-office\local-office-settings.spec.ts" time="2.923">
<properties>
<property name="dependsOn" value="TC-LOS-BAS-001">
</property>
</properties>
<system-out>
<![CDATA[2026-06-01 15:36:21 [31060] INFO  AutomationFramework - Navigating to: https://cloudapps-e2e.encoreglobal.com/navigator/locations/1604/settings/local-office
2026-06-01 15:36:22 [31060] INFO  AutomationFramework - [OK] Navigation successful: https://cloudapps-e2e.encoreglobal.com/navigator/locations/1604/settings/local-office
]]>
</system-out>
</testcase>
<testcase name="Local Office Settings — Basic Information @locations @local-office-settings › TC-LOS-BAS-063: Multi-field error recovery — cross-validation clears after correction" classname="specs\local-office\local-office-settings.spec.ts" time="3.488">
<properties>
<property name="dependsOn" value="TC-LOS-BAS-001">
</property>
</properties>
<system-out>
<![CDATA[2026-06-01 15:36:25 [31060] INFO  AutomationFramework - Navigating to: https://cloudapps-e2e.encoreglobal.com/navigator/locations/1604/settings/local-office
2026-06-01 15:36:25 [31060] INFO  AutomationFramework - [OK] Navigation successful: https://cloudapps-e2e.encoreglobal.com/navigator/locations/1604/settings/local-office
]]>
</system-out>
</testcase>
<testcase name="Local Office Settings — Basic Information @locations @local-office-settings › TC-LOS-BAS-040: Empty section name — reverts to previous value on blur" classname="specs\local-office\local-office-settings.spec.ts" time="3.415">
<properties>
<property name="dependsOn" value="TC-LOS-BAS-001">
</property>
</properties>
<system-out>
<![CDATA[2026-06-01 15:36:28 [31060] INFO  AutomationFramework - Navigating to: https://cloudapps-e2e.encoreglobal.com/navigator/locations/1604/settings/local-office
2026-06-01 15:36:29 [31060] INFO  AutomationFramework - [OK] Navigation successful: https://cloudapps-e2e.encoreglobal.com/navigator/locations/1604/settings/local-office
]]>
</system-out>
</testcase>
<testcase name="Local Office Settings — Basic Information @locations @local-office-settings › TC-LOS-BAS-041: Whitespace-only section name — accepted as new content" classname="specs\local-office\local-office-settings.spec.ts" time="3.184">
<properties>
<property name="dependsOn" value="TC-LOS-BAS-001">
</property>
</properties>
<system-out>
<![CDATA[2026-06-01 15:36:31 [31060] INFO  AutomationFramework - Navigating to: https://cloudapps-e2e.encoreglobal.com/navigator/locations/1604/settings/local-office
2026-06-01 15:36:32 [31060] INFO  AutomationFramework - [OK] Navigation successful: https://cloudapps-e2e.encoreglobal.com/navigator/locations/1604/settings/local-office
]]>
</system-out>
</testcase>
<testcase name="Local Office Settings — Basic Information @locations @local-office-settings › TC-LOS-BAS-044: Add new section with empty name — rejected" classname="specs\local-office\local-office-settings.spec.ts" time="0.095">
<properties>
<property name="dependsOn" value="TC-LOS-BAS-001">
</property>
</properties>
</testcase>
<testcase name="Local Office Settings — Basic Information @locations @local-office-settings › TC-LOS-BAS-045: Add new section with duplicate name — silently rejected" classname="specs\local-office\local-office-settings.spec.ts" time="0.095">
<properties>
<property name="dependsOn" value="TC-LOS-BAS-001">
</property>
</properties>
</testcase>
<testcase name="Local Office Settings — Basic Information @locations @local-office-settings › TC-LOS-BAS-050: Empty room name — revert behavior" classname="specs\local-office\local-office-settings.spec.ts" time="7.275">
<properties>
<property name="dependsOn" value="TC-LOS-BAS-001">
</property>
</properties>
<system-out>
<![CDATA[2026-06-01 15:36:34 [31060] INFO  AutomationFramework - Navigating to: https://cloudapps-e2e.encoreglobal.com/navigator/locations/1604/settings/local-office
2026-06-01 15:36:35 [31060] INFO  AutomationFramework - [OK] Navigation successful: https://cloudapps-e2e.encoreglobal.com/navigator/locations/1604/settings/local-office
2026-06-01 15:36:38 [31060] INFO  AutomationFramework - Navigating to: https://cloudapps-e2e.encoreglobal.com/navigator/locations/1604/settings/local-office
2026-06-01 15:36:38 [31060] INFO  AutomationFramework - [fixture] Auto-accepting beforeunload dialog
2026-06-01 15:36:38 [31060] INFO  AutomationFramework - [dialog] Auto-accepting beforeunload dialog during safe navigation
2026-06-01 15:36:38 [31060] INFO  AutomationFramework - [dialog] Beforeunload dialog already handled by another listener
2026-06-01 15:36:39 [31060] INFO  AutomationFramework - [OK] Navigation successful: https://cloudapps-e2e.encoreglobal.com/navigator/locations/1604/settings/local-office
]]>
</system-out>
</testcase>
<testcase name="Local Office Settings — Basic Information @locations @local-office-settings › TC-LOS-BAS-051: Duplicate room name via Add New — silently rejected" classname="specs\local-office\local-office-settings.spec.ts" time="2.606">
<properties>
<property name="dependsOn" value="TC-LOS-BAS-001">
</property>
</properties>
<system-out>
<![CDATA[2026-06-01 15:36:42 [31060] INFO  AutomationFramework - Navigating to: https://cloudapps-e2e.encoreglobal.com/navigator/locations/1604/settings/local-office
2026-06-01 15:36:42 [31060] INFO  AutomationFramework - [fixture] Auto-accepting beforeunload dialog
2026-06-01 15:36:42 [31060] INFO  AutomationFramework - [dialog] Auto-accepting beforeunload dialog during safe navigation
2026-06-01 15:36:42 [31060] INFO  AutomationFramework - [dialog] Beforeunload dialog already handled by another listener
2026-06-01 15:36:43 [31060] INFO  AutomationFramework - [OK] Navigation successful: https://cloudapps-e2e.encoreglobal.com/navigator/locations/1604/settings/local-office
]]>
</system-out>
</testcase>
<testcase name="Local Office Settings — Basic Information @locations @local-office-settings › TC-LOS-BAS-048: Room toggle round-trip — toggle inactive → save → reload → verify" classname="specs\local-office\local-office-settings.spec.ts">
<properties>
<property name="skip" value="">
</property>
</properties>
<skipped>
</skipped>
</testcase>
<testcase name="Local Office Settings — Basic Information @locations @local-office-settings › TC-LOS-BAS-049: Room edit name round-trip — rename → save → reload → verify" classname="specs\local-office\local-office-settings.spec.ts" time="8.476">
<properties>
<property name="dependsOn" value="TC-LOS-BAS-001">
</property>
</properties>
<system-out>
<![CDATA[2026-06-01 15:36:44 [31060] INFO  AutomationFramework - Navigating to: https://cloudapps-e2e.encoreglobal.com/navigator/locations/1604/settings/local-office
2026-06-01 15:36:46 [31060] INFO  AutomationFramework - [OK] Navigation successful: https://cloudapps-e2e.encoreglobal.com/navigator/locations/1604/settings/local-office
2026-06-01 15:36:48 [31060] INFO  AutomationFramework - [OK] Save button enabled
2026-06-01 15:36:48 [31060] INFO  AutomationFramework - Save confirmation dialog appeared -- confirming
2026-06-01 15:36:49 [31060] INFO  AutomationFramework - [OK] Save complete (btnSave)
2026-06-01 15:36:49 [31060] INFO  AutomationFramework - Navigating to: https://cloudapps-e2e.encoreglobal.com/navigator/locations/1604/settings/local-office
2026-06-01 15:36:49 [31060] INFO  AutomationFramework - [OK] Navigation successful: https://cloudapps-e2e.encoreglobal.com/navigator/locations/1604/settings/local-office
2026-06-01 15:36:51 [31060] INFO  AutomationFramework - [OK] Save button enabled
2026-06-01 15:36:52 [31060] INFO  AutomationFramework - Save confirmation dialog appeared -- confirming
2026-06-01 15:36:53 [31060] INFO  AutomationFramework - [OK] Save complete (btnSave)
]]>
</system-out>
</testcase>
<testcase name="Local Office Settings — Basic Information @locations @local-office-settings › TC-LOS-BAS-064: Clear Prep offset → save → reload → verify empty (not &quot;0&quot;)" classname="specs\local-office\local-office-settings.spec.ts" time="8.621">
<properties>
<property name="dependsOn" value="TC-LOS-BAS-001">
</property>
</properties>
<system-out>
<![CDATA[2026-06-01 15:36:53 [31060] INFO  AutomationFramework - Navigating to: https://cloudapps-e2e.encoreglobal.com/navigator/locations/1604/settings/local-office
2026-06-01 15:36:53 [31060] INFO  AutomationFramework - [OK] Navigation successful: https://cloudapps-e2e.encoreglobal.com/navigator/locations/1604/settings/local-office
2026-06-01 15:36:56 [31060] INFO  AutomationFramework - [OK] Save button enabled
2026-06-01 15:36:56 [31060] INFO  AutomationFramework - Save confirmation dialog appeared -- confirming
2026-06-01 15:36:57 [31060] INFO  AutomationFramework - [OK] Save complete (btnSave)
2026-06-01 15:36:57 [31060] INFO  AutomationFramework - Navigating to: https://cloudapps-e2e.encoreglobal.com/navigator/locations/1604/settings/local-office
2026-06-01 15:36:58 [31060] INFO  AutomationFramework - [OK] Navigation successful: https://cloudapps-e2e.encoreglobal.com/navigator/locations/1604/settings/local-office
2026-06-01 15:37:00 [31060] INFO  AutomationFramework - [OK] Save button enabled
2026-06-01 15:37:00 [31060] INFO  AutomationFramework - Save confirmation dialog appeared -- confirming
2026-06-01 15:37:02 [31060] INFO  AutomationFramework - [OK] Save complete (btnSave)
]]>
</system-out>
</testcase>
<testcase name="Local Office Settings — Basic Information @locations @local-office-settings › TC-LOS-BAS-065: Clear Return offset → save → reload → app re-applies default 1" classname="specs\local-office\local-office-settings.spec.ts" time="20.058">
<properties>
<property name="dependsOn" value="TC-LOS-BAS-001">
</property>
</properties>
<system-out>
<![CDATA[2026-06-01 15:37:02 [31060] INFO  AutomationFramework - [OK] Save button enabled
2026-06-01 15:37:02 [31060] INFO  AutomationFramework - Save confirmation dialog appeared -- confirming
2026-06-01 15:37:03 [31060] INFO  AutomationFramework - [OK] Save complete (btnSave)
2026-06-01 15:37:03 [31060] INFO  AutomationFramework - Navigating to: https://cloudapps-e2e.encoreglobal.com/navigator/locations/1604/settings/local-office
2026-06-01 15:37:03 [31060] INFO  AutomationFramework - [OK] Navigation successful: https://cloudapps-e2e.encoreglobal.com/navigator/locations/1604/settings/local-office

[[ATTACHMENT|test-results\local-office-settings-Loca-b79d6--→-app-re-applies-default-1-encore-local-office\test-failed-1.png]]

[[ATTACHMENT|test-results\local-office-settings-Loca-b79d6--→-app-re-applies-default-1-encore-local-office\error-context.md]]

[[ATTACHMENT|test-results\local-office-settings-Loca-b79d6--→-app-re-applies-default-1-encore-local-office\trace.zip]]
2026-06-01 15:37:08 [35120] INFO  AutomationFramework - Loading credentials from env source
2026-06-01 15:37:08 [35120] INFO  AutomationFramework - [OK] Credentials loaded for: s-prd-clickauto@psav.com
2026-06-01 15:37:15 [35120] INFO  AutomationFramework - [OK] Authenticated session ready via shared storageState
2026-06-01 15:37:15 [35120] INFO  AutomationFramework - Navigating to: https://cloudapps-e2e.encoreglobal.com/navigator/locations/1604/settings/local-office
2026-06-01 15:37:16 [35120] INFO  AutomationFramework - [OK] Navigation successful: https://cloudapps-e2e.encoreglobal.com/navigator/locations/1604/settings/local-office
2026-06-01 15:37:28 [35120] INFO  AutomationFramework - [WARN] Save button did not enable within timeout
2026-06-01 15:37:28 [35120] INFO  AutomationFramework - Save button disabled (btnSave) -- skipping click
2026-06-01 15:37:28 [35120] INFO  AutomationFramework - Navigating to: https://cloudapps-e2e.encoreglobal.com/navigator/locations/1604/settings/local-office
2026-06-01 15:37:28 [35120] INFO  AutomationFramework - [OK] Navigation successful: https://cloudapps-e2e.encoreglobal.com/navigator/locations/1604/settings/local-office

[[ATTACHMENT|test-results\local-office-settings-Loca-b79d6--→-app-re-applies-default-1-encore-local-office-retry1\test-failed-1.png]]

[[ATTACHMENT|test-results\local-office-settings-Loca-b79d6--→-app-re-applies-default-1-encore-local-office-retry1\error-context.md]]

[[ATTACHMENT|test-results\local-office-settings-Loca-b79d6--→-app-re-applies-default-1-encore-local-office-retry1\trace.zip]]
]]>
</system-out>
<failure message="expect(received).toBe(expected) // Object.is equality" type="expect.toBe">
<![CDATA[  [encore-local-office] › specs\local-office\local-office-settings.spec.ts:878:7 › Local Office Settings — Basic Information @locations @local-office-settings › TC-LOS-BAS-065: Clear Return offset → save → reload → app re-applies default 1 

    Error: expect(received).toBe(expected) // Object.is equality

    Expected: "1"
    Received: ""

      887 |     await localOfficeSettingsPage.reloadBasicInfo(OFFICE_NO);
      888 |     const value = await localOfficeSettingsPage.getInputValue('txtReturnDateOffset');
    > 889 |     expect(value).toBe('1');
          |                   ^
      890 |     // No additional cleanup needed — app already restored '1'.
      891 |   });
      892 |
        at C:\Users\rutvi\projects\encore_framework\clients\encore\specs\local-office\local-office-settings.spec.ts:889:19

    attachment #1: screenshot (image/png) ──────────────────────────────────────────────────────────
    reports\test-results\local-office-settings-Loca-b79d6--→-app-re-applies-default-1-encore-local-office\test-failed-1.png
    ────────────────────────────────────────────────────────────────────────────────────────────────

    Error Context: reports\test-results\local-office-settings-Loca-b79d6--→-app-re-applies-default-1-encore-local-office\error-context.md

    attachment #4: trace (application/zip) ─────────────────────────────────────────────────────────
    reports\test-results\local-office-settings-Loca-b79d6--→-app-re-applies-default-1-encore-local-office\trace.zip
    Usage:

        npx playwright show-trace reports\test-results\local-office-settings-Loca-b79d6--→-app-re-applies-default-1-encore-local-office\trace.zip

    ────────────────────────────────────────────────────────────────────────────────────────────────

    Retry #1 ───────────────────────────────────────────────────────────────────────────────────────

    Error: expect(received).toBe(expected) // Object.is equality

    Expected: "1"
    Received: ""

      887 |     await localOfficeSettingsPage.reloadBasicInfo(OFFICE_NO);
      888 |     const value = await localOfficeSettingsPage.getInputValue('txtReturnDateOffset');
    > 889 |     expect(value).toBe('1');
          |                   ^
      890 |     // No additional cleanup needed — app already restored '1'.
      891 |   });
      892 |
        at C:\Users\rutvi\projects\encore_framework\clients\encore\specs\local-office\local-office-settings.spec.ts:889:19

    attachment #1: screenshot (image/png) ──────────────────────────────────────────────────────────
    reports\test-results\local-office-settings-Loca-b79d6--→-app-re-applies-default-1-encore-local-office-retry1\test-failed-1.png
    ────────────────────────────────────────────────────────────────────────────────────────────────

    Error Context: reports\test-results\local-office-settings-Loca-b79d6--→-app-re-applies-default-1-encore-local-office-retry1\error-context.md

    attachment #4: trace (application/zip) ─────────────────────────────────────────────────────────
    reports\test-results\local-office-settings-Loca-b79d6--→-app-re-applies-default-1-encore-local-office-retry1\trace.zip
    Usage:

        npx playwright show-trace reports\test-results\local-office-settings-Loca-b79d6--→-app-re-applies-default-1-encore-local-office-retry1\trace.zip

    ────────────────────────────────────────────────────────────────────────────────────────────────
]]>
</failure>
</testcase>
<testcase name="Local Office Settings — Basic Information @locations @local-office-settings › TC-LOS-BAS-066: Clear Prep but keep Delivery → no cross-validation error" classname="specs\local-office\local-office-settings.spec.ts" time="8.543">
<properties>
<property name="dependsOn" value="TC-LOS-BAS-001">
</property>
</properties>
<system-out>
<![CDATA[2026-06-01 15:37:32 [18196] INFO  AutomationFramework - Loading credentials from env source
2026-06-01 15:37:32 [18196] INFO  AutomationFramework - [OK] Credentials loaded for: s-prd-clickauto@psav.com
2026-06-01 15:37:39 [18196] INFO  AutomationFramework - [OK] Authenticated session ready via shared storageState
2026-06-01 15:37:39 [18196] INFO  AutomationFramework - Navigating to: https://cloudapps-e2e.encoreglobal.com/navigator/locations/1604/settings/local-office
2026-06-01 15:37:39 [18196] INFO  AutomationFramework - [OK] Navigation successful: https://cloudapps-e2e.encoreglobal.com/navigator/locations/1604/settings/local-office
2026-06-01 15:37:41 [18196] INFO  AutomationFramework - Navigating to: https://cloudapps-e2e.encoreglobal.com/navigator/locations/1604/settings/local-office
2026-06-01 15:37:42 [18196] INFO  AutomationFramework - [OK] Navigation successful: https://cloudapps-e2e.encoreglobal.com/navigator/locations/1604/settings/local-office
2026-06-01 15:37:44 [18196] INFO  AutomationFramework - Navigating to: https://cloudapps-e2e.encoreglobal.com/navigator/locations/1604/settings/local-office
2026-06-01 15:37:44 [18196] INFO  AutomationFramework - [fixture] Auto-accepting beforeunload dialog
2026-06-01 15:37:44 [18196] INFO  AutomationFramework - [dialog] Auto-accepting beforeunload dialog during safe navigation
2026-06-01 15:37:44 [18196] INFO  AutomationFramework - [dialog] Beforeunload dialog already handled by another listener
2026-06-01 15:37:45 [18196] INFO  AutomationFramework - [OK] Navigation successful: https://cloudapps-e2e.encoreglobal.com/navigator/locations/1604/settings/local-office
]]>
</system-out>
</testcase>
<testcase name="Local Office Settings — Basic Information @locations @local-office-settings › TC-LOS-BAS-067: Clear all 6 offsets → save → reload → all empty" classname="specs\local-office\local-office-settings.spec.ts" time="7.909">
<properties>
<property name="dependsOn" value="TC-LOS-BAS-001">
</property>
</properties>
<system-out>
<![CDATA[2026-06-01 15:37:47 [18196] INFO  AutomationFramework - Navigating to: https://cloudapps-e2e.encoreglobal.com/navigator/locations/1604/settings/local-office
2026-06-01 15:37:48 [18196] INFO  AutomationFramework - [OK] Navigation successful: https://cloudapps-e2e.encoreglobal.com/navigator/locations/1604/settings/local-office
2026-06-01 15:37:50 [18196] INFO  AutomationFramework - [OK] Save button enabled
2026-06-01 15:37:50 [18196] INFO  AutomationFramework - Save confirmation dialog appeared -- confirming
2026-06-01 15:37:51 [18196] INFO  AutomationFramework - [OK] Save complete (btnSave)
2026-06-01 15:37:51 [18196] INFO  AutomationFramework - Navigating to: https://cloudapps-e2e.encoreglobal.com/navigator/locations/1604/settings/local-office
2026-06-01 15:37:52 [18196] INFO  AutomationFramework - [OK] Navigation successful: https://cloudapps-e2e.encoreglobal.com/navigator/locations/1604/settings/local-office
2026-06-01 15:37:54 [18196] INFO  AutomationFramework - [OK] Save button enabled
2026-06-01 15:37:54 [18196] INFO  AutomationFramework - Save confirmation dialog appeared -- confirming
2026-06-01 15:37:55 [18196] INFO  AutomationFramework - [OK] Save complete (btnSave)
]]>
</system-out>
</testcase>
</testsuite>
<testsuite name="specs\locations\history\location-hist-notes.spec.ts" timestamp="2026-06-01T15:31:49.231Z" hostname="encore-locations" tests="6" failures="0" skipped="0" time="112.733" errors="0">
<testcase name="Location Management HIST — Notes col 69 @locations @management-history @notes-hist › TC-LOC-NTS-028: HIST col 69 — empty to &quot;hello&quot; save" classname="specs\locations\history\location-hist-notes.spec.ts" time="10.151">
<system-out>
<![CDATA[2026-06-01 15:37:56 [10708] INFO  AutomationFramework - Loading credentials from env source
2026-06-01 15:37:56 [10708] INFO  AutomationFramework - [OK] Credentials loaded for: s-prd-clickauto@psav.com
2026-06-01 15:38:03 [10708] INFO  AutomationFramework - [OK] Authenticated session ready via shared storageState
2026-06-01 15:38:03 [10708] INFO  AutomationFramework - LocationNotesPage initialized
2026-06-01 15:38:03 [10708] INFO  AutomationFramework - Navigating to locations/1604/settings/location
2026-06-01 15:38:03 [10708] INFO  AutomationFramework - Navigating to: https://cloudapps-e2e.encoreglobal.com/navigator/locations/1604/settings/location
2026-06-01 15:38:03 [10708] INFO  AutomationFramework - [OK] Navigation successful: https://cloudapps-e2e.encoreglobal.com/navigator/locations/1604/settings/location
2026-06-01 15:38:06 [10708] INFO  AutomationFramework - [OK] Tab active: tabNotes
2026-06-01 15:38:07 [10708] INFO  AutomationFramework - Clicking element: tabNotes
2026-06-01 15:38:09 [10708] INFO  AutomationFramework - [OK] Click successful: tabNotes
2026-06-01 15:38:09 [10708] INFO  AutomationFramework - [OK] Notes ensured empty (DB clean)
2026-06-01 15:38:09 [10708] INFO  AutomationFramework - Clicking element: btnNotesAdd
[...]
</property>
</properties>
<system-out>
<![CDATA[2026-06-01 16:02:34 [18860] INFO  AutomationFramework - LocationSharedSetupLocationsPage initialized
2026-06-01 16:02:38 [18860] INFO  AutomationFramework - [OK] Tab active: tabSharedSetupLocations
2026-06-01 16:02:38 [18860] INFO  AutomationFramework - Toggled self Shares Inventory
2026-06-01 16:02:38 [18860] INFO  AutomationFramework - Change Local Office dialog opened
2026-06-01 16:02:38 [18860] INFO  AutomationFramework - Dialog search: "Denver"
2026-06-01 16:02:39 [18860] INFO  AutomationFramework - Selected first dialog row
2026-06-01 16:02:40 [18860] INFO  AutomationFramework - Dialog Select confirmed, dialog closed
2026-06-01 16:02:40 [18860] INFO  AutomationFramework - Save confirmation dialog appeared -- confirming
2026-06-01 16:02:41 [18860] INFO  AutomationFramework - [OK] Save complete (btnSave)
2026-06-01 16:02:44 [18860] INFO  AutomationFramework - [OK] Tab active: tabSharedSetupLocations
2026-06-01 16:02:44 [18860] INFO  AutomationFramework - Unchecked Radix checkbox: chkSelfSharesInventory
2026-06-01 16:02:44 [18860] INFO  AutomationFramework - Deleted row at index 2
2026-06-01 16:02:45 [18860] INFO  AutomationFramework - Save confirmation dialog appeared -- confirming
2026-06-01 16:02:45 [18860] INFO  AutomationFramework - [OK] Save complete (btnSave)
]]>
</system-out>
</testcase>
<testcase name="Location Shared Setup Locations @locations @shared-setup › TC-LOC-SSL-022: Cancel Save dialog -&gt; changes not persisted after reload" classname="specs\locations\location-shared-setup-locations.spec.ts" time="6.665">
<properties>
<property name="dependsOn" value="TC-LOC-SSL-001">
</property>
</properties>
<system-out>
<![CDATA[2026-06-01 16:02:45 [18860] INFO  AutomationFramework - LocationSharedSetupLocationsPage initialized
2026-06-01 16:02:48 [18860] INFO  AutomationFramework - [OK] Tab active: tabSharedSetupLocations
2026-06-01 16:02:48 [18860] INFO  AutomationFramework - Toggled self Shares Inventory
2026-06-01 16:02:49 [18860] INFO  AutomationFramework - Clicking element: btnSave
2026-06-01 16:02:49 [18860] INFO  AutomationFramework - [OK] Click successful: btnSave
2026-06-01 16:02:49 [18860] INFO  AutomationFramework - Waiting for element: dlgSaveChanges
2026-06-01 16:02:49 [18860] INFO  AutomationFramework - [OK] Element visible: dlgSaveChanges
2026-06-01 16:02:49 [18860] INFO  AutomationFramework - [OK] Save Changes dialog opened (not confirmed)
2026-06-01 16:02:49 [18860] INFO  AutomationFramework - Clicking element: btnSaveChangesCancel
2026-06-01 16:02:49 [18860] INFO  AutomationFramework - [OK] Click successful: btnSaveChangesCancel
2026-06-01 16:02:49 [18860] INFO  AutomationFramework - Cancelled Save Changes dialog
2026-06-01 16:02:49 [18860] INFO  AutomationFramework - [fixture] Auto-accepting beforeunload dialog
2026-06-01 16:02:52 [18860] INFO  AutomationFramework - [OK] Tab active: tabSharedSetupLocations
]]>
</system-out>
</testcase>
<testcase name="Location Shared Setup Locations @locations @shared-setup › TC-LOC-SSL-023: Beforeunload fires when SSL form is dirty" classname="specs\locations\location-shared-setup-locations.spec.ts" time="11.221">
<properties>
<property name="dependsOn" value="TC-LOC-SSL-001">
</property>
</properties>
<system-out>
<![CDATA[2026-06-01 16:02:52 [18860] INFO  AutomationFramework - LocationSharedSetupLocationsPage initialized
2026-06-01 16:02:55 [18860] INFO  AutomationFramework - [OK] Tab active: tabSharedSetupLocations
2026-06-01 16:02:55 [18860] INFO  AutomationFramework - Toggled self Shares Inventory
2026-06-01 16:02:55 [18860] INFO  AutomationFramework - [fixture] Auto-accepting beforeunload dialog
2026-06-01 16:02:55 [18860] INFO  AutomationFramework - Navigating to: https://cloudapps-e2e.encoreglobal.com/navigator/navigator/locations/1604/home
2026-06-01 16:02:56 [18860] INFO  AutomationFramework - [OK] Navigation successful: https://cloudapps-e2e.encoreglobal.com/navigator/navigator/locations/1604/home
2026-06-01 16:03:00 [18860] INFO  AutomationFramework - Navigating to locations/1604/settings/location
2026-06-01 16:03:00 [18860] INFO  AutomationFramework - Navigating to: https://cloudapps-e2e.encoreglobal.com/navigator/locations/1604/settings/location
2026-06-01 16:03:00 [18860] INFO  AutomationFramework - [OK] Navigation successful: https://cloudapps-e2e.encoreglobal.com/navigator/locations/1604/settings/location
2026-06-01 16:03:03 [18860] INFO  AutomationFramework - [OK] Tab active: tabSharedSetupLocations
]]>
</system-out>
</testcase>
<testcase name="Location Shared Setup Locations @locations @shared-setup › TC-LOC-SSL-024: Already-added location is absent from Change Local Office dialog" classname="specs\locations\location-shared-setup-locations.spec.ts" time="28.667">
<properties>
<property name="dependsOn" value="TC-LOC-SSL-001">
</property>
</properties>
<system-out>
<![CDATA[2026-06-01 16:03:03 [18860] INFO  AutomationFramework - LocationSharedSetupLocationsPage initialized
2026-06-01 16:03:06 [18860] INFO  AutomationFramework - [OK] Tab active: tabSharedSetupLocations
2026-06-01 16:03:07 [18860] INFO  AutomationFramework - Change Local Office dialog opened
2026-06-01 16:03:07 [18860] INFO  AutomationFramework - Dialog search: "Atlanta"
2026-06-01 16:03:08 [18860] INFO  AutomationFramework - Selected first dialog row
2026-06-01 16:03:09 [18860] INFO  AutomationFramework - Dialog Select confirmed, dialog closed
2026-06-01 16:03:09 [18860] INFO  AutomationFramework - Save confirmation dialog appeared -- confirming
2026-06-01 16:03:10 [18860] INFO  AutomationFramework - [OK] Save complete (btnSave)
2026-06-01 16:03:11 [18860] INFO  AutomationFramework - Change Local Office dialog opened
2026-06-01 16:03:11 [18860] INFO  AutomationFramework - Dialog search: "1565"

[[ATTACHMENT|test-results\location-shared-setup-loca-68b59--Change-Local-Office-dialog-encore-locations\test-failed-1.png]]

[[ATTACHMENT|test-results\location-shared-setup-loca-68b59--Change-Local-Office-dialog-encore-locations\error-context.md]]

[[ATTACHMENT|test-results\location-shared-setup-loca-68b59--Change-Local-Office-dialog-encore-locations\trace.zip]]
2026-06-01 16:03:15 [23576] INFO  AutomationFramework - Loading credentials from env source
2026-06-01 16:03:15 [23576] INFO  AutomationFramework - [OK] Credentials loaded for: s-prd-clickauto@psav.com
2026-06-01 16:03:23 [23576] INFO  AutomationFramework - [OK] Authenticated session ready via shared storageState
2026-06-01 16:03:23 [23576] INFO  AutomationFramework - LocationSharedSetupLocationsPage initialized
2026-06-01 16:03:23 [23576] INFO  AutomationFramework - Navigating to locations/1604/settings/location
2026-06-01 16:03:23 [23576] INFO  AutomationFramework - Navigating to: https://cloudapps-e2e.encoreglobal.com/navigator/locations/1604/settings/location
2026-06-01 16:03:24 [23576] INFO  AutomationFramework - [OK] Navigation successful: https://cloudapps-e2e.encoreglobal.com/navigator/locations/1604/settings/location
2026-06-01 16:03:28 [23576] INFO  AutomationFramework - [OK] Tab active: tabSharedSetupLocations
2026-06-01 16:03:31 [23576] INFO  AutomationFramework - [OK] Tab active: tabSharedSetupLocations
2026-06-01 16:03:31 [23576] INFO  AutomationFramework - [CLEANUP] Dirty state: non-self=true, SI=true — cleaning
2026-06-01 16:03:31 [23576] INFO  AutomationFramework - Deleted row at index 1
2026-06-01 16:03:31 [23576] INFO  AutomationFramework - Save confirmation dialog appeared -- confirming
2026-06-01 16:03:33 [23576] INFO  AutomationFramework - [OK] Save complete (btnSave)
2026-06-01 16:03:36 [23576] INFO  AutomationFramework - [OK] Tab active: tabSharedSetupLocations
2026-06-01 16:03:37 [23576] INFO  AutomationFramework - Change Local Office dialog opened
2026-06-01 16:03:37 [23576] INFO  AutomationFramework - Dialog search: "Atlanta"
2026-06-01 16:03:38 [23576] INFO  AutomationFramework - Selected first dialog row
2026-06-01 16:03:39 [23576] INFO  AutomationFramework - Dialog Select confirmed, dialog closed
2026-06-01 16:03:39 [23576] INFO  AutomationFramework - Save confirmation dialog appeared -- confirming
2026-06-01 16:03:40 [23576] INFO  AutomationFramework - [OK] Save complete (btnSave)
2026-06-01 16:03:40 [23576] INFO  AutomationFramework - Change Local Office dialog opened
2026-06-01 16:03:40 [23576] INFO  AutomationFramework - Dialog search: "1565"

[[ATTACHMENT|test-results\location-shared-setup-loca-68b59--Change-Local-Office-dialog-encore-locations-retry1\test-failed-1.png]]

[[ATTACHMENT|test-results\location-shared-setup-loca-68b59--Change-Local-Office-dialog-encore-locations-retry1\error-context.md]]

[[ATTACHMENT|test-results\location-shared-setup-loca-68b59--Change-Local-Office-dialog-encore-locations-retry1\trace.zip]]
]]>
</system-out>
<failure message="expect(received).not.toBe(expected) // Object.is equality" type="expect.not.toBe">
<![CDATA[  [encore-locations] › specs\locations\location-shared-setup-locations.spec.ts:837:7 › Location Shared Setup Locations @locations @shared-setup › TC-LOC-SSL-024: Already-added location is absent from Change Local Office dialog 

    Error: expect(received).not.toBe(expected) // Object.is equality

    Expected: not "1565"

      858 |     await expect.poll(() => pg.getDialogRowCount(), { timeout: 8_000 }).toBe(1);
      859 |     const row = await pg.getFirstDialogRowText();
    > 860 |     expect(row.localOffice).not.toBe(added!.localOffice);
          |                                 ^
      861 |     await pg.clickDialogCancel();
      862 |  // Cleanup: delete + save (use dynamic index)
      863 |     await pg.deleteNonSelfRow(added!.index);
        at C:\Users\rutvi\projects\encore_framework\clients\encore\specs\locations\location-shared-setup-locations.spec.ts:860:33

    attachment #1: screenshot (image/png) ──────────────────────────────────────────────────────────
    reports\test-results\location-shared-setup-loca-68b59--Change-Local-Office-dialog-encore-locations\test-failed-1.png
    ────────────────────────────────────────────────────────────────────────────────────────────────

    Error Context: reports\test-results\location-shared-setup-loca-68b59--Change-Local-Office-dialog-encore-locations\error-context.md

    attachment #4: trace (application/zip) ─────────────────────────────────────────────────────────
    reports\test-results\location-shared-setup-loca-68b59--Change-Local-Office-dialog-encore-locations\trace.zip
    Usage:

        npx playwright show-trace reports\test-results\location-shared-setup-loca-68b59--Change-Local-Office-dialog-encore-locations\trace.zip

    ────────────────────────────────────────────────────────────────────────────────────────────────

    Retry #1 ───────────────────────────────────────────────────────────────────────────────────────

    Error: expect(received).not.toBe(expected) // Object.is equality

    Expected: not "1565"

      858 |     await expect.poll(() => pg.getDialogRowCount(), { timeout: 8_000 }).toBe(1);
      859 |     const row = await pg.getFirstDialogRowText();
    > 860 |     expect(row.localOffice).not.toBe(added!.localOffice);
          |                                 ^
      861 |     await pg.clickDialogCancel();
      862 |  // Cleanup: delete + save (use dynamic index)
      863 |     await pg.deleteNonSelfRow(added!.index);
        at C:\Users\rutvi\projects\encore_framework\clients\encore\specs\locations\location-shared-setup-locations.spec.ts:860:33

    attachment #1: screenshot (image/png) ──────────────────────────────────────────────────────────
    reports\test-results\location-shared-setup-loca-68b59--Change-Local-Office-dialog-encore-locations-retry1\test-failed-1.png
    ────────────────────────────────────────────────────────────────────────────────────────────────

    Error Context: reports\test-results\location-shared-setup-loca-68b59--Change-Local-Office-dialog-encore-locations-retry1\error-context.md

    attachment #4: trace (application/zip) ─────────────────────────────────────────────────────────
    reports\test-results\location-shared-setup-loca-68b59--Change-Local-Office-dialog-encore-locations-retry1\trace.zip
    Usage:

        npx playwright show-trace reports\test-results\location-shared-setup-loca-68b59--Change-Local-Office-dialog-encore-locations-retry1\trace.zip

    ────────────────────────────────────────────────────────────────────────────────────────────────
]]>
</failure>
</testcase>
<testcase name="Location Shared Setup Locations @locations @shared-setup › TC-LOC-SSL-025: Each column header testid resolves to expected text" classname="specs\locations\location-shared-setup-locations.spec.ts" time="4.113">
<properties>
<property name="dependsOn" value="TC-LOC-SSL-001">
</property>
</properties>
<system-out>
<![CDATA[2026-06-01 16:03:45 [28408] INFO  AutomationFramework - Loading credentials from env source
2026-06-01 16:03:45 [28408] INFO  AutomationFramework - [OK] Credentials loaded for: s-prd-clickauto@psav.com
2026-06-01 16:03:51 [28408] INFO  AutomationFramework - [OK] Authenticated session ready via shared storageState
2026-06-01 16:03:51 [28408] INFO  AutomationFramework - LocationSharedSetupLocationsPage initialized
2026-06-01 16:03:51 [28408] INFO  AutomationFramework - Navigating to locations/1604/settings/location
2026-06-01 16:03:51 [28408] INFO  AutomationFramework - Navigating to: https://cloudapps-e2e.encoreglobal.com/navigator/locations/1604/settings/location
2026-06-01 16:03:52 [28408] INFO  AutomationFramework - [OK] Navigation successful: https://cloudapps-e2e.encoreglobal.com/navigator/locations/1604/settings/location
2026-06-01 16:03:55 [28408] INFO  AutomationFramework - [OK] Tab active: tabSharedSetupLocations
]]>
</system-out>
</testcase>
<testcase name="Location Shared Setup Locations @locations @shared-setup › TC-LOC-SSL-026: Dialog number-search &quot;1233&quot; returns exactly the Miami Marriott office" classname="specs\locations\location-shared-setup-locations.spec.ts">
<properties>
<property name="fixme" value="Blocked by app bug: Miami-region offices excluded from /api/location/location-lookup visibility filter; search &quot;1233&quot; returns phantom row with empty localOffice cell. Pending Encore fix. Verified-still-blocked 2026-05-22 by user manual probe; see BUG-LOC-SHR-001 + baseline divergence SHR-DIV-006.">
</property>
</properties>
<skipped>
</skipped>
</testcase>
<testcase name="Location Shared Setup Locations @locations @shared-setup › TC-LOC-SSL-027: Combined self SI + add non-Miami row + save persists both after reload" classname="specs\locations\location-shared-setup-locations.spec.ts" time="17.072">
<properties>
<property name="dependsOn" value="TC-LOC-SSL-001">
</property>
</properties>
<system-out>
<![CDATA[2026-06-01 16:03:56 [28408] INFO  AutomationFramework - LocationSharedSetupLocationsPage initialized
2026-06-01 16:03:59 [28408] INFO  AutomationFramework - [OK] Tab active: tabSharedSetupLocations
2026-06-01 16:03:59 [28408] INFO  AutomationFramework - [CLEANUP] Dirty state: non-self=true, SI=true — cleaning
2026-06-01 16:03:59 [28408] INFO  AutomationFramework - Deleted row at index 1
2026-06-01 16:03:59 [28408] INFO  AutomationFramework - Save confirmation dialog appeared -- confirming
2026-06-01 16:04:00 [28408] INFO  AutomationFramework - [OK] Save complete (btnSave)
2026-06-01 16:04:03 [28408] INFO  AutomationFramework - [OK] Tab active: tabSharedSetupLocations
2026-06-01 16:04:03 [28408] INFO  AutomationFramework - Toggled self Shares Inventory
2026-06-01 16:04:03 [28408] INFO  AutomationFramework - Change Local Office dialog opened
2026-06-01 16:04:03 [28408] INFO  AutomationFramework - Dialog search: "Chicago"
2026-06-01 16:04:06 [28408] INFO  AutomationFramework - Selected first dialog row
2026-06-01 16:04:07 [28408] INFO  AutomationFramework - Dialog Select confirmed, dialog closed
2026-06-01 16:04:07 [28408] INFO  AutomationFramework - Save confirmation dialog appeared -- confirming
2026-06-01 16:04:08 [28408] INFO  AutomationFramework - [OK] Save complete (btnSave)
2026-06-01 16:04:11 [28408] INFO  AutomationFramework - [OK] Tab active: tabSharedSetupLocations
2026-06-01 16:04:12 [28408] INFO  AutomationFramework - Unchecked Radix checkbox: chkSelfSharesInventory
2026-06-01 16:04:12 [28408] INFO  AutomationFramework - Deleted row at index 1
2026-06-01 16:04:12 [28408] INFO  AutomationFramework - Save confirmation dialog appeared -- confirming
2026-06-01 16:04:13 [28408] INFO  AutomationFramework - [OK] Save complete (btnSave)
]]>
</system-out>
</testcase>
<testcase name="Location Shared Setup Locations @locations @shared-setup › TC-LOC-SSL-028: Top-tab switch with dirty form shows Unsaved Changes dialog; Stay preserves state" classname="specs\locations\location-shared-setup-locations.spec.ts" time="17.007">
<properties>
<property name="dependsOn" value="TC-LOC-SSL-001">
</property>
</properties>
<system-out>
<![CDATA[2026-06-01 16:04:13 [28408] INFO  AutomationFramework - LocationSharedSetupLocationsPage initialized
2026-06-01 16:04:16 [28408] INFO  AutomationFramework - [OK] Tab active: tabSharedSetupLocations
2026-06-01 16:04:16 [28408] INFO  AutomationFramework - [CLEANUP] Dirty state: non-self=false, SI=true — cleaning
2026-06-01 16:04:16 [28408] INFO  AutomationFramework - Unchecked Radix checkbox: chkSelfSharesInventory
2026-06-01 16:04:16 [28408] INFO  AutomationFramework - Save confirmation dialog appeared -- confirming
2026-06-01 16:04:17 [28408] INFO  AutomationFramework - [OK] Save complete (btnSave)
2026-06-01 16:04:21 [28408] INFO  AutomationFramework - [OK] Tab active: tabSharedSetupLocations
2026-06-01 16:04:21 [28408] INFO  AutomationFramework - Toggled self Shares Inventory
2026-06-01 16:04:22 [28408] INFO  AutomationFramework - Clicked top-level tab: tabLocationManagementHistory
2026-06-01 16:04:22 [28408] INFO  AutomationFramework - Navigating to: https://cloudapps-e2e.encoreglobal.com/navigator/navigator/locations/1604/home
2026-06-01 16:04:22 [28408] INFO  AutomationFramework - [fixture] Auto-accepting beforeunload dialog
2026-06-01 16:04:22 [28408] INFO  AutomationFramework - [OK] Navigation successful: https://cloudapps-e2e.encoreglobal.com/navigator/navigator/locations/1604/home
2026-06-01 16:04:26 [28408] INFO  AutomationFramework - Navigating to locations/1604/settings/location
2026-06-01 16:04:26 [28408] INFO  AutomationFramework - Navigating to: https://cloudapps-e2e.encoreglobal.com/navigator/locations/1604/settings/location
2026-06-01 16:04:27 [28408] INFO  AutomationFramework - [OK] Navigation successful: https://cloudapps-e2e.encoreglobal.com/navigator/locations/1604/settings/location
2026-06-01 16:04:30 [28408] INFO  AutomationFramework - [OK] Tab active: tabSharedSetupLocations
]]>
</system-out>
</testcase>
<testcase name="Location Shared Setup Locations @locations @shared-setup › TC-LOC-SSL-029: Five rapid Add-button clicks open exactly one dialog" classname="specs\locations\location-shared-setup-locations.spec.ts" time="0.693">
<properties>
<property name="dependsOn" value="TC-LOC-SSL-001">
</property>
</properties>
<system-out>
<![CDATA[2026-06-01 16:04:30 [28408] INFO  AutomationFramework - LocationSharedSetupLocationsPage initialized
2026-06-01 16:04:30 [28408] INFO  AutomationFramework - rapidClickAdd: fired 5 clicks at 50ms intervals
2026-06-01 16:04:30 [28408] INFO  AutomationFramework - Dialog Cancel clicked, dialog closed
]]>
</system-out>
</testcase>
<testcase name="Location Shared Setup Locations @locations @shared-setup › TC-LOC-SSL-030: Add three non-Miami rows + save + reload → all three persist" classname="specs\locations\location-shared-setup-locations.spec.ts">
<properties>
<property name="fixme" value="Blocked by app bug: random per-row Delete button becomes non-clickable after add+save+reload; cleanup loop spins forever clicking the dead button. Pending Encore fix.">
</property>
</properties>
<skipped>
</skipped>
</testcase>
</testsuite>
</testsuites>